gamedata\anims\camera_effects\weapon\harvest_success_hands_eat.anm
NEWFLDR|gamedata\anims\inverted_itemuse_anm_effects\
gamedata\anims\inverted_itemuse_anm_effects\drink_flask.anm
NEWFLDR|gamedata\anims\itemuse_anm_effects\
gamedata\anims\itemuse_anm_effects\antirad.anm
gamedata\anims\itemuse_anm_effects\antirad_use.anm
gamedata\anims\itemuse_anm_effects\aptechka_use.anm
gamedata\anims\itemuse_anm_effects\banka_use.anm
gamedata\anims\itemuse_anm_effects\bint_use.anm
gamedata\anims\itemuse_anm_effects\butilka_steklo_1_hands_eat_alt_1_invtrans.anm
gamedata\anims\itemuse_anm_effects\butilka_steklo_use.anm
gamedata\anims\itemuse_anm_effects\drink_flask.anm
gamedata\anims\itemuse_anm_effects\drug_tabletos_use.anm
gamedata\anims\itemuse_anm_effects\eat_kolbasa_d_use_h.anm
gamedata\anims\itemuse_anm_effects\eat_tushonka_d_use_h.anm
gamedata\anims\itemuse_anm_effects\harvest_gather_meat_use.anm
gamedata\anims\itemuse_anm_effects\harvest_lean_down_main.anm
gamedata\anims\itemuse_anm_effects\harvest_lean_down_main_headbob.anm
gamedata\anims\itemuse_anm_effects\harvest_loot.anm
gamedata\anims\itemuse_anm_effects\harvest_skin_use.anm
gamedata\anims\itemuse_anm_effects\inverted_drink_flask.anm
gamedata\anims\itemuse_anm_effects\mre_hands_use.anm
gamedata\anims\itemuse_anm_effects\mre_use.anm
gamedata\anims\itemuse_anm_effects\tabletki_use.anm
gamedata\anims\itemuse_anm_effects\test.anm
gamedata\anims\itemuse_anm_effects\vodka_use.anm
gamedata\anims\itemuse_anm_effects\water_flask.anm
gamedata\anims\itemuse_anm_effects\water_flask2.anm
gamedata\anims\itemuse_anm_effects\water_flask_hands.anm
gamedata\anims\itemuse_anm_effects\water_flask_handsanm.anm
NEWFLDR|gamedata\configs\items\
NEWFLDR|gamedata\configs\items\items\
gamedata\configs\items\items\animations_settings.ltx
gamedata\configs\items\items\anims_cigga_smoke.ltx
gamedata\configs\items\items\anims_list.ltx
gamedata\configs\items\items\anims_loot_list.ltx
gamedata\configs\items\items\anims_skip.ltx
gamedata\configs\items\items\items_anm_antirad.ltx
gamedata\configs\items\items\items_anm_bints.ltx
gamedata\configs\items\items\items_anm_drinks.ltx
gamedata\configs\items\items\items_anm_dummy.ltx
gamedata\configs\items\items\items_anm_food.ltx
gamedata\configs\items\items\items_anm_harvest.ltx
gamedata\configs\items\items\items_anm_medkit.ltx
gamedata\configs\items\items\items_anm_napitki_banki.ltx
gamedata\configs\items\items\items_anm_napitki_butilki_steklo.ltx
gamedata\configs\items\items\items_anm_tabletki.ltx
gamedata\configs\items\items\items_anm_vodka.ltx
gamedata\configs\text\eng\EA_add_include.xml
gamedata\configs\text\eng\EA_script_texts.xml
gamedata\configs\text\rus\EA_add_include.xml
gamedata\configs\text\rus\EA_script_texts.xml
NEWFLDR|gamedata\meshes\anomaly_weapons\
NEWFLDR|gamedata\meshes\anomaly_weapons\hud_hands_animation\
gamedata\meshes\anomaly_weapons\hud_hands_animation\zzzz_ea_a_main.omf
gamedata\meshes\anomaly_weapons\hud_hands_animation\zzzz_ea_cigar1.omf
gamedata\meshes\anomaly_weapons\hud_hands_animation\zzzz_ea_mre.omf
gamedata\meshes\anomaly_weapons\hud_hands_animation\zzzz_ea_pickup.omf
gamedata\meshes\anomaly_weapons\hud_hands_animation\zzzz_ea_pills_jar.omf
gamedata\meshes\anomaly_weapons\hud_hands_animation\zzzz_ea_syringe.omf
gamedata\meshes\anomaly_weapons\hud_hands_animation\zzzz_ea_vodka_metal.omf
NEWFLDR|gamedata\meshes\dynamics\
NEWFLDR|gamedata\meshes\dynamics\weapons\
NEWFLDR|gamedata\meshes\dynamics\weapons\wpn_eat\
gamedata\meshes\dynamics\weapons\wpn_eat\fake_item.ogf
NEWFLDR|gamedata\meshes\dynamics\weapons\wpn_eat\aptechki\
gamedata\meshes\dynamics\weapons\wpn_eat\aptechki\wpn_aptechka_army_hud.ogf
gamedata\meshes\dynamics\weapons\wpn_eat\aptechki\wpn_aptechka_basic_hud.ogf
gamedata\meshes\dynamics\weapons\wpn_eat\aptechki\wpn_aptechka_elite_hud.ogf
gamedata\meshes\dynamics\weapons\wpn_eat\aptechki\wpn_aptechka_scientific_hud.ogf
gamedata\meshes\dynamics\weapons\wpn_eat\aptechki\wpn_aptechki_hud_anims.omf
NEWFLDR|gamedata\meshes\dynamics\weapons\wpn_eat\banki\
gamedata\meshes\dynamics\weapons\wpn_eat\banki\banki_hud_animations.omf
gamedata\meshes\dynamics\weapons\wpn_eat\banki\wpn_banka_1_redbull_hud.ogf
gamedata\meshes\dynamics\weapons\wpn_eat\banki\wpn_banka_2_artezian_hud.ogf
gamedata\meshes\dynamics\weapons\wpn_eat\banki\wpn_banka_3_heiniken_hud.ogf
gamedata\meshes\dynamics\weapons\wpn_eat\banki\wpn_banka_chmielnitskoe_hud.ogf
gamedata\meshes\dynamics\weapons\wpn_eat\banki\wpn_banka_energy_hud.ogf
gamedata\meshes\dynamics\weapons\wpn_eat\banki\wpn_banka_nonstop_hud.ogf
NEWFLDR|gamedata\meshes\dynamics\weapons\wpn_eat\bints\
gamedata\meshes\dynamics\weapons\wpn_eat\bints\wpn_bints_hud_anims.omf
gamedata\meshes\dynamics\weapons\wpn_eat\bints\wpn_bint_basic_hud.ogf
gamedata\meshes\dynamics\weapons\wpn_eat\bints\wpn_bint_bio_hud.ogf
gamedata\meshes\dynamics\weapons\wpn_eat\bints\wpn_bint_dolg_hud.ogf
gamedata\meshes\dynamics\weapons\wpn_eat\bints\wpn_bint_israeli_hud.ogf
NEWFLDR|gamedata\meshes\dynamics\weapons\wpn_eat\butilki_steklo\
gamedata\meshes\dynamics\weapons\wpn_eat\butilki_steklo\butilki_steklo_hud_animations.omf
gamedata\meshes\dynamics\weapons\wpn_eat\butilki_steklo\wpn_butilka_steklo_baltika3_hud.ogf
gamedata\meshes\dynamics\weapons\wpn_eat\butilki_steklo\wpn_butilka_steklo_cocacola_hud.ogf
gamedata\meshes\dynamics\weapons\wpn_eat\butilki_steklo\wpn_butilka_steklo_pripiat_hud.ogf
gamedata\meshes\dynamics\weapons\wpn_eat\butilki_steklo\wpn_butilka_steklo_slavutich_hud.ogf
NEWFLDR|gamedata\meshes\dynamics\weapons\wpn_eat\conservi\
gamedata\meshes\dynamics\weapons\wpn_eat\conservi\eat_animation.omf
gamedata\meshes\dynamics\weapons\wpn_eat\conservi\eat_mre_animation.omf
gamedata\meshes\dynamics\weapons\wpn_eat\conservi\wpn_eat_chease.ogf
gamedata\meshes\dynamics\weapons\wpn_eat\conservi\wpn_eat_conserva.ogf
gamedata\meshes\dynamics\weapons\wpn_eat\conservi\wpn_eat_corn.ogf
gamedata\meshes\dynamics\weapons\wpn_eat\conservi\wpn_eat_mre_chease.ogf
gamedata\meshes\dynamics\weapons\wpn_eat\conservi\wpn_eat_olives.ogf
gamedata\meshes\dynamics\weapons\wpn_eat\conservi\wpn_eat_orehi.ogf
gamedata\meshes\dynamics\weapons\wpn_eat\conservi\wpn_eat_sardina.ogf
gamedata\meshes\dynamics\weapons\wpn_eat\conservi\wpn_eat_tushonka.ogf
gamedata\meshes\dynamics\weapons\wpn_eat\conservi\wpn_tushka_animations.omf
NEWFLDR|gamedata\meshes\dynamics\weapons\wpn_eat\drinks\
gamedata\meshes\dynamics\weapons\wpn_eat\drinks\wpn_drug_booster_hud.ogf
gamedata\meshes\dynamics\weapons\wpn_eat\drinks\wpn_flask2_eat.ogf
gamedata\meshes\dynamics\weapons\wpn_eat\drinks\wpn_flask3_eat.ogf
gamedata\meshes\dynamics\weapons\wpn_eat\drinks\wpn_flask_eat.ogf
gamedata\meshes\dynamics\weapons\wpn_eat\drinks\wpn_voda_hud.ogf
gamedata\meshes\dynamics\weapons\wpn_eat\drinks\wpn_water_flask_eat.ogf
NEWFLDR|gamedata\meshes\dynamics\weapons\wpn_eat\food\
gamedata\meshes\dynamics\weapons\wpn_eat\food\drink_flask.omf
gamedata\meshes\dynamics\weapons\wpn_eat\food\eat_animation.omf
gamedata\meshes\dynamics\weapons\wpn_eat\food\meat_bloodsucker.ogf
gamedata\meshes\dynamics\weapons\wpn_eat\food\plate_eat.omf
gamedata\meshes\dynamics\weapons\wpn_eat\food\water_flask.omf
gamedata\meshes\dynamics\weapons\wpn_eat\food\water_flask2.omf
gamedata\meshes\dynamics\weapons\wpn_eat\food\wpn_eat_crow.ogf
gamedata\meshes\dynamics\weapons\wpn_eat\food\wpn_eat_hleb.ogf
gamedata\meshes\dynamics\weapons\wpn_eat\food\wpn_eat_kolbasa.ogf
gamedata\meshes\dynamics\weapons\wpn_eat\food\wpn_eat_kolbasa_hud_animation.omf
gamedata\meshes\dynamics\weapons\wpn_eat\food\wpn_eat_plat1.ogf
gamedata\meshes\dynamics\weapons\wpn_eat\food\wpn_eat_plate.ogf.bak
gamedata\meshes\dynamics\weapons\wpn_eat\food\wpn_eat_plate_bloodsucker.ogf
gamedata\meshes\dynamics\weapons\wpn_eat\food\wpn_eat_plate_chimera.ogf
gamedata\meshes\dynamics\weapons\wpn_eat\food\wpn_eat_plate_dog.ogf
gamedata\meshes\dynamics\weapons\wpn_eat\food\wpn_eat_plate_psdog.ogf
gamedata\meshes\dynamics\weapons\wpn_eat\food\wpn_eat_rat.ogf
NEWFLDR|gamedata\meshes\dynamics\weapons\wpn_eat\harvest\
NEWFLDR|gamedata\meshes\dynamics\weapons\wpn_eat\harvest\meat_1\
gamedata\meshes\dynamics\weapons\wpn_eat\harvest\meat_1\wpn_harvest_meat_1_hud.ogf
gamedata\meshes\dynamics\weapons\wpn_eat\harvest\meat_1\wpn_harvest_meat_boar_hud.ogf
gamedata\meshes\dynamics\weapons\wpn_eat\harvest\meat_1\wpn_harvest_meat_burer_hud.ogf
gamedata\meshes\dynamics\weapons\wpn_eat\harvest\meat_1\wpn_harvest_meat_cat_hud.ogf
gamedata\meshes\dynamics\weapons\wpn_eat\harvest\meat_1\wpn_harvest_meat_contr_hud.ogf
gamedata\meshes\dynamics\weapons\wpn_eat\harvest\meat_1\wpn_harvest_meat_dog_hud.ogf
gamedata\meshes\dynamics\weapons\wpn_eat\harvest\meat_1\wpn_harvest_meat_ear_hud.ogf
gamedata\meshes\dynamics\weapons\wpn_eat\harvest\meat_1\wpn_harvest_meat_eye_hud.ogf
gamedata\meshes\dynamics\weapons\wpn_eat\harvest\meat_1\wpn_harvest_meat_flesh_hud.ogf
gamedata\meshes\dynamics\weapons\wpn_eat\harvest\meat_1\wpn_harvest_meat_fracture_hud.ogf
gamedata\meshes\dynamics\weapons\wpn_eat\harvest\meat_1\wpn_harvest_meat_himera_hud.ogf
gamedata\meshes\dynamics\weapons\wpn_eat\harvest\meat_1\wpn_harvest_meat_hud.ogf
gamedata\meshes\dynamics\weapons\wpn_eat\harvest\meat_1\wpn_harvest_meat_krovosos_hud.ogf
gamedata\meshes\dynamics\weapons\wpn_eat\harvest\meat_1\wpn_harvest_meat_nose_hud.ogf
gamedata\meshes\dynamics\weapons\wpn_eat\harvest\meat_1\wpn_harvest_meat_polter_hud.ogf
gamedata\meshes\dynamics\weapons\wpn_eat\harvest\meat_1\wpn_harvest_meat_pseudodog_hud.ogf
gamedata\meshes\dynamics\weapons\wpn_eat\harvest\meat_1\wpn_harvest_meat_snork_hud.ogf
gamedata\meshes\dynamics\weapons\wpn_eat\harvest\meat_1\wpn_harvest_meat_tushkan_tail_hud.ogf
gamedata\meshes\dynamics\weapons\wpn_eat\harvest\meat_1\wpn_harvest_meat_zombie_hud.ogf
NEWFLDR|gamedata\meshes\dynamics\weapons\wpn_eat\injectors\
gamedata\meshes\dynamics\weapons\wpn_eat\injectors\cigar1.ogf
gamedata\meshes\dynamics\weapons\wpn_eat\injectors\cigar1.omf
gamedata\meshes\dynamics\weapons\wpn_eat\injectors\cigar2.ogf
gamedata\meshes\dynamics\weapons\wpn_eat\injectors\cigar3.ogf
gamedata\meshes\dynamics\weapons\wpn_eat\injectors\cigarettes.ogf
gamedata\meshes\dynamics\weapons\wpn_eat\injectors\cigarettes_lucky.ogf
gamedata\meshes\dynamics\weapons\wpn_eat\injectors\cigarettes_russian.ogf
gamedata\meshes\dynamics\weapons\wpn_eat\injectors\injector_big_hud_anims.omf
gamedata\meshes\dynamics\weapons\wpn_eat\injectors\syringe.omf
gamedata\meshes\dynamics\weapons\wpn_eat\injectors\syringe2.omf
gamedata\meshes\dynamics\weapons\wpn_eat\injectors\syringer_guns.ogf
gamedata\meshes\dynamics\weapons\wpn_eat\injectors\syringe_def.ogf
gamedata\meshes\dynamics\weapons\wpn_eat\injectors\wpn_injector_big_antirad_hud.ogf
gamedata\meshes\dynamics\weapons\wpn_eat\injectors\wpn_injector_big_stimpack_army_hud.ogf
gamedata\meshes\dynamics\weapons\wpn_eat\injectors\wpn_injector_big_stimpack_scientic_hud.ogf
gamedata\meshes\dynamics\weapons\wpn_eat\injectors\wpn_syringe1.omf
gamedata\meshes\dynamics\weapons\wpn_eat\injectors\wpn_syringe_hud.ogf
NEWFLDR|gamedata\meshes\dynamics\weapons\wpn_eat\psut\
gamedata\meshes\dynamics\weapons\wpn_eat\psut\wpn_can_beanz.ogf
gamedata\meshes\dynamics\weapons\wpn_eat\psut\wpn_can_chilibeans.ogf
gamedata\meshes\dynamics\weapons\wpn_eat\psut\wpn_can_corn.ogf
gamedata\meshes\dynamics\weapons\wpn_eat\psut\wpn_can_tomatoes.ogf
gamedata\meshes\dynamics\weapons\wpn_eat\psut\wpn_can_tuna.ogf
gamedata\meshes\dynamics\weapons\wpn_eat\psut\wpn_can_tushonka.ogf
gamedata\meshes\dynamics\weapons\wpn_eat\psut\wpn_tablet_akvatab_hud.ogf
gamedata\meshes\dynamics\weapons\wpn_eat\psut\wpn_tablet_yadulin_hud.ogf
NEWFLDR|gamedata\meshes\dynamics\weapons\wpn_eat\tabletki\
gamedata\meshes\dynamics\weapons\wpn_eat\tabletki\wpn_tabletki_1_0_drug_coagulant_hud.ogf
gamedata\meshes\dynamics\weapons\wpn_eat\tabletki\wpn_tabletki_2_0_drug_antidot_hud.ogf
gamedata\meshes\dynamics\weapons\wpn_eat\tabletki\wpn_tabletki_3_0_drug_radioprotector_hud.ogf
gamedata\meshes\dynamics\weapons\wpn_eat\tabletki\wpn_tabletki_antibio_sulfad_hud.ogf
gamedata\meshes\dynamics\weapons\wpn_eat\tabletki\wpn_tabletki_antiemetic_hud.ogf
gamedata\meshes\dynamics\weapons\wpn_eat\tabletki\wpn_tabletki_antirad_kalium_hud.ogf
gamedata\meshes\dynamics\weapons\wpn_eat\tabletki\wpn_tabletki_caffeine_hud.ogf
gamedata\meshes\dynamics\weapons\wpn_eat\tabletki\wpn_tabletki_drug_antidot_hud.ogf
gamedata\meshes\dynamics\weapons\wpn_eat\tabletki\wpn_tabletki_drug_coagulant_hud.ogf
gamedata\meshes\dynamics\weapons\wpn_eat\tabletki\wpn_tabletki_drug_hemical_hud.ogf
gamedata\meshes\dynamics\weapons\wpn_eat\tabletki\wpn_tabletki_drug_psi_hud.ogf
gamedata\meshes\dynamics\weapons\wpn_eat\tabletki\wpn_tabletki_drug_radioprotector_hud.ogf
gamedata\meshes\dynamics\weapons\wpn_eat\tabletki\wpn_tabletki_psy_blocade_hud.ogf
gamedata\meshes\dynamics\weapons\wpn_eat\tabletki\wpn_tabletki_sleepingpills_hud.ogf
NEWFLDR|gamedata\meshes\dynamics\weapons\wpn_eat\vodki\
gamedata\meshes\dynamics\weapons\wpn_eat\vodki\wpn_vodka_cmuphob_hud.ogf
gamedata\meshes\dynamics\weapons\wpn_eat\vodki\wpn_vodka_hemupob_hud.ogf
gamedata\meshes\dynamics\weapons\wpn_eat\vodki\wpn_vodka_kazaki_hud.ogf
gamedata\meshes\dynamics\weapons\wpn_eat\vodki\wpn_vodka_wine_hud.ogf
NEWFLDR|gamedata\meshes\dynamics\weapons\wpn_eat\world_models\
NEWFLDR|gamedata\meshes\dynamics\weapons\wpn_eat\world_models\aptechki\
gamedata\meshes\dynamics\weapons\wpn_eat\world_models\aptechki\aptechka_army_world.ogf
gamedata\meshes\dynamics\weapons\wpn_eat\world_models\aptechki\aptechka_basic_world.ogf
gamedata\meshes\dynamics\weapons\wpn_eat\world_models\aptechki\aptechka_elite_world.ogf
gamedata\meshes\dynamics\weapons\wpn_eat\world_models\aptechki\aptechka_scientific_world.ogf
NEWFLDR|gamedata\meshes\dynamics\weapons\wpn_eat\world_models\banki\
gamedata\meshes\dynamics\weapons\wpn_eat\world_models\banki\banka_1_redbull_world.ogf
gamedata\meshes\dynamics\weapons\wpn_eat\world_models\banki\banka_2_artezian_world.ogf
gamedata\meshes\dynamics\weapons\wpn_eat\world_models\banki\banka_3_heiniken_world.ogf
gamedata\meshes\dynamics\weapons\wpn_eat\world_models\banki\banka_artezian_world.ogf
gamedata\meshes\dynamics\weapons\wpn_eat\world_models\banki\banka_chmielnitskoe_world.ogf
gamedata\meshes\dynamics\weapons\wpn_eat\world_models\banki\banka_energy_world.ogf
gamedata\meshes\dynamics\weapons\wpn_eat\world_models\banki\banka_heiniken_world.ogf
gamedata\meshes\dynamics\weapons\wpn_eat\world_models\banki\banka_nonstop_world.ogf
gamedata\meshes\dynamics\weapons\wpn_eat\world_models\banki\banka_redbull_world.ogf
NEWFLDR|gamedata\meshes\dynamics\weapons\wpn_eat\world_models\bints\
gamedata\meshes\dynamics\weapons\wpn_eat\world_models\bints\bint_basic_world.ogf
gamedata\meshes\dynamics\weapons\wpn_eat\world_models\bints\bint_bio_world.ogf
gamedata\meshes\dynamics\weapons\wpn_eat\world_models\bints\bint_dolg_world.ogf
gamedata\meshes\dynamics\weapons\wpn_eat\world_models\bints\bint_israeli_world.ogf
NEWFLDR|gamedata\meshes\dynamics\weapons\wpn_eat\world_models\butilki_steklo\
gamedata\meshes\dynamics\weapons\wpn_eat\world_models\butilki_steklo\butilka_steklo_baltika3_world.ogf
gamedata\meshes\dynamics\weapons\wpn_eat\world_models\butilki_steklo\butilka_steklo_cocacola_world.ogf
gamedata\meshes\dynamics\weapons\wpn_eat\world_models\butilki_steklo\butilka_steklo_pripiat_world.ogf
gamedata\meshes\dynamics\weapons\wpn_eat\world_models\butilki_steklo\butilka_steklo_slavutich_world.ogf
NEWFLDR|gamedata\meshes\dynamics\weapons\wpn_eat\world_models\conservi\
gamedata\meshes\dynamics\weapons\wpn_eat\world_models\conservi\conserva.ogf
gamedata\meshes\dynamics\weapons\wpn_eat\world_models\conservi\corn.ogf
gamedata\meshes\dynamics\weapons\wpn_eat\world_models\conservi\olives.ogf
gamedata\meshes\dynamics\weapons\wpn_eat\world_models\conservi\orehi.ogf
gamedata\meshes\dynamics\weapons\wpn_eat\world_models\conservi\sardina.ogf
gamedata\meshes\dynamics\weapons\wpn_eat\world_models\conservi\tushonka.ogf
gamedata\meshes\dynamics\weapons\wpn_eat\world_models\conservi\wpn_conserva.ogf
NEWFLDR|gamedata\meshes\dynamics\weapons\wpn_eat\world_models\drinks\
gamedata\meshes\dynamics\weapons\wpn_eat\world_models\drinks\wpn_drug_booster.ogf
gamedata\meshes\dynamics\weapons\wpn_eat\world_models\drinks\wpn_voda.ogf
NEWFLDR|gamedata\meshes\dynamics\weapons\wpn_eat\world_models\flacons\
gamedata\meshes\dynamics\weapons\wpn_eat\world_models\flacons\flacon_antirad_world.ogf
NEWFLDR|gamedata\meshes\dynamics\weapons\wpn_eat\world_models\food\
gamedata\meshes\dynamics\weapons\wpn_eat\world_models\food\wpn_bread.ogf
gamedata\meshes\dynamics\weapons\wpn_eat\world_models\food\wpn_crow.ogf
gamedata\meshes\dynamics\weapons\wpn_eat\world_models\food\wpn_kolbasa.ogf
gamedata\meshes\dynamics\weapons\wpn_eat\world_models\food\wpn_rat.ogf
NEWFLDR|gamedata\meshes\dynamics\weapons\wpn_eat\world_models\injectors\
gamedata\meshes\dynamics\weapons\wpn_eat\world_models\injectors\injector_big_world.ogf
NEWFLDR|gamedata\meshes\dynamics\weapons\wpn_eat\world_models\tabletki\
gamedata\meshes\dynamics\weapons\wpn_eat\world_models\tabletki\tabletki_antidot_world.ogf
gamedata\meshes\dynamics\weapons\wpn_eat\world_models\tabletki\tabletki_coagulant_world.ogf
gamedata\meshes\dynamics\weapons\wpn_eat\world_models\tabletki\tabletki_hemical_world.ogf
gamedata\meshes\dynamics\weapons\wpn_eat\world_models\tabletki\tabletki_psi_world.ogf
gamedata\meshes\dynamics\weapons\wpn_eat\world_models\tabletki\tabletki_radioprotector_world.ogf
NEWFLDR|gamedata\meshes\dynamics\weapons\wpn_eat\world_models\vodki\
gamedata\meshes\dynamics\weapons\wpn_eat\world_models\vodki\vodka_cmuphob.ogf
gamedata\meshes\dynamics\weapons\wpn_eat\world_models\vodki\vodka_hemupob.ogf
gamedata\meshes\dynamics\weapons\wpn_eat\world_models\vodki\vodka_kazaki.ogf
gamedata\meshes\dynamics\weapons\wpn_eat\world_models\vodki\vodka_kazaki_world.ogf
gamedata\meshes\dynamics\weapons\wpn_eat\world_models\vodki\vodka_wine.ogf
NEWFLDR|gamedata\meshes\gwr\
NEWFLDR|gamedata\meshes\gwr\equipment\
NEWFLDR|gamedata\meshes\gwr\equipment\drug_coagulant\
gamedata\meshes\gwr\equipment\drug_coagulant\1.ogf
gamedata\meshes\gwr\equipment\drug_coagulant\drug_anims.omf
gamedata\meshes\gwr\equipment\drug_coagulant\drug_coagulant_hud.ogf
NEWFLDR|gamedata\meshes\gwr\equipment\injector\
gamedata\meshes\gwr\equipment\injector\injector_anims.omf
gamedata\meshes\gwr\equipment\injector\injector_antirad_hud.ogf
NEWFLDR|gamedata\particles\
NEWFLDR|gamedata\particles\damage_fx\
gamedata\particles\damage_fx\mod_cig_smoke.pg
NEWFLDR|gamedata\particles\damage_fx\effects\
gamedata\particles\damage_fx\effects\cig_smoke.pe
gamedata\scripts\ciga_effects.script
gamedata\scripts\ea_light.script
gamedata\scripts\enhanced_animations.script
gamedata\scripts\enhanced_animations_mcm.script
gamedata\scripts\fov_anim_manager.script
gamedata\scripts\take_item_anim.script
gamedata\scripts\ui_sleep_dialog.script
NEWFLDR|gamedata\shaders\
NEWFLDR|gamedata\shaders\r1\
gamedata\shaders\r1\models_selflight_det2.s
NEWFLDR|gamedata\shaders\r2\
gamedata\shaders\r2\models_selflight_det2.s
NEWFLDR|gamedata\shaders\r3\
gamedata\shaders\r3\models_selflight_det2.s
NEWFLDR|gamedata\sounds\
NEWFLDR|gamedata\sounds\interface\
gamedata\sounds\interface\inv_mutant_loot_animal.ogg
NEWFLDR|gamedata\sounds\interface\item_usage\
gamedata\sounds\interface\item_usage\antirad_use.ogg
gamedata\sounds\interface\item_usage\bandage_use.ogg
gamedata\sounds\interface\item_usage\chease_use.ogg
gamedata\sounds\interface\item_usage\ciga1.ogg
gamedata\sounds\interface\item_usage\ciga1.ogg.bak
gamedata\sounds\interface\item_usage\conserva_use.ogg
gamedata\sounds\interface\item_usage\draw.ogg
gamedata\sounds\interface\item_usage\drink_beer_use.ogg
gamedata\sounds\interface\item_usage\drink_cola_use.ogg
gamedata\sounds\interface\item_usage\drink_flask.ogg
gamedata\sounds\interface\item_usage\drink_flask2.ogg
gamedata\sounds\interface\item_usage\drink_flask3.ogg
gamedata\sounds\interface\item_usage\drink_flask4.ogg
gamedata\sounds\interface\item_usage\drink_soda_use.ogg
gamedata\sounds\interface\item_usage\drug_tabletos_use.ogg
gamedata\sounds\interface\item_usage\eat_rat.ogg
gamedata\sounds\interface\item_usage\food_use.ogg
gamedata\sounds\interface\item_usage\hand.ogg
gamedata\sounds\interface\item_usage\harvest_use.ogg
gamedata\sounds\interface\item_usage\harvest_use_success.ogg
gamedata\sounds\interface\item_usage\hide.ogg
gamedata\sounds\interface\item_usage\injector_using.ogg
gamedata\sounds\interface\item_usage\injector_using_OLD.ogg
gamedata\sounds\interface\item_usage\inv_drink_water.ogg
gamedata\sounds\interface\item_usage\mask_clean.ogg
gamedata\sounds\interface\item_usage\medkit_use.ogg
gamedata\sounds\interface\item_usage\mre.ogg
gamedata\sounds\interface\item_usage\mre.ogg.bak
gamedata\sounds\interface\item_usage\pickup.ogg
gamedata\sounds\interface\item_usage\pills_use.ogg
gamedata\sounds\interface\item_usage\plate_eat.ogg
gamedata\sounds\interface\item_usage\syringe1.ogg
gamedata\sounds\interface\item_usage\syringe2.ogg
gamedata\sounds\interface\item_usage\vodka_use.ogg
gamedata\sounds\interface\item_usage\water_flask.ogg
NEWFLDR|gamedata\sounds\interface\item_usage\alt\
gamedata\sounds\interface\item_usage\alt\antirad_use.ogg
gamedata\sounds\interface\item_usage\alt\bandage_use.ogg
NEWFLDR|gamedata\textures\
NEWFLDR|gamedata\textures\fallout4\
gamedata\textures\fallout4\smokeburstpuffanim.dds
NEWFLDR|gamedata\textures\gwr\
NEWFLDR|gamedata\textures\gwr\equipment\
NEWFLDR|gamedata\textures\gwr\equipment\injector\
gamedata\textures\gwr\equipment\injector\ampula_antirad.dds
gamedata\textures\gwr\equipment\injector\ampula_antirad2.dds
gamedata\textures\gwr\equipment\injector\injector.dds
NEWFLDR|gamedata\textures\item\
gamedata\textures\item\item_drug_yellow.dds
gamedata\textures\item\item_drug_yellow.thm
gamedata\textures\item\item_drug_yellow_bump#.dds
gamedata\textures\item\item_drug_yellow_bump.dds
gamedata\textures\item\item_injector.dds
gamedata\textures\item\item_injector.thm
gamedata\textures\item\item_injector_bump#.dds
gamedata\textures\item\item_injector_bump.dds
gamedata\textures\item\item_injector_bump.thm
gamedata\textures\item\item_syringe.dds
gamedata\textures\item\item_syringe.thm
gamedata\textures\item\item_syringe_bump#.dds
gamedata\textures\item\item_syringe_bump.dds
gamedata\textures\item\item_syringe_bump.thm
NEWFLDR|gamedata\textures\usable_items\
NEWFLDR|gamedata\textures\usable_items\aptechki\
NEWFLDR|gamedata\textures\usable_items\aptechki\army\
gamedata\textures\usable_items\aptechki\army\aptechka_army_diffuse.dds
gamedata\textures\usable_items\aptechki\army\aptechka_army_diffuse.thm
NEWFLDR|gamedata\textures\usable_items\aptechki\basic\
gamedata\textures\usable_items\aptechki\basic\aptechka_basic_bump#.dds
gamedata\textures\usable_items\aptechki\basic\aptechka_basic_bump.dds
gamedata\textures\usable_items\aptechki\basic\aptechka_basic_bump.thm
gamedata\textures\usable_items\aptechki\basic\aptechka_basic_diffuse.dds
gamedata\textures\usable_items\aptechki\basic\aptechka_basic_diffuse.thm
NEWFLDR|gamedata\textures\usable_items\aptechki\elite\
gamedata\textures\usable_items\aptechki\elite\aptechka_elite_diffuse.dds
gamedata\textures\usable_items\aptechki\elite\aptechka_elite_diffuse.thm
NEWFLDR|gamedata\textures\usable_items\aptechki\scientific\
gamedata\textures\usable_items\aptechki\scientific\aptechka_scientific_diffuse.dds
gamedata\textures\usable_items\aptechki\scientific\aptechka_scientific_diffuse.thm
NEWFLDR|gamedata\textures\usable_items\banki\
NEWFLDR|gamedata\textures\usable_items\banki\artezian\
gamedata\textures\usable_items\banki\artezian\banka_2_artezian_bump#.dds
gamedata\textures\usable_items\banki\artezian\banka_2_artezian_bump.dds
gamedata\textures\usable_items\banki\artezian\banka_2_artezian_bump.thm
gamedata\textures\usable_items\banki\artezian\banka_2_artezian_diffuse.dds
gamedata\textures\usable_items\banki\artezian\banka_2_artezian_diffuse.thm
NEWFLDR|gamedata\textures\usable_items\banki\heiniken\
gamedata\textures\usable_items\banki\heiniken\banka_2_heiniken_bump#.dds
gamedata\textures\usable_items\banki\heiniken\banka_2_heiniken_bump.dds
gamedata\textures\usable_items\banki\heiniken\banka_2_heiniken_bump.thm
gamedata\textures\usable_items\banki\heiniken\banka_2_heiniken_diffuse.dds
gamedata\textures\usable_items\banki\heiniken\banka_2_heiniken_diffuse.thm
NEWFLDR|gamedata\textures\usable_items\banki\redbull\
gamedata\textures\usable_items\banki\redbull\banka_1_redbull_bump#.dds
gamedata\textures\usable_items\banki\redbull\banka_1_redbull_bump.dds
gamedata\textures\usable_items\banki\redbull\banka_1_redbull_bump.thm
gamedata\textures\usable_items\banki\redbull\banka_1_redbull_diffuse.dds
gamedata\textures\usable_items\banki\redbull\banka_1_redbull_diffuse.thm
NEWFLDR|gamedata\textures\usable_items\bints\
NEWFLDR|gamedata\textures\usable_items\bints\basic\
gamedata\textures\usable_items\bints\basic\bint_basic_bump#.dds
gamedata\textures\usable_items\bints\basic\bint_basic_bump.dds
gamedata\textures\usable_items\bints\basic\bint_basic_bump.thm
gamedata\textures\usable_items\bints\basic\bint_basic_diffuse.dds
gamedata\textures\usable_items\bints\basic\bint_basic_diffuse.thm
NEWFLDR|gamedata\textures\usable_items\bints\bio\
gamedata\textures\usable_items\bints\bio\bint_bio_diffuse.dds
gamedata\textures\usable_items\bints\bio\bint_bio_diffuse.thm
NEWFLDR|gamedata\textures\usable_items\bints\israeli\
gamedata\textures\usable_items\bints\israeli\bint_israeli_diffuse.dds
gamedata\textures\usable_items\bints\israeli\bint_israeli_diffuse.thm
NEWFLDR|gamedata\textures\usable_items\butilki_steklo\
NEWFLDR|gamedata\textures\usable_items\butilki_steklo\baltika3\
gamedata\textures\usable_items\butilki_steklo\baltika3\baltika3_bump#.dds
gamedata\textures\usable_items\butilki_steklo\baltika3\baltika3_bump.dds
gamedata\textures\usable_items\butilki_steklo\baltika3\baltika3_bump.thm
gamedata\textures\usable_items\butilki_steklo\baltika3\baltika3_diffuse.dds
gamedata\textures\usable_items\butilki_steklo\baltika3\baltika3_diffuse.thm
NEWFLDR|gamedata\textures\usable_items\butilki_steklo\cocacola\
gamedata\textures\usable_items\butilki_steklo\cocacola\cocacola_bump#.dds
gamedata\textures\usable_items\butilki_steklo\cocacola\cocacola_bump.dds
gamedata\textures\usable_items\butilki_steklo\cocacola\cocacola_bump.thm
gamedata\textures\usable_items\butilki_steklo\cocacola\cocacola_diffuse.dds
gamedata\textures\usable_items\butilki_steklo\cocacola\cocacola_diffuse.thm
NEWFLDR|gamedata\textures\usable_items\butilki_steklo\slavutich\
gamedata\textures\usable_items\butilki_steklo\slavutich\slavutich_bump#.dds
gamedata\textures\usable_items\butilki_steklo\slavutich\slavutich_bump.dds
gamedata\textures\usable_items\butilki_steklo\slavutich\slavutich_bump.thm
gamedata\textures\usable_items\butilki_steklo\slavutich\slavutich_diffuse.dds
gamedata\textures\usable_items\butilki_steklo\slavutich\slavutich_diffuse.thm
NEWFLDR|gamedata\textures\usable_items\cocaine\
gamedata\textures\usable_items\cocaine\cocaine_hud.dds
NEWFLDR|gamedata\textures\usable_items\conservi\
gamedata\textures\usable_items\conservi\eat_konserva.dds
gamedata\textures\usable_items\conservi\eat_konserva.thm
gamedata\textures\usable_items\conservi\eat_konserva_bump#.dds
gamedata\textures\usable_items\conservi\eat_konserva_bump.dds
gamedata\textures\usable_items\conservi\havchik_conserva.dds
gamedata\textures\usable_items\conservi\havchik_conserva.thm
gamedata\textures\usable_items\conservi\havchik_conserva_bump.thm
gamedata\textures\usable_items\conservi\havchik_conserva_normal.thm
gamedata\textures\usable_items\conservi\havchik_corn.dds
gamedata\textures\usable_items\conservi\havchik_corn.thm
gamedata\textures\usable_items\conservi\havchik_corn_bump#.dds
gamedata\textures\usable_items\conservi\havchik_corn_bump.dds
gamedata\textures\usable_items\conservi\havchik_corn_bump.thm
gamedata\textures\usable_items\conservi\havchik_corn_normal.dds
gamedata\textures\usable_items\conservi\havchik_corn_normal.thm
gamedata\textures\usable_items\conservi\havchik_olives.dds
gamedata\textures\usable_items\conservi\havchik_olives.thm
gamedata\textures\usable_items\conservi\havchik_olives_bump#.dds
gamedata\textures\usable_items\conservi\havchik_olives_bump.dds
gamedata\textures\usable_items\conservi\havchik_olives_bump.thm
gamedata\textures\usable_items\conservi\havchik_olives_mir.dds
gamedata\textures\usable_items\conservi\havchik_olives_mir.thm
gamedata\textures\usable_items\conservi\havchik_olives_mir_bump.thm
gamedata\textures\usable_items\conservi\havchik_olives_mir_normal.thm
gamedata\textures\usable_items\conservi\havchik_olives_normal.dds
gamedata\textures\usable_items\conservi\havchik_olives_normal.thm
gamedata\textures\usable_items\conservi\havchik_orehi.dds
gamedata\textures\usable_items\conservi\havchik_orehi.thm
gamedata\textures\usable_items\conservi\havchik_orehi_bump#.dds
gamedata\textures\usable_items\conservi\havchik_orehi_bump.dds
gamedata\textures\usable_items\conservi\havchik_orehi_bump.thm
gamedata\textures\usable_items\conservi\havchik_orehi_normal.dds
gamedata\textures\usable_items\conservi\havchik_orehi_normal.thm
gamedata\textures\usable_items\conservi\havchik_sardines.dds
gamedata\textures\usable_items\conservi\havchik_sardines.thm
gamedata\textures\usable_items\conservi\havchik_sardines_bump#.dds
gamedata\textures\usable_items\conservi\havchik_sardines_bump.dds
gamedata\textures\usable_items\conservi\havchik_sardines_bump.thm
gamedata\textures\usable_items\conservi\havchik_sardines_normal.dds
gamedata\textures\usable_items\conservi\havchik_sardines_normal.thm
gamedata\textures\usable_items\conservi\havchik_tushka.dds
gamedata\textures\usable_items\conservi\havchik_tushka.thm
gamedata\textures\usable_items\conservi\havchik_tushka_bump#.dds
gamedata\textures\usable_items\conservi\havchik_tushka_bump.dds
gamedata\textures\usable_items\conservi\havchik_tushka_bump.thm
gamedata\textures\usable_items\conservi\havchik_tushka_normal.dds
gamedata\textures\usable_items\conservi\havchik_tushka_normal.thm
gamedata\textures\usable_items\conservi\mre.dds
gamedata\textures\usable_items\conservi\mre.thm
NEWFLDR|gamedata\textures\usable_items\drinks\
gamedata\textures\usable_items\drinks\drink_water.dds
gamedata\textures\usable_items\drinks\drink_water.thm
gamedata\textures\usable_items\drinks\drink_water_bump#.dds
gamedata\textures\usable_items\drinks\drink_water_bump.dds
gamedata\textures\usable_items\drinks\drink_water_bump.thm
gamedata\textures\usable_items\drinks\gerkules.dds
gamedata\textures\usable_items\drinks\gerkules.thm
gamedata\textures\usable_items\drinks\gerkules_bump#.dds
gamedata\textures\usable_items\drinks\gerkules_bump.dds
gamedata\textures\usable_items\drinks\gerkules_bump.thm
gamedata\textures\usable_items\drinks\gerkules_dop.dds
gamedata\textures\usable_items\drinks\gerkules_dop.thm
gamedata\textures\usable_items\drinks\gerkules_dop_bump.thm
gamedata\textures\usable_items\drinks\voda.dds
gamedata\textures\usable_items\drinks\voda.thm
gamedata\textures\usable_items\drinks\voda_bump#.dds
gamedata\textures\usable_items\drinks\voda_bump.dds
gamedata\textures\usable_items\drinks\voda_bump.thm
gamedata\textures\usable_items\drinks\voda_dop.dds
gamedata\textures\usable_items\drinks\voda_dop.thm
gamedata\textures\usable_items\drinks\voda_dop_bump.thm
gamedata\textures\usable_items\drinks\voda_paper.dds
NEWFLDR|gamedata\textures\usable_items\eat\
gamedata\textures\usable_items\eat\eat_baton.dds
gamedata\textures\usable_items\eat\eat_baton.thm
gamedata\textures\usable_items\eat\eat_baton_bump#.dds
gamedata\textures\usable_items\eat\eat_baton_bump.dds
gamedata\textures\usable_items\eat\eat_chease.dds
gamedata\textures\usable_items\eat\eat_chease.thm
gamedata\textures\usable_items\eat\eat_chease_bump#.dds
gamedata\textures\usable_items\eat\eat_chease_bump.dds
gamedata\textures\usable_items\eat\eat_crow.dds
gamedata\textures\usable_items\eat\eat_crow.thm
gamedata\textures\usable_items\eat\eat_crow_bump#.dds
gamedata\textures\usable_items\eat\eat_crow_bump.dds
gamedata\textures\usable_items\eat\eat_fish.dds
gamedata\textures\usable_items\eat\eat_fish.thm
gamedata\textures\usable_items\eat\eat_fish_bump#.dds
gamedata\textures\usable_items\eat\eat_fish_bump.dds
gamedata\textures\usable_items\eat\eat_kolbasa.dds
gamedata\textures\usable_items\eat\eat_kolbasa.thm
gamedata\textures\usable_items\eat\eat_kolbasa_bump#.dds
gamedata\textures\usable_items\eat\eat_kolbasa_bump.dds
gamedata\textures\usable_items\eat\eat_olives.dds
gamedata\textures\usable_items\eat\eat_oreh.dds
gamedata\textures\usable_items\eat\eat_oreh.thm
gamedata\textures\usable_items\eat\eat_oreh_bump#.dds
gamedata\textures\usable_items\eat\eat_oreh_bump.dds
gamedata\textures\usable_items\eat\eat_rat.dds
gamedata\textures\usable_items\eat\eat_rat.thm
gamedata\textures\usable_items\eat\eat_rat_bump#.dds
gamedata\textures\usable_items\eat\eat_rat_bump.dds
NEWFLDR|gamedata\textures\usable_items\flacons\
NEWFLDR|gamedata\textures\usable_items\flacons\antirad\
gamedata\textures\usable_items\flacons\antirad\flacon_antirad_bump#.dds
gamedata\textures\usable_items\flacons\antirad\flacon_antirad_bump.dds
gamedata\textures\usable_items\flacons\antirad\flacon_antirad_bump.thm
gamedata\textures\usable_items\flacons\antirad\flacon_antirad_diffuse.dds
gamedata\textures\usable_items\flacons\antirad\flacon_antirad_diffuse.thm
NEWFLDR|gamedata\textures\usable_items\harvest\
NEWFLDR|gamedata\textures\usable_items\harvest\meat_1\
gamedata\textures\usable_items\harvest\meat_1\act_poltergeyst.dds
gamedata\textures\usable_items\harvest\meat_1\act_poltergeyst.thm
gamedata\textures\usable_items\harvest\meat_1\act_poltergeyst_bump#.dds
gamedata\textures\usable_items\harvest\meat_1\act_poltergeyst_bump.dds
gamedata\textures\usable_items\harvest\meat_1\act_poltergeyst_bump.thm
gamedata\textures\usable_items\harvest\meat_1\harvest_meat_1_bump#.dds
gamedata\textures\usable_items\harvest\meat_1\harvest_meat_1_bump.dds
gamedata\textures\usable_items\harvest\meat_1\harvest_meat_1_bump.thm
gamedata\textures\usable_items\harvest\meat_1\harvest_meat_1_diffuse.dds
gamedata\textures\usable_items\harvest\meat_1\harvest_meat_1_diffuse.thm
NEWFLDR|gamedata\textures\usable_items\harvest\meshok\
gamedata\textures\usable_items\harvest\meshok\harvest_meshok_bump#.dds
gamedata\textures\usable_items\harvest\meshok\harvest_meshok_bump.dds
gamedata\textures\usable_items\harvest\meshok\harvest_meshok_bump.thm
gamedata\textures\usable_items\harvest\meshok\harvest_meshok_diffuse.dds
gamedata\textures\usable_items\harvest\meshok\harvest_meshok_diffuse.thm
NEWFLDR|gamedata\textures\usable_items\injectors\
gamedata\textures\usable_items\injectors\cigar1.dds
gamedata\textures\usable_items\injectors\cigar1_bump.dds
gamedata\textures\usable_items\injectors\lucky.dds
gamedata\textures\usable_items\injectors\lucky_bump.dds
gamedata\textures\usable_items\injectors\marllboro.dds
gamedata\textures\usable_items\injectors\marllboro_bump.dds
gamedata\textures\usable_items\injectors\Petr1.dds
gamedata\textures\usable_items\injectors\Petr1_bump.dds
gamedata\textures\usable_items\injectors\slava.dds
gamedata\textures\usable_items\injectors\slava_bump.dds
gamedata\textures\usable_items\injectors\syringe.dds
gamedata\textures\usable_items\injectors\syringe.tga
gamedata\textures\usable_items\injectors\syringe.thm
gamedata\textures\usable_items\injectors\syringe_bump.dds
gamedata\textures\usable_items\injectors\syringe_bump.thm
gamedata\textures\usable_items\injectors\zvezda.dds
gamedata\textures\usable_items\injectors\zvezda_bump.dds
NEWFLDR|gamedata\textures\usable_items\injectors\injector_big\
gamedata\textures\usable_items\injectors\injector_big\injector_big_bump#.dds
gamedata\textures\usable_items\injectors\injector_big\injector_big_bump.dds
gamedata\textures\usable_items\injectors\injector_big\injector_big_bump.thm
gamedata\textures\usable_items\injectors\injector_big\injector_big_diffuse -army.dds
gamedata\textures\usable_items\injectors\injector_big\injector_big_diffuse-scientic.dds
gamedata\textures\usable_items\injectors\injector_big\injector_big_diffuse.dds
gamedata\textures\usable_items\injectors\injector_big\injector_big_diffuse.thm
NEWFLDR|gamedata\textures\usable_items\otkrivashka\
gamedata\textures\usable_items\otkrivashka\otkrivashka_bump#.dds
gamedata\textures\usable_items\otkrivashka\otkrivashka_bump.dds
gamedata\textures\usable_items\otkrivashka\otkrivashka_bump.thm
gamedata\textures\usable_items\otkrivashka\otkrivashka_diffuse.dds
gamedata\textures\usable_items\otkrivashka\otkrivashka_diffuse.thm
NEWFLDR|gamedata\textures\usable_items\psut\
gamedata\textures\usable_items\psut\akvatabs_color.dds
gamedata\textures\usable_items\psut\can_beanz.dds
gamedata\textures\usable_items\psut\can_chilibeans.dds
gamedata\textures\usable_items\psut\can_corn.dds
gamedata\textures\usable_items\psut\can_corn_normal.dds
gamedata\textures\usable_items\psut\can_tomatoes.dds
gamedata\textures\usable_items\psut\can_tuna.dds
gamedata\textures\usable_items\psut\can_tushonka.dds
gamedata\textures\usable_items\psut\Yadulin_color.dds
NEWFLDR|gamedata\textures\usable_items\tabletki\
NEWFLDR|gamedata\textures\usable_items\tabletki\drug_antidot\
gamedata\textures\usable_items\tabletki\drug_antidot\drug_antibio_sulfat_diffuse.dds
gamedata\textures\usable_items\tabletki\drug_antidot\drug_antidot_bump#.dds
gamedata\textures\usable_items\tabletki\drug_antidot\drug_antidot_bump.dds
gamedata\textures\usable_items\tabletki\drug_antidot\drug_antidot_bump.thm
gamedata\textures\usable_items\tabletki\drug_antidot\drug_antidot_diffuse.dds
gamedata\textures\usable_items\tabletki\drug_antidot\drug_antidot_diffuse.thm
gamedata\textures\usable_items\tabletki\drug_antidot\drug_antidot_diffuse_bump.thm
gamedata\textures\usable_items\tabletki\drug_antidot\drug_hemical_diffuse.dds
gamedata\textures\usable_items\tabletki\drug_antidot\drug_hemical_diffuse.thm
gamedata\textures\usable_items\tabletki\drug_antidot\drug_hemical_diffuse_bump.thm
NEWFLDR|gamedata\textures\usable_items\tabletki\drug_coagulant\
gamedata\textures\usable_items\tabletki\drug_coagulant\caffeine_diffuse.dds
gamedata\textures\usable_items\tabletki\drug_coagulant\drug_antimetic_diffuse.dds
gamedata\textures\usable_items\tabletki\drug_coagulant\drug_antirad_kalium_diffuse.dds
gamedata\textures\usable_items\tabletki\drug_coagulant\drug_coagulant_bump#.dds
gamedata\textures\usable_items\tabletki\drug_coagulant\drug_coagulant_bump.dds
gamedata\textures\usable_items\tabletki\drug_coagulant\drug_coagulant_bump.thm
gamedata\textures\usable_items\tabletki\drug_coagulant\drug_coagulant_diffuse.dds
gamedata\textures\usable_items\tabletki\drug_coagulant\drug_coagulant_diffuse.thm
gamedata\textures\usable_items\tabletki\drug_coagulant\drug_coagulant_diffuse_bump.thm
gamedata\textures\usable_items\tabletki\drug_coagulant\drug_psi_diffuse.dds
gamedata\textures\usable_items\tabletki\drug_coagulant\drug_psi_diffuse.thm
gamedata\textures\usable_items\tabletki\drug_coagulant\drug_psi_diffuse_bump.thm
gamedata\textures\usable_items\tabletki\drug_coagulant\drug_sleepingpills_diffuse.dds
NEWFLDR|gamedata\textures\usable_items\tabletki\drug_radioprotector\
gamedata\textures\usable_items\tabletki\drug_radioprotector\drug_radioprotector_bump#.dds
gamedata\textures\usable_items\tabletki\drug_radioprotector\drug_radioprotector_bump.dds
gamedata\textures\usable_items\tabletki\drug_radioprotector\drug_radioprotector_bump.thm
gamedata\textures\usable_items\tabletki\drug_radioprotector\drug_radioprotector_diffuse.dds
gamedata\textures\usable_items\tabletki\drug_radioprotector\drug_radioprotector_diffuse.thm
gamedata\textures\usable_items\tabletki\drug_radioprotector\drug_radioprotector_diffuse_bump.thm
NEWFLDR|gamedata\textures\usable_items\tabletki\vmyatini\
NEWFLDR|gamedata\textures\usable_items\tabletki\vmyatini\1\
gamedata\textures\usable_items\tabletki\vmyatini\1\vmyatini_1_bump#.dds
gamedata\textures\usable_items\tabletki\vmyatini\1\vmyatini_1_bump.dds
gamedata\textures\usable_items\tabletki\vmyatini\1\vmyatini_1_bump.thm
gamedata\textures\usable_items\tabletki\vmyatini\1\vmyatini_1_diffuse.dds
gamedata\textures\usable_items\tabletki\vmyatini\1\vmyatini_1_diffuse.thm
NEWFLDR|gamedata\textures\usable_items\tabletos\
gamedata\textures\usable_items\tabletos\item_drug_yellow.dds
gamedata\textures\usable_items\tabletos\item_drug_yellow.thm
gamedata\textures\usable_items\tabletos\item_drug_yellow_bump#.dds
gamedata\textures\usable_items\tabletos\item_drug_yellow_bump.dds
gamedata\textures\usable_items\tabletos\item_drug_yellow_bump.thm
NEWFLDR|gamedata\textures\usable_items\vodki\
gamedata\textures\usable_items\vodki\vodka_cmuphob.dds
gamedata\textures\usable_items\vodki\vodka_cmuphob.thm
gamedata\textures\usable_items\vodki\vodka_cmuphob_bump#.dds
gamedata\textures\usable_items\vodki\vodka_cmuphob_bump.dds
gamedata\textures\usable_items\vodki\vodka_cmuphob_bump.thm
gamedata\textures\usable_items\vodki\vodka_hemupob.dds
gamedata\textures\usable_items\vodki\vodka_hemupob.thm
gamedata\textures\usable_items\vodki\vodka_hemupob_bump.thm
gamedata\textures\usable_items\vodki\vodka_kazaki.dds
gamedata\textures\usable_items\vodki\vodka_kazaki.thm
gamedata\textures\usable_items\vodki\vodka_kazaki_bump#.dds
gamedata\textures\usable_items\vodki\vodka_kazaki_bump.dds
gamedata\textures\usable_items\vodki\vodka_kazaki_bump.thm
gamedata\textures\usable_items\vodki\vodka_wine.dds
gamedata\textures\usable_items\vodki\vodka_wine.thm
gamedata\textures\usable_items\vodki\vodka_wine_bump.thm
NEWFLDR|gamedata\textures\usable_items\vodki\kazaki\
gamedata\textures\usable_items\vodki\kazaki\vodka_kazaki.dds
gamedata\textures\usable_items\vodki\kazaki\vodka_kazaki.thm
gamedata\textures\usable_items\vodki\kazaki\vodka_kazaki_bump#.dds
gamedata\textures\usable_items\vodki\kazaki\vodka_kazaki_bump.dds
gamedata\textures\usable_items\vodki\kazaki\vodka_kazaki_bump.thm
