NEWFLDR|gamedata\anims\
NEWFLDR|gamedata\anims\camera_effects\
gamedata\anims\camera_effects\crouch_crp.anm
gamedata\anims\camera_effects\fusker.anm
gamedata\anims\camera_effects\head_shot.anm
gamedata\anims\camera_effects\item_use.anm
gamedata\anims\camera_effects\item_use_fast.anm
gamedata\anims\camera_effects\item_use_slow.anm
gamedata\anims\camera_effects\jump_crp.anm
gamedata\anims\camera_effects\landing_crp1.anm
gamedata\anims\camera_effects\landing_crp2.anm
gamedata\anims\camera_effects\lean_left_crp.anm
gamedata\anims\camera_effects\lean_right_crp.anm
gamedata\anims\camera_effects\move_crp.anm
gamedata\anims\camera_effects\sprint_crp.anm
gamedata\anims\camera_effects\stand_crp.anm
gamedata\anims\camera_effects\tired_crp.anm
gamedata\anims\camera_effects\zoom_crp.anm
NEWFLDR|gamedata\anims\camera_effects\headlamp\
gamedata\anims\camera_effects\headlamp\headlamp.anm
gamedata\anims\camera_effects\headlamp\rifle_headlamp.anm
NEWFLDR|gamedata\anims\camera_effects\switch\
gamedata\anims\camera_effects\switch\low1.anm
gamedata\anims\camera_effects\switch\low2.anm
gamedata\anims\camera_effects\switch\low3.anm
gamedata\anims\camera_effects\switch\low4.anm
gamedata\anims\camera_effects\switch\med1.anm
gamedata\anims\camera_effects\switch\med2.anm
gamedata\anims\camera_effects\switch\med3.anm
gamedata\anims\camera_effects\switch\med4.anm
gamedata\anims\camera_effects\switch\strong1.anm
gamedata\anims\camera_effects\switch\strong2.anm
gamedata\anims\camera_effects\switch\strong3.anm
gamedata\anims\camera_effects\switch\strong4.anm
NEWFLDR|gamedata\anims\camera_effects\weapon\
gamedata\anims\camera_effects\weapon\gasmask_swipe1.anm
gamedata\anims\camera_effects\weapon\ras_m4a1_hand_in.anm
gamedata\anims\camera_effects\weapon\ras_m4a1_hand_inspect.anm
gamedata\anims\camera_effects\weapon\ras_m4a1_hand_inspect_w_gl.anm
gamedata\anims\camera_effects\weapon\ras_m4a1_hand_in_gl.anm
gamedata\anims\camera_effects\weapon\ras_m4a1_hand_in_w_gl.anm
gamedata\anims\camera_effects\weapon\ras_m4a1_hand_misfire.anm
gamedata\anims\camera_effects\weapon\ras_m4a1_hand_misfire_w_gl.anm
gamedata\anims\camera_effects\weapon\ras_m4a1_hand_reload.anm
gamedata\anims\camera_effects\weapon\ras_m4a1_hand_reload_empty.anm
gamedata\anims\camera_effects\weapon\ras_m4a1_hand_reload_empty_w_gl.anm
gamedata\anims\camera_effects\weapon\ras_m4a1_hand_reload_w_gl.anm
gamedata\anims\camera_effects\weapon\ras_m4a1_hand_shot_off.anm
NEWFLDR|gamedata\configs\text\
NEWFLDR|gamedata\configs\text\eng\
gamedata\configs\text\eng\camera_reanim.xml
NEWFLDR|gamedata\configs\text\rus\
gamedata\configs\text\rus\camera_reanim.xml
NEWFLDR|gamedata\scripts\
gamedata\scripts\camera_reanim_project.script
gamedata\scripts\camera_reanim_project_mcm.script
