gamedata\anims\alcohol.ppe
gamedata\anims\arena.anm
gamedata\anims\helm_battle.ppe
gamedata\anims\helm_exo.ppe
gamedata\anims\helm_hardhat.ppe
gamedata\anims\helm_protective.ppe
gamedata\anims\helm_respirator.ppe
gamedata\anims\helm_scientific.ppe
gamedata\anims\helm_tactic_nv.ppe
NEWFLDR|gamedata\anims\benchmarks\
gamedata\anims\benchmarks\marsh_benchmark.anm
gamedata\anims\camera_effects\arena.anm
gamedata\anims\camera_effects\drunk.anm
gamedata\anims\camera_effects\earthquake.anm
gamedata\anims\camera_effects\earthquake_00.anm
gamedata\anims\camera_effects\earthquake_1.anm
gamedata\anims\camera_effects\earthquake_100.anm
gamedata\anims\camera_effects\earthquake_2.anm
gamedata\anims\camera_effects\earthquake_20.anm
gamedata\anims\camera_effects\earthquake_40.anm
gamedata\anims\camera_effects\earthquake_60.anm
gamedata\anims\camera_effects\earthquake_80.anm
gamedata\anims\camera_effects\empty.anm
gamedata\anims\camera_effects\fatigue.anm
gamedata\anims\camera_effects\idle.anm
gamedata\anims\camera_effects\item_use.anm
gamedata\anims\camera_effects\item_use_fast.anm
gamedata\anims\camera_effects\item_use_slow.anm
gamedata\anims\camera_effects\jump.anm
gamedata\anims\camera_effects\landing.anm
gamedata\anims\camera_effects\landing2.anm
gamedata\anims\camera_effects\scope_shake.anm
gamedata\anims\camera_effects\shell_shock.anm
gamedata\anims\camera_effects\shock.ppe
gamedata\anims\camera_effects\surge_01.anm
gamedata\anims\camera_effects\surge_02.anm
gamedata\anims\camera_effects\transfer_outfit.ppe
NEWFLDR|gamedata\anims\camera_effects\actor_move\
gamedata\anims\camera_effects\actor_move\cam_shift.anm
gamedata\anims\camera_effects\actor_move\crouch_forward_long.anm
gamedata\anims\camera_effects\actor_move\crouch_forward_medium.anm
gamedata\anims\camera_effects\actor_move\crouch_forward_short.anm
gamedata\anims\camera_effects\actor_move\crouch_forward_short_alt.anm
gamedata\anims\camera_effects\actor_move\down.anm
gamedata\anims\camera_effects\actor_move\fejk.anm
gamedata\anims\camera_effects\actor_move\jump.anm
NEWFLDR|gamedata\anims\camera_effects\items_use\
gamedata\anims\camera_effects\items_use\antirad_hands_eat_invtrans.anm
gamedata\anims\camera_effects\items_use\antirad_use.anm
gamedata\anims\camera_effects\items_use\aptechka_hands_eat_invtrans.anm
gamedata\anims\camera_effects\items_use\aptechka_use.anm
gamedata\anims\camera_effects\items_use\banka_1_hands_eat_invtrans.anm
gamedata\anims\camera_effects\items_use\banka_use.anm
gamedata\anims\camera_effects\items_use\bint_hands_eat_alt_1_invtrans.anm
gamedata\anims\camera_effects\items_use\bint_use.anm
gamedata\anims\camera_effects\items_use\butilka_steklo_1_hands_eat_alt_1_invtrans.anm
gamedata\anims\camera_effects\items_use\butilka_steklo_use.anm
gamedata\anims\camera_effects\items_use\eat_hleb_d_use_h.anm
gamedata\anims\camera_effects\items_use\eat_kolbasa_d_use_h.anm
gamedata\anims\camera_effects\items_use\eat_rat_d_use_h.anm
gamedata\anims\camera_effects\items_use\eat_tushonka_d_use_h.anm
gamedata\anims\camera_effects\items_use\gasmask.anm
gamedata\anims\camera_effects\items_use\harvest_gather_meat_use.anm
gamedata\anims\camera_effects\items_use\harvest_lean_down_main.anm
gamedata\anims\camera_effects\items_use\harvest_lean_down_main_headbob.anm
gamedata\anims\camera_effects\items_use\harvest_skin_use.anm
gamedata\anims\camera_effects\items_use\harvest_success_hands_eat.anm
gamedata\anims\camera_effects\items_use\pickup.anm
gamedata\anims\camera_effects\items_use\tabletki_1_hands_eat_invtrans.anm
gamedata\anims\camera_effects\items_use\tabletki_use.anm
gamedata\anims\camera_effects\items_use\torch.anm
gamedata\anims\camera_effects\items_use\vodka_hands_eat_invtrans.anm
gamedata\anims\camera_effects\items_use\vodka_use.anm
NEWFLDR|gamedata\anims\helicopter\
gamedata\anims\helicopter\aaa.anm
NEWFLDR|gamedata\meshes\
NEWFLDR|gamedata\meshes\actors\
gamedata\meshes\actors\bandits_animation.omf
gamedata\meshes\actors\barman_animation.omf
gamedata\meshes\actors\critical_hit_grup_1.omf
gamedata\meshes\actors\critical_hit_grup_2.omf
gamedata\meshes\actors\critical_hit_grup_3.omf
gamedata\meshes\actors\critical_hit_grup_4.omf
gamedata\meshes\actors\critical_hit_grup_5.omf
gamedata\meshes\actors\critical_hit_grup_6.omf
gamedata\meshes\actors\critical_hit_grup_7.omf
gamedata\meshes\actors\exoskeleton_animation.omf
gamedata\meshes\actors\lesnik_animation.omf
gamedata\meshes\actors\monolith_animation.omf
gamedata\meshes\actors\stalker_animation.omf
gamedata\meshes\actors\stalker_scenario_animation.omf
gamedata\meshes\actors\stalker_scripts_animation.omf
gamedata\meshes\actors\stalker_smart_cover_animation.omf
gamedata\meshes\actors\trader_animation.omf
gamedata\meshes\actors\ucheniy_animation.omf
gamedata\meshes\actors\zombied_animation.omf
