\Authors-Credits.txt
\readme.txt
NEWFLDR|Compatiblity Patches\
NEWFLDR|Compatiblity Patches\Anomaly Weapons Animation Redux\
NEWFLDR|Compatiblity Patches\Anomaly Weapons Animation Redux\gamedata\
NEWFLDR|Compatiblity Patches\Anomaly Weapons Animation Redux\gamedata\configs\
NEWFLDR|Compatiblity Patches\Anomaly Weapons Animation Redux\gamedata\configs\items\
NEWFLDR|Compatiblity Patches\Anomaly Weapons Animation Redux\gamedata\configs\items\weapons\
Compatiblity Patches\Anomaly Weapons Animation Redux\gamedata\configs\items\weapons\weapon_sounds.ltx
NEWFLDR|Compatiblity Patches\Blindside's Reanimation Pack - Loner + JSRS Patch\
NEWFLDR|Compatiblity Patches\Blindside's Reanimation Pack - Loner + JSRS Patch\gamedata\
NEWFLDR|Compatiblity Patches\Blindside's Reanimation Pack - Loner + JSRS Patch\gamedata\configs\
NEWFLDR|Compatiblity Patches\Blindside's Reanimation Pack - Loner + JSRS Patch\gamedata\configs\items\
NEWFLDR|Compatiblity Patches\Blindside's Reanimation Pack - Loner + JSRS Patch\gamedata\configs\items\weapons\
Compatiblity Patches\Blindside's Reanimation Pack - Loner + JSRS Patch\gamedata\configs\items\weapons\weapon_sounds.ltx
NEWFLDR|Compatiblity Patches\Blindside's Reanimation Pack - Loner\
NEWFLDR|Compatiblity Patches\Blindside's Reanimation Pack - Loner\gamedata\
NEWFLDR|Compatiblity Patches\Blindside's Reanimation Pack - Loner\gamedata\configs\
NEWFLDR|Compatiblity Patches\Blindside's Reanimation Pack - Loner\gamedata\configs\items\
NEWFLDR|Compatiblity Patches\Blindside's Reanimation Pack - Loner\gamedata\configs\items\weapons\
Compatiblity Patches\Blindside's Reanimation Pack - Loner\gamedata\configs\items\weapons\weapon_sounds.ltx
NEWFLDR|Compatiblity Patches\JSRS\
NEWFLDR|Compatiblity Patches\JSRS\gamedata\
NEWFLDR|Compatiblity Patches\JSRS\gamedata\configs\
NEWFLDR|Compatiblity Patches\JSRS\gamedata\configs\items\
NEWFLDR|Compatiblity Patches\JSRS\gamedata\configs\items\weapons\
Compatiblity Patches\JSRS\gamedata\configs\items\weapons\weapon_sounds.ltx
gamedata\configs\text\eng\ui_mcm_general_fire_mode_switcher_sound.xml
gamedata\configs\text\rus\ui_mcm_general_fire_mode_switcher_sound.xml
gamedata\scripts\void_fmode_sound.script
gamedata\scripts\void_fmode_sound_mcm.script
NEWFLDR|gamedata\sounds\weapons\generic\
gamedata\sounds\weapons\generic\switch_mode_gfmss0.ogg
gamedata\sounds\weapons\generic\switch_mode_gfmss1.ogg
gamedata\sounds\weapons\generic\switch_mode_gfmss2.ogg
gamedata\sounds\weapons\generic\switch_mode_gfmss3.ogg
gamedata\sounds\weapons\generic\switch_mode_gfmss4.ogg
gamedata\sounds\weapons\generic\switch_mode_gfmss5.ogg
