gamedata\configs\environment\ambients.ltx
gamedata\configs\environment\sound_channels.ltx
NEWFLDR|gamedata\configs\environment\ambient_channels\
gamedata\configs\environment\ambient_channels\backgrounds.ltx
gamedata\configs\environment\ambient_channels\blowout_channels.ltx
NEWFLDR|gamedata\configs\environment\ambients\
gamedata\configs\environment\ambients\escape.ltx
gamedata\configs\environment\ambients\garbage.ltx
gamedata\configs\environment\ambients\jupiter.ltx
gamedata\configs\environment\ambients\k00_marsh.ltx
gamedata\configs\environment\ambients\k01_darkscape.ltx
gamedata\configs\environment\ambients\k02_trucks_cemetery.ltx
gamedata\configs\environment\ambients\l01_escape.ltx
gamedata\configs\environment\ambients\l02_garbage.ltx
gamedata\configs\environment\ambients\l03_agroprom.ltx
gamedata\configs\environment\ambients\l04_darkvalley.ltx
gamedata\configs\environment\ambients\l05_bar.ltx
gamedata\configs\environment\ambients\l06_rostok.ltx
gamedata\configs\environment\ambients\l07_military.ltx
gamedata\configs\environment\ambients\l08_yantar.ltx
gamedata\configs\environment\ambients\l09_deadcity.ltx
gamedata\configs\environment\ambients\l10_limansk.ltx
gamedata\configs\environment\ambients\l10_radar.ltx
gamedata\configs\environment\ambients\l10_red_forest.ltx
gamedata\configs\environment\ambients\l11_hospital.ltx
gamedata\configs\environment\ambients\l11_pripyat.ltx
gamedata\configs\environment\ambients\l12_stancia.ltx
gamedata\configs\environment\ambients\l12_stancia_2.ltx
gamedata\configs\environment\ambients\l13_generators.ltx
gamedata\configs\environment\ambients\marsh.ltx
gamedata\configs\environment\ambients\pripyat.ltx
gamedata\configs\environment\ambients\stancia_2.ltx
gamedata\configs\environment\ambients\yantar.ltx
gamedata\configs\environment\ambients\zaton.ltx
NEWFLDR|gamedata\configs\environment\ambients\presets\
gamedata\configs\environment\ambients\presets\environment_cemetary.ltx
gamedata\configs\environment\ambients\presets\environment_darkscape.ltx
gamedata\configs\environment\ambients\presets\environment_field.ltx
gamedata\configs\environment\ambients\presets\environment_forest.ltx
gamedata\configs\environment\ambients\presets\environment_garbage.ltx
gamedata\configs\environment\ambients\presets\environment_generators.ltx
gamedata\configs\environment\ambients\presets\environment_hospital.ltx
gamedata\configs\environment\ambients\presets\environment_jupiter.ltx
gamedata\configs\environment\ambients\presets\environment_npp.ltx
gamedata\configs\environment\ambients\presets\environment_pripyat.ltx
gamedata\configs\environment\ambients\presets\environment_pripyat_outskirts.ltx
gamedata\configs\environment\ambients\presets\environment_rostok.ltx
gamedata\configs\environment\ambients\presets\environment_rostok_wild.ltx
gamedata\configs\environment\ambients\presets\environment_swamp.ltx
gamedata\configs\environment\ambients\presets\environment_urban.ltx
gamedata\configs\environment\ambients\presets\environment_whisper.ltx
gamedata\configs\environment\ambients\presets\environment_yantar.ltx
gamedata\configs\environment\ambients\presets\environment_zaton.ltx
gamedata\sounds\ambient\rain.ogg
gamedata\sounds\ambient\rainonroof.ogg
gamedata\sounds\ambient\rain_helm.ogg
gamedata\sounds\ambient\rain_indoors.ogg
gamedata\sounds\ambient\rain_indoors2.ogg
gamedata\sounds\ambient\rain_l.ogg
gamedata\sounds\ambient\rain_r.ogg
gamedata\sounds\ambient\whistling_wind1.ogg
NEWFLDR|gamedata\sounds\ambient\soundscape\animals\
gamedata\sounds\ambient\soundscape\animals\birdsfear1.ogg
gamedata\sounds\ambient\soundscape\animals\birdsfear2.ogg
gamedata\sounds\ambient\soundscape\animals\birdsfear3.ogg
gamedata\sounds\ambient\soundscape\animals\birds_forest_single_1.ogg
gamedata\sounds\ambient\soundscape\animals\birds_forest_single_10.ogg
gamedata\sounds\ambient\soundscape\animals\birds_forest_single_11.ogg
gamedata\sounds\ambient\soundscape\animals\birds_forest_single_12.ogg
gamedata\sounds\ambient\soundscape\animals\birds_forest_single_13.ogg
gamedata\sounds\ambient\soundscape\animals\birds_forest_single_14.ogg
gamedata\sounds\ambient\soundscape\animals\birds_forest_single_15.ogg
gamedata\sounds\ambient\soundscape\animals\birds_forest_single_16.ogg
gamedata\sounds\ambient\soundscape\animals\birds_forest_single_17.ogg
gamedata\sounds\ambient\soundscape\animals\birds_forest_single_18.ogg
gamedata\sounds\ambient\soundscape\animals\birds_forest_single_19.ogg
gamedata\sounds\ambient\soundscape\animals\birds_forest_single_2.ogg
gamedata\sounds\ambient\soundscape\animals\birds_forest_single_20.ogg
gamedata\sounds\ambient\soundscape\animals\birds_forest_single_21.ogg
gamedata\sounds\ambient\soundscape\animals\birds_forest_single_22.ogg
gamedata\sounds\ambient\soundscape\animals\birds_forest_single_23.ogg
gamedata\sounds\ambient\soundscape\animals\birds_forest_single_24.ogg
gamedata\sounds\ambient\soundscape\animals\birds_forest_single_25.ogg
gamedata\sounds\ambient\soundscape\animals\birds_forest_single_26.ogg
gamedata\sounds\ambient\soundscape\animals\birds_forest_single_27.ogg
gamedata\sounds\ambient\soundscape\animals\birds_forest_single_28.ogg
gamedata\sounds\ambient\soundscape\animals\birds_forest_single_29.ogg
gamedata\sounds\ambient\soundscape\animals\birds_forest_single_3.ogg
gamedata\sounds\ambient\soundscape\animals\birds_forest_single_30.ogg
gamedata\sounds\ambient\soundscape\animals\birds_forest_single_31.ogg
gamedata\sounds\ambient\soundscape\animals\birds_forest_single_32.ogg
gamedata\sounds\ambient\soundscape\animals\birds_forest_single_33.ogg
gamedata\sounds\ambient\soundscape\animals\birds_forest_single_34.ogg
gamedata\sounds\ambient\soundscape\animals\birds_forest_single_35.ogg
gamedata\sounds\ambient\soundscape\animals\birds_forest_single_36.ogg
gamedata\sounds\ambient\soundscape\animals\birds_forest_single_37.ogg
gamedata\sounds\ambient\soundscape\animals\birds_forest_single_38.ogg
gamedata\sounds\ambient\soundscape\animals\birds_forest_single_39.ogg
gamedata\sounds\ambient\soundscape\animals\birds_forest_single_4.ogg
gamedata\sounds\ambient\soundscape\animals\birds_forest_single_40.ogg
gamedata\sounds\ambient\soundscape\animals\birds_forest_single_41.ogg
gamedata\sounds\ambient\soundscape\animals\birds_forest_single_42.ogg
gamedata\sounds\ambient\soundscape\animals\birds_forest_single_43.ogg
gamedata\sounds\ambient\soundscape\animals\birds_forest_single_44.ogg
gamedata\sounds\ambient\soundscape\animals\birds_forest_single_45.ogg
gamedata\sounds\ambient\soundscape\animals\birds_forest_single_46.ogg
gamedata\sounds\ambient\soundscape\animals\birds_forest_single_47.ogg
gamedata\sounds\ambient\soundscape\animals\birds_forest_single_48.ogg
gamedata\sounds\ambient\soundscape\animals\birds_forest_single_49.ogg
gamedata\sounds\ambient\soundscape\animals\birds_forest_single_5.ogg
gamedata\sounds\ambient\soundscape\animals\birds_forest_single_50.ogg
gamedata\sounds\ambient\soundscape\animals\birds_forest_single_51.ogg
gamedata\sounds\ambient\soundscape\animals\birds_forest_single_52.ogg
gamedata\sounds\ambient\soundscape\animals\birds_forest_single_53.ogg
gamedata\sounds\ambient\soundscape\animals\birds_forest_single_54.ogg
gamedata\sounds\ambient\soundscape\animals\birds_forest_single_55.ogg
gamedata\sounds\ambient\soundscape\animals\birds_forest_single_56.ogg
gamedata\sounds\ambient\soundscape\animals\birds_forest_single_57.ogg
gamedata\sounds\ambient\soundscape\animals\birds_forest_single_58.ogg
gamedata\sounds\ambient\soundscape\animals\birds_forest_single_59.ogg
gamedata\sounds\ambient\soundscape\animals\birds_forest_single_6.ogg
gamedata\sounds\ambient\soundscape\animals\birds_forest_single_60.ogg
gamedata\sounds\ambient\soundscape\animals\birds_forest_single_61.ogg
gamedata\sounds\ambient\soundscape\animals\birds_forest_single_62.ogg
gamedata\sounds\ambient\soundscape\animals\birds_forest_single_63.ogg
gamedata\sounds\ambient\soundscape\animals\birds_forest_single_7.ogg
gamedata\sounds\ambient\soundscape\animals\birds_forest_single_8.ogg
gamedata\sounds\ambient\soundscape\animals\birds_forest_single_9.ogg
gamedata\sounds\ambient\soundscape\animals\birds_meadow_single_1.ogg
gamedata\sounds\ambient\soundscape\animals\birds_meadow_single_10.ogg
gamedata\sounds\ambient\soundscape\animals\birds_meadow_single_11.ogg
gamedata\sounds\ambient\soundscape\animals\birds_meadow_single_12.ogg
gamedata\sounds\ambient\soundscape\animals\birds_meadow_single_13.ogg
gamedata\sounds\ambient\soundscape\animals\birds_meadow_single_14.ogg
gamedata\sounds\ambient\soundscape\animals\birds_meadow_single_15.ogg
gamedata\sounds\ambient\soundscape\animals\birds_meadow_single_16.ogg
gamedata\sounds\ambient\soundscape\animals\birds_meadow_single_17.ogg
gamedata\sounds\ambient\soundscape\animals\birds_meadow_single_18.ogg
gamedata\sounds\ambient\soundscape\animals\birds_meadow_single_19.ogg
gamedata\sounds\ambient\soundscape\animals\birds_meadow_single_2.ogg
gamedata\sounds\ambient\soundscape\animals\birds_meadow_single_20.ogg
gamedata\sounds\ambient\soundscape\animals\birds_meadow_single_21.ogg
gamedata\sounds\ambient\soundscape\animals\birds_meadow_single_22.ogg
gamedata\sounds\ambient\soundscape\animals\birds_meadow_single_23.ogg
gamedata\sounds\ambient\soundscape\animals\birds_meadow_single_24.ogg
gamedata\sounds\ambient\soundscape\animals\birds_meadow_single_25.ogg
gamedata\sounds\ambient\soundscape\animals\birds_meadow_single_26.ogg
gamedata\sounds\ambient\soundscape\animals\birds_meadow_single_27.ogg
gamedata\sounds\ambient\soundscape\animals\birds_meadow_single_28.ogg
gamedata\sounds\ambient\soundscape\animals\birds_meadow_single_29.ogg
gamedata\sounds\ambient\soundscape\animals\birds_meadow_single_3.ogg
gamedata\sounds\ambient\soundscape\animals\birds_meadow_single_30.ogg
gamedata\sounds\ambient\soundscape\animals\birds_meadow_single_31.ogg
gamedata\sounds\ambient\soundscape\animals\birds_meadow_single_32.ogg
gamedata\sounds\ambient\soundscape\animals\birds_meadow_single_33.ogg
gamedata\sounds\ambient\soundscape\animals\birds_meadow_single_34.ogg
gamedata\sounds\ambient\soundscape\animals\birds_meadow_single_35.ogg
gamedata\sounds\ambient\soundscape\animals\birds_meadow_single_36.ogg
gamedata\sounds\ambient\soundscape\animals\birds_meadow_single_37.ogg
gamedata\sounds\ambient\soundscape\animals\birds_meadow_single_38.ogg
gamedata\sounds\ambient\soundscape\animals\birds_meadow_single_39.ogg
gamedata\sounds\ambient\soundscape\animals\birds_meadow_single_4.ogg
gamedata\sounds\ambient\soundscape\animals\birds_meadow_single_40.ogg
gamedata\sounds\ambient\soundscape\animals\birds_meadow_single_41.ogg
gamedata\sounds\ambient\soundscape\animals\birds_meadow_single_42.ogg
gamedata\sounds\ambient\soundscape\animals\birds_meadow_single_43.ogg
gamedata\sounds\ambient\soundscape\animals\birds_meadow_single_44.ogg
gamedata\sounds\ambient\soundscape\animals\birds_meadow_single_45.ogg
gamedata\sounds\ambient\soundscape\animals\birds_meadow_single_46.ogg
gamedata\sounds\ambient\soundscape\animals\birds_meadow_single_47.ogg
gamedata\sounds\ambient\soundscape\animals\birds_meadow_single_48.ogg
gamedata\sounds\ambient\soundscape\animals\birds_meadow_single_49.ogg
gamedata\sounds\ambient\soundscape\animals\birds_meadow_single_5.ogg
gamedata\sounds\ambient\soundscape\animals\birds_meadow_single_50.ogg
gamedata\sounds\ambient\soundscape\animals\birds_meadow_single_51.ogg
gamedata\sounds\ambient\soundscape\animals\birds_meadow_single_52.ogg
gamedata\sounds\ambient\soundscape\animals\birds_meadow_single_53.ogg
gamedata\sounds\ambient\soundscape\animals\birds_meadow_single_54.ogg
gamedata\sounds\ambient\soundscape\animals\birds_meadow_single_55.ogg
gamedata\sounds\ambient\soundscape\animals\birds_meadow_single_56.ogg
gamedata\sounds\ambient\soundscape\animals\birds_meadow_single_57.ogg
gamedata\sounds\ambient\soundscape\animals\birds_meadow_single_58.ogg
gamedata\sounds\ambient\soundscape\animals\birds_meadow_single_59.ogg
gamedata\sounds\ambient\soundscape\animals\birds_meadow_single_6.ogg
gamedata\sounds\ambient\soundscape\animals\birds_meadow_single_60.ogg
gamedata\sounds\ambient\soundscape\animals\birds_meadow_single_61.ogg
gamedata\sounds\ambient\soundscape\animals\birds_meadow_single_62.ogg
gamedata\sounds\ambient\soundscape\animals\birds_meadow_single_63.ogg
gamedata\sounds\ambient\soundscape\animals\birds_meadow_single_64.ogg
gamedata\sounds\ambient\soundscape\animals\birds_meadow_single_65.ogg
gamedata\sounds\ambient\soundscape\animals\birds_meadow_single_66.ogg
gamedata\sounds\ambient\soundscape\animals\birds_meadow_single_67.ogg
gamedata\sounds\ambient\soundscape\animals\birds_meadow_single_68.ogg
gamedata\sounds\ambient\soundscape\animals\birds_meadow_single_69.ogg
gamedata\sounds\ambient\soundscape\animals\birds_meadow_single_7.ogg
gamedata\sounds\ambient\soundscape\animals\birds_meadow_single_8.ogg
gamedata\sounds\ambient\soundscape\animals\birds_meadow_single_9.ogg
gamedata\sounds\ambient\soundscape\animals\birds_single_night_1.ogg
gamedata\sounds\ambient\soundscape\animals\birds_single_night_10.ogg
gamedata\sounds\ambient\soundscape\animals\birds_single_night_11.ogg
gamedata\sounds\ambient\soundscape\animals\birds_single_night_12.ogg
gamedata\sounds\ambient\soundscape\animals\birds_single_night_13.ogg
gamedata\sounds\ambient\soundscape\animals\birds_single_night_14.ogg
gamedata\sounds\ambient\soundscape\animals\birds_single_night_15.ogg
gamedata\sounds\ambient\soundscape\animals\birds_single_night_16.ogg
gamedata\sounds\ambient\soundscape\animals\birds_single_night_17.ogg
gamedata\sounds\ambient\soundscape\animals\birds_single_night_18.ogg
gamedata\sounds\ambient\soundscape\animals\birds_single_night_19.ogg
gamedata\sounds\ambient\soundscape\animals\birds_single_night_2.ogg
gamedata\sounds\ambient\soundscape\animals\birds_single_night_20.ogg
gamedata\sounds\ambient\soundscape\animals\birds_single_night_21.ogg
gamedata\sounds\ambient\soundscape\animals\birds_single_night_22.ogg
gamedata\sounds\ambient\soundscape\animals\birds_single_night_23.ogg
gamedata\sounds\ambient\soundscape\animals\birds_single_night_24.ogg
gamedata\sounds\ambient\soundscape\animals\birds_single_night_25.ogg
gamedata\sounds\ambient\soundscape\animals\birds_single_night_26.ogg
gamedata\sounds\ambient\soundscape\animals\birds_single_night_3.ogg
gamedata\sounds\ambient\soundscape\animals\birds_single_night_4.ogg
gamedata\sounds\ambient\soundscape\animals\birds_single_night_5.ogg
gamedata\sounds\ambient\soundscape\animals\birds_single_night_6.ogg
gamedata\sounds\ambient\soundscape\animals\birds_single_night_7.ogg
gamedata\sounds\ambient\soundscape\animals\birds_single_night_8.ogg
gamedata\sounds\ambient\soundscape\animals\birds_single_night_9.ogg
gamedata\sounds\ambient\soundscape\animals\crickets_1.ogg
gamedata\sounds\ambient\soundscape\animals\crickets_10.ogg
gamedata\sounds\ambient\soundscape\animals\crickets_11.ogg
gamedata\sounds\ambient\soundscape\animals\crickets_2.ogg
gamedata\sounds\ambient\soundscape\animals\crickets_3.ogg
gamedata\sounds\ambient\soundscape\animals\crickets_4.ogg
gamedata\sounds\ambient\soundscape\animals\crickets_5.ogg
gamedata\sounds\ambient\soundscape\animals\crickets_6.ogg
gamedata\sounds\ambient\soundscape\animals\crickets_7.ogg
gamedata\sounds\ambient\soundscape\animals\crickets_8.ogg
gamedata\sounds\ambient\soundscape\animals\crickets_9.ogg
gamedata\sounds\ambient\soundscape\animals\crickets_night_1.ogg
gamedata\sounds\ambient\soundscape\animals\crickets_night_2.ogg
gamedata\sounds\ambient\soundscape\animals\crickets_night_3.ogg
gamedata\sounds\ambient\soundscape\animals\crickets_night_4.ogg
gamedata\sounds\ambient\soundscape\animals\crickets_night_5.ogg
gamedata\sounds\ambient\soundscape\animals\crickets_night_6.ogg
NEWFLDR|gamedata\sounds\ambient\soundscape\background\
gamedata\sounds\ambient\soundscape\background\field_day.ogg
gamedata\sounds\ambient\soundscape\background\field_evening.ogg
gamedata\sounds\ambient\soundscape\background\field_morning.ogg
gamedata\sounds\ambient\soundscape\background\field_night.ogg
gamedata\sounds\ambient\soundscape\background\forest_1.ogg
gamedata\sounds\ambient\soundscape\background\forest_day.ogg
gamedata\sounds\ambient\soundscape\background\forest_evening.ogg
gamedata\sounds\ambient\soundscape\background\forest_morning.ogg
gamedata\sounds\ambient\soundscape\background\forest_night.ogg
gamedata\sounds\ambient\soundscape\background\houses_1.ogg
gamedata\sounds\ambient\soundscape\background\houses_day.ogg
gamedata\sounds\ambient\soundscape\background\houses_evening.ogg
gamedata\sounds\ambient\soundscape\background\houses_morning.ogg
gamedata\sounds\ambient\soundscape\background\houses_night.ogg
gamedata\sounds\ambient\soundscape\background\meadow_day.ogg
gamedata\sounds\ambient\soundscape\background\meadow_evening.ogg
gamedata\sounds\ambient\soundscape\background\meadow_morning.ogg
gamedata\sounds\ambient\soundscape\background\meadow_night.ogg
gamedata\sounds\ambient\soundscape\background\underground_2.ogg
gamedata\sounds\ambient\soundscape\background\underground_3.ogg
gamedata\sounds\ambient\soundscape\background\underground_4.ogg
NEWFLDR|gamedata\sounds\ambient\soundscape\background\Field\
gamedata\sounds\ambient\soundscape\background\Field\field_day.ogg
gamedata\sounds\ambient\soundscape\background\Field\field_evening.ogg
gamedata\sounds\ambient\soundscape\background\Field\field_morning.ogg
gamedata\sounds\ambient\soundscape\background\Field\field_night.ogg
gamedata\sounds\ambient\soundscape\background\Field\field_wind_high.ogg
gamedata\sounds\ambient\soundscape\background\Field\field_wind_low.ogg
gamedata\sounds\ambient\soundscape\background\Field\field_wind_med.ogg
NEWFLDR|gamedata\sounds\ambient\soundscape\background\Forest\
gamedata\sounds\ambient\soundscape\background\Forest\forest_day.ogg
gamedata\sounds\ambient\soundscape\background\Forest\forest_evening.ogg
gamedata\sounds\ambient\soundscape\background\Forest\forest_morning.ogg
gamedata\sounds\ambient\soundscape\background\Forest\forest_night.ogg
gamedata\sounds\ambient\soundscape\background\Forest\forest_wind.ogg
NEWFLDR|gamedata\sounds\ambient\soundscape\background\North\
gamedata\sounds\ambient\soundscape\background\North\open_day.ogg
gamedata\sounds\ambient\soundscape\background\North\open_night.ogg
NEWFLDR|gamedata\sounds\ambient\soundscape\background\Swamp\
gamedata\sounds\ambient\soundscape\background\Swamp\meadow_day.ogg
gamedata\sounds\ambient\soundscape\background\Swamp\meadow_evening.ogg
gamedata\sounds\ambient\soundscape\background\Swamp\meadow_morning.ogg
gamedata\sounds\ambient\soundscape\background\Swamp\meadow_night.ogg
NEWFLDR|gamedata\sounds\ambient\soundscape\background\Underground\
gamedata\sounds\ambient\soundscape\background\Underground\underground_2.ogg
gamedata\sounds\ambient\soundscape\background\Underground\underground_3.ogg
gamedata\sounds\ambient\soundscape\background\Underground\underground_4.ogg
NEWFLDR|gamedata\sounds\ambient\soundscape\background\Urban\
gamedata\sounds\ambient\soundscape\background\Urban\houses_day.ogg
gamedata\sounds\ambient\soundscape\background\Urban\houses_evening.ogg
gamedata\sounds\ambient\soundscape\background\Urban\houses_low.ogg
gamedata\sounds\ambient\soundscape\background\Urban\houses_morning.ogg
gamedata\sounds\ambient\soundscape\background\Urban\houses_night.ogg
gamedata\sounds\ambient\soundscape\background\Urban\houses_wind_high.ogg
gamedata\sounds\ambient\soundscape\background\Urban\houses_wind_low.ogg
gamedata\sounds\ambient\soundscape\background\Urban\houses_wind_med.ogg
gamedata\sounds\ambient\soundscape\background\Urban\houses_wind_storm.ogg
NEWFLDR|gamedata\sounds\ambient\soundscape\forest\
gamedata\sounds\ambient\soundscape\forest\sfx_1.ogg
gamedata\sounds\ambient\soundscape\forest\sfx_10.ogg
gamedata\sounds\ambient\soundscape\forest\sfx_11.ogg
gamedata\sounds\ambient\soundscape\forest\sfx_2.ogg
gamedata\sounds\ambient\soundscape\forest\sfx_3.ogg
gamedata\sounds\ambient\soundscape\forest\sfx_4.ogg
gamedata\sounds\ambient\soundscape\forest\sfx_5.ogg
gamedata\sounds\ambient\soundscape\forest\sfx_6.ogg
gamedata\sounds\ambient\soundscape\forest\sfx_7.ogg
gamedata\sounds\ambient\soundscape\forest\sfx_8.ogg
gamedata\sounds\ambient\soundscape\forest\sfx_9.ogg
NEWFLDR|gamedata\sounds\ambient\soundscape\forest_night\
gamedata\sounds\ambient\soundscape\forest_night\sfx_1.ogg
gamedata\sounds\ambient\soundscape\forest_night\sfx_2.ogg
gamedata\sounds\ambient\soundscape\forest_night\sfx_3.ogg
gamedata\sounds\ambient\soundscape\forest_night\sfx_4.ogg
gamedata\sounds\ambient\soundscape\forest_night\sfx_5.ogg
gamedata\sounds\ambient\soundscape\forest_night\sfx_6.ogg
NEWFLDR|gamedata\sounds\ambient\soundscape\insects\
gamedata\sounds\ambient\soundscape\insects\insectday_1.ogg
gamedata\sounds\ambient\soundscape\insects\insectday_10.ogg
gamedata\sounds\ambient\soundscape\insects\insectday_11.ogg
gamedata\sounds\ambient\soundscape\insects\insectday_12.ogg
gamedata\sounds\ambient\soundscape\insects\insectday_13.ogg
gamedata\sounds\ambient\soundscape\insects\insectday_14.ogg
gamedata\sounds\ambient\soundscape\insects\insectday_15.ogg
gamedata\sounds\ambient\soundscape\insects\insectday_16.ogg
gamedata\sounds\ambient\soundscape\insects\insectday_17.ogg
gamedata\sounds\ambient\soundscape\insects\insectday_18.ogg
gamedata\sounds\ambient\soundscape\insects\insectday_19.ogg
gamedata\sounds\ambient\soundscape\insects\insectday_2.ogg
gamedata\sounds\ambient\soundscape\insects\insectday_20.ogg
gamedata\sounds\ambient\soundscape\insects\insectday_21.ogg
gamedata\sounds\ambient\soundscape\insects\insectday_22.ogg
gamedata\sounds\ambient\soundscape\insects\insectday_3.ogg
gamedata\sounds\ambient\soundscape\insects\insectday_4.ogg
gamedata\sounds\ambient\soundscape\insects\insectday_5.ogg
gamedata\sounds\ambient\soundscape\insects\insectday_6.ogg
gamedata\sounds\ambient\soundscape\insects\insectday_7.ogg
gamedata\sounds\ambient\soundscape\insects\insectday_8.ogg
gamedata\sounds\ambient\soundscape\insects\insectday_9.ogg
gamedata\sounds\ambient\soundscape\insects\insectnight_1.ogg
gamedata\sounds\ambient\soundscape\insects\insectnight_10.ogg
gamedata\sounds\ambient\soundscape\insects\insectnight_11.ogg
gamedata\sounds\ambient\soundscape\insects\insectnight_12.ogg
gamedata\sounds\ambient\soundscape\insects\insectnight_13.ogg
gamedata\sounds\ambient\soundscape\insects\insectnight_14.ogg
gamedata\sounds\ambient\soundscape\insects\insectnight_15.ogg
gamedata\sounds\ambient\soundscape\insects\insectnight_16.ogg
gamedata\sounds\ambient\soundscape\insects\insectnight_17.ogg
gamedata\sounds\ambient\soundscape\insects\insectnight_2.ogg
gamedata\sounds\ambient\soundscape\insects\insectnight_3.ogg
gamedata\sounds\ambient\soundscape\insects\insectnight_4.ogg
gamedata\sounds\ambient\soundscape\insects\insectnight_5.ogg
gamedata\sounds\ambient\soundscape\insects\insectnight_6.ogg
gamedata\sounds\ambient\soundscape\insects\insectnight_7.ogg
gamedata\sounds\ambient\soundscape\insects\insectnight_8.ogg
gamedata\sounds\ambient\soundscape\insects\insectnight_9.ogg
NEWFLDR|gamedata\sounds\ambient\soundscape\swamp\
gamedata\sounds\ambient\soundscape\swamp\sfx_1.ogg
gamedata\sounds\ambient\soundscape\swamp\sfx_10.ogg
gamedata\sounds\ambient\soundscape\swamp\sfx_11.ogg
gamedata\sounds\ambient\soundscape\swamp\sfx_2.ogg
gamedata\sounds\ambient\soundscape\swamp\sfx_3.ogg
gamedata\sounds\ambient\soundscape\swamp\sfx_4.ogg
gamedata\sounds\ambient\soundscape\swamp\sfx_5.ogg
gamedata\sounds\ambient\soundscape\swamp\sfx_6.ogg
gamedata\sounds\ambient\soundscape\swamp\sfx_7.ogg
gamedata\sounds\ambient\soundscape\swamp\sfx_8.ogg
gamedata\sounds\ambient\soundscape\swamp\sfx_9.ogg
NEWFLDR|gamedata\sounds\ambient\soundscape\swamp_night\
gamedata\sounds\ambient\soundscape\swamp_night\sfx_1.ogg
gamedata\sounds\ambient\soundscape\swamp_night\sfx_10.ogg
gamedata\sounds\ambient\soundscape\swamp_night\sfx_11.ogg
gamedata\sounds\ambient\soundscape\swamp_night\sfx_12.ogg
gamedata\sounds\ambient\soundscape\swamp_night\sfx_13.ogg
gamedata\sounds\ambient\soundscape\swamp_night\sfx_14.ogg
gamedata\sounds\ambient\soundscape\swamp_night\sfx_2.ogg
gamedata\sounds\ambient\soundscape\swamp_night\sfx_3.ogg
gamedata\sounds\ambient\soundscape\swamp_night\sfx_4.ogg
gamedata\sounds\ambient\soundscape\swamp_night\sfx_5.ogg
gamedata\sounds\ambient\soundscape\swamp_night\sfx_6.ogg
gamedata\sounds\ambient\soundscape\swamp_night\sfx_7.ogg
gamedata\sounds\ambient\soundscape\swamp_night\sfx_8.ogg
gamedata\sounds\ambient\soundscape\swamp_night\sfx_9.ogg
NEWFLDR|gamedata\sounds\ambient\soundscape\thunder\
gamedata\sounds\ambient\soundscape\thunder\thunderfar_1.ogg
gamedata\sounds\ambient\soundscape\thunder\thunderfar_10.ogg
gamedata\sounds\ambient\soundscape\thunder\thunderfar_11.ogg
gamedata\sounds\ambient\soundscape\thunder\thunderfar_12.ogg
gamedata\sounds\ambient\soundscape\thunder\thunderfar_13.ogg
gamedata\sounds\ambient\soundscape\thunder\thunderfar_14.ogg
gamedata\sounds\ambient\soundscape\thunder\thunderfar_15.ogg
gamedata\sounds\ambient\soundscape\thunder\thunderfar_16.ogg
gamedata\sounds\ambient\soundscape\thunder\thunderfar_17.ogg
gamedata\sounds\ambient\soundscape\thunder\thunderfar_18.ogg
gamedata\sounds\ambient\soundscape\thunder\thunderfar_19.ogg
gamedata\sounds\ambient\soundscape\thunder\thunderfar_2.ogg
gamedata\sounds\ambient\soundscape\thunder\thunderfar_20.ogg
gamedata\sounds\ambient\soundscape\thunder\thunderfar_21.ogg
gamedata\sounds\ambient\soundscape\thunder\thunderfar_22.ogg
gamedata\sounds\ambient\soundscape\thunder\thunderfar_23.ogg
gamedata\sounds\ambient\soundscape\thunder\thunderfar_24.ogg
gamedata\sounds\ambient\soundscape\thunder\thunderfar_25.ogg
gamedata\sounds\ambient\soundscape\thunder\thunderfar_26.ogg
gamedata\sounds\ambient\soundscape\thunder\thunderfar_3.ogg
gamedata\sounds\ambient\soundscape\thunder\thunderfar_4.ogg
gamedata\sounds\ambient\soundscape\thunder\thunderfar_5.ogg
gamedata\sounds\ambient\soundscape\thunder\thunderfar_6.ogg
gamedata\sounds\ambient\soundscape\thunder\thunderfar_7.ogg
gamedata\sounds\ambient\soundscape\thunder\thunderfar_8.ogg
gamedata\sounds\ambient\soundscape\thunder\thunderfar_9.ogg
gamedata\sounds\ambient\soundscape\thunder\thunder_1.ogg
gamedata\sounds\ambient\soundscape\thunder\thunder_10.ogg
gamedata\sounds\ambient\soundscape\thunder\thunder_11.ogg
gamedata\sounds\ambient\soundscape\thunder\thunder_12.ogg
gamedata\sounds\ambient\soundscape\thunder\thunder_13.ogg
gamedata\sounds\ambient\soundscape\thunder\thunder_14.ogg
gamedata\sounds\ambient\soundscape\thunder\thunder_15.ogg
gamedata\sounds\ambient\soundscape\thunder\thunder_16.ogg
gamedata\sounds\ambient\soundscape\thunder\thunder_17.ogg
gamedata\sounds\ambient\soundscape\thunder\thunder_18.ogg
gamedata\sounds\ambient\soundscape\thunder\thunder_19.ogg
gamedata\sounds\ambient\soundscape\thunder\thunder_2.ogg
gamedata\sounds\ambient\soundscape\thunder\thunder_20.ogg
gamedata\sounds\ambient\soundscape\thunder\thunder_21.ogg
gamedata\sounds\ambient\soundscape\thunder\thunder_22.ogg
gamedata\sounds\ambient\soundscape\thunder\thunder_23.ogg
gamedata\sounds\ambient\soundscape\thunder\thunder_24.ogg
gamedata\sounds\ambient\soundscape\thunder\thunder_25.ogg
gamedata\sounds\ambient\soundscape\thunder\thunder_26.ogg
gamedata\sounds\ambient\soundscape\thunder\thunder_3.ogg
gamedata\sounds\ambient\soundscape\thunder\thunder_4.ogg
gamedata\sounds\ambient\soundscape\thunder\thunder_5.ogg
gamedata\sounds\ambient\soundscape\thunder\thunder_6.ogg
gamedata\sounds\ambient\soundscape\thunder\thunder_7.ogg
gamedata\sounds\ambient\soundscape\thunder\thunder_8.ogg
gamedata\sounds\ambient\soundscape\thunder\thunder_9.ogg
NEWFLDR|gamedata\sounds\ambient\soundscape\underground\
gamedata\sounds\ambient\soundscape\underground\under_1.ogg
gamedata\sounds\ambient\soundscape\underground\under_10.ogg
gamedata\sounds\ambient\soundscape\underground\under_11.ogg
gamedata\sounds\ambient\soundscape\underground\under_12.ogg
gamedata\sounds\ambient\soundscape\underground\under_13.ogg
gamedata\sounds\ambient\soundscape\underground\under_14.ogg
gamedata\sounds\ambient\soundscape\underground\under_15.ogg
gamedata\sounds\ambient\soundscape\underground\under_16.ogg
gamedata\sounds\ambient\soundscape\underground\under_17.ogg
gamedata\sounds\ambient\soundscape\underground\under_18.ogg
gamedata\sounds\ambient\soundscape\underground\under_19.ogg
gamedata\sounds\ambient\soundscape\underground\under_2.ogg
gamedata\sounds\ambient\soundscape\underground\under_20.ogg
gamedata\sounds\ambient\soundscape\underground\under_21.ogg
gamedata\sounds\ambient\soundscape\underground\under_22.ogg
gamedata\sounds\ambient\soundscape\underground\under_23.ogg
gamedata\sounds\ambient\soundscape\underground\under_24.ogg
gamedata\sounds\ambient\soundscape\underground\under_25.ogg
gamedata\sounds\ambient\soundscape\underground\under_26.ogg
gamedata\sounds\ambient\soundscape\underground\under_27.ogg
gamedata\sounds\ambient\soundscape\underground\under_28.ogg
gamedata\sounds\ambient\soundscape\underground\under_29.ogg
gamedata\sounds\ambient\soundscape\underground\under_3.ogg
gamedata\sounds\ambient\soundscape\underground\under_30.ogg
gamedata\sounds\ambient\soundscape\underground\under_31.ogg
gamedata\sounds\ambient\soundscape\underground\under_32.ogg
gamedata\sounds\ambient\soundscape\underground\under_4.ogg
gamedata\sounds\ambient\soundscape\underground\under_5.ogg
gamedata\sounds\ambient\soundscape\underground\under_6.ogg
gamedata\sounds\ambient\soundscape\underground\under_7.ogg
gamedata\sounds\ambient\soundscape\underground\under_8.ogg
gamedata\sounds\ambient\soundscape\underground\under_9.ogg
NEWFLDR|gamedata\sounds\ambient\soundscape\underground\spooks_above\
NEWFLDR|gamedata\sounds\ambient\soundscape\underground\spooks_above\amb_dark\
gamedata\sounds\ambient\soundscape\underground\spooks_above\amb_dark\sound_01.ogg
gamedata\sounds\ambient\soundscape\underground\spooks_above\amb_dark\sound_02.ogg
gamedata\sounds\ambient\soundscape\underground\spooks_above\amb_dark\sound_03.ogg
gamedata\sounds\ambient\soundscape\underground\spooks_above\amb_dark\sound_04.ogg
gamedata\sounds\ambient\soundscape\underground\spooks_above\amb_dark\sound_05.ogg
gamedata\sounds\ambient\soundscape\underground\spooks_above\amb_dark\sound_06.ogg
gamedata\sounds\ambient\soundscape\underground\spooks_above\amb_dark\sound_07.ogg
gamedata\sounds\ambient\soundscape\underground\spooks_above\amb_dark\sound_08.ogg
gamedata\sounds\ambient\soundscape\underground\spooks_above\amb_dark\sound_09.ogg
gamedata\sounds\ambient\soundscape\underground\spooks_above\amb_dark\sound_10.ogg
gamedata\sounds\ambient\soundscape\underground\spooks_above\amb_dark\sound_11.ogg
gamedata\sounds\ambient\soundscape\underground\spooks_above\amb_dark\sound_12.ogg
gamedata\sounds\ambient\soundscape\underground\spooks_above\amb_dark\sound_13.ogg
gamedata\sounds\ambient\soundscape\underground\spooks_above\amb_dark\sound_14.ogg
gamedata\sounds\ambient\soundscape\underground\spooks_above\amb_dark\sound_15.ogg
gamedata\sounds\ambient\soundscape\underground\spooks_above\amb_dark\sound_16.ogg
NEWFLDR|gamedata\sounds\ambient\soundscape\underground\spooks_above\amb_night\
gamedata\sounds\ambient\soundscape\underground\spooks_above\amb_night\sound_01.ogg
gamedata\sounds\ambient\soundscape\underground\spooks_above\amb_night\sound_02.ogg
gamedata\sounds\ambient\soundscape\underground\spooks_above\amb_night\sound_03.ogg
gamedata\sounds\ambient\soundscape\underground\spooks_above\amb_night\sound_04.ogg
gamedata\sounds\ambient\soundscape\underground\spooks_above\amb_night\sound_05.ogg
gamedata\sounds\ambient\soundscape\underground\spooks_above\amb_night\sound_06.ogg
gamedata\sounds\ambient\soundscape\underground\spooks_above\amb_night\sound_07.ogg
gamedata\sounds\ambient\soundscape\underground\spooks_above\amb_night\sound_08.ogg
gamedata\sounds\ambient\soundscape\underground\spooks_above\amb_night\sound_09.ogg
gamedata\sounds\ambient\soundscape\underground\spooks_above\amb_night\sound_10.ogg
NEWFLDR|gamedata\sounds\ambient\soundscape\underground\spooks_above\drone\
gamedata\sounds\ambient\soundscape\underground\spooks_above\drone\sound_01.ogg
gamedata\sounds\ambient\soundscape\underground\spooks_above\drone\sound_02.ogg
gamedata\sounds\ambient\soundscape\underground\spooks_above\drone\sound_03.ogg
gamedata\sounds\ambient\soundscape\underground\spooks_above\drone\sound_04.ogg
gamedata\sounds\ambient\soundscape\underground\spooks_above\drone\sound_05.ogg
gamedata\sounds\ambient\soundscape\underground\spooks_above\drone\sound_06.ogg
gamedata\sounds\ambient\soundscape\underground\spooks_above\drone\sound_07.ogg
gamedata\sounds\ambient\soundscape\underground\spooks_above\drone\sound_08.ogg
gamedata\sounds\ambient\soundscape\underground\spooks_above\drone\sound_09.ogg
gamedata\sounds\ambient\soundscape\underground\spooks_above\drone\sound_10.ogg
gamedata\sounds\ambient\soundscape\underground\spooks_above\drone\sound_11.ogg
NEWFLDR|gamedata\sounds\ambient\soundscape\underground\spooks_above\mutants\
gamedata\sounds\ambient\soundscape\underground\spooks_above\mutants\sound_01.ogg
gamedata\sounds\ambient\soundscape\underground\spooks_above\mutants\sound_02.ogg
gamedata\sounds\ambient\soundscape\underground\spooks_above\mutants\sound_03.ogg
gamedata\sounds\ambient\soundscape\underground\spooks_above\mutants\sound_04.ogg
gamedata\sounds\ambient\soundscape\underground\spooks_above\mutants\sound_05.ogg
gamedata\sounds\ambient\soundscape\underground\spooks_above\mutants\sound_06.ogg
gamedata\sounds\ambient\soundscape\underground\spooks_above\mutants\sound_07.ogg
gamedata\sounds\ambient\soundscape\underground\spooks_above\mutants\sound_08.ogg
gamedata\sounds\ambient\soundscape\underground\spooks_above\mutants\sound_09.ogg
gamedata\sounds\ambient\soundscape\underground\spooks_above\mutants\sound_10.ogg
gamedata\sounds\ambient\soundscape\underground\spooks_above\mutants\sound_11.ogg
gamedata\sounds\ambient\soundscape\underground\spooks_above\mutants\sound_12.ogg
gamedata\sounds\ambient\soundscape\underground\spooks_above\mutants\sound_13.ogg
gamedata\sounds\ambient\soundscape\underground\spooks_above\mutants\sound_14.ogg
gamedata\sounds\ambient\soundscape\underground\spooks_above\mutants\sound_15.ogg
gamedata\sounds\ambient\soundscape\underground\spooks_above\mutants\sound_16.ogg
gamedata\sounds\ambient\soundscape\underground\spooks_above\mutants\sound_17.ogg
gamedata\sounds\ambient\soundscape\underground\spooks_above\mutants\sound_18.ogg
gamedata\sounds\ambient\soundscape\underground\spooks_above\mutants\sound_19.ogg
gamedata\sounds\ambient\soundscape\underground\spooks_above\mutants\sound_20.ogg
gamedata\sounds\ambient\soundscape\underground\spooks_above\mutants\sound_21.ogg
gamedata\sounds\ambient\soundscape\underground\spooks_above\mutants\sound_22.ogg
gamedata\sounds\ambient\soundscape\underground\spooks_above\mutants\sound_23.ogg
gamedata\sounds\ambient\soundscape\underground\spooks_above\mutants\sound_24.ogg
gamedata\sounds\ambient\soundscape\underground\spooks_above\mutants\sound_25.ogg
gamedata\sounds\ambient\soundscape\underground\spooks_above\mutants\sound_26.ogg
gamedata\sounds\ambient\soundscape\underground\spooks_above\mutants\sound_27.ogg
gamedata\sounds\ambient\soundscape\underground\spooks_above\mutants\sound_28.ogg
gamedata\sounds\ambient\soundscape\underground\spooks_above\mutants\sound_29.ogg
gamedata\sounds\ambient\soundscape\underground\spooks_above\mutants\sound_30.ogg
gamedata\sounds\ambient\soundscape\underground\spooks_above\mutants\sound_31.ogg
gamedata\sounds\ambient\soundscape\underground\spooks_above\mutants\sound_32.ogg
gamedata\sounds\ambient\soundscape\underground\spooks_above\mutants\sound_33.ogg
gamedata\sounds\ambient\soundscape\underground\spooks_above\mutants\sound_34.ogg
gamedata\sounds\ambient\soundscape\underground\spooks_above\mutants\sound_35.ogg
gamedata\sounds\ambient\soundscape\underground\spooks_above\mutants\sound_36.ogg
gamedata\sounds\ambient\soundscape\underground\spooks_above\mutants\sound_37.ogg
gamedata\sounds\ambient\soundscape\underground\spooks_above\mutants\sound_38.ogg
gamedata\sounds\ambient\soundscape\underground\spooks_above\mutants\sound_39.ogg
gamedata\sounds\ambient\soundscape\underground\spooks_above\mutants\sound_40.ogg
NEWFLDR|gamedata\sounds\ambient\soundscape\underground\spooks_above\screams\
gamedata\sounds\ambient\soundscape\underground\spooks_above\screams\sound_01.ogg
gamedata\sounds\ambient\soundscape\underground\spooks_above\screams\sound_02.ogg
gamedata\sounds\ambient\soundscape\underground\spooks_above\screams\sound_03.ogg
gamedata\sounds\ambient\soundscape\underground\spooks_above\screams\sound_04.ogg
gamedata\sounds\ambient\soundscape\underground\spooks_above\screams\sound_05.ogg
gamedata\sounds\ambient\soundscape\underground\spooks_above\screams\sound_06.ogg
gamedata\sounds\ambient\soundscape\underground\spooks_above\screams\sound_07.ogg
gamedata\sounds\ambient\soundscape\underground\spooks_above\screams\sound_08.ogg
gamedata\sounds\ambient\soundscape\underground\spooks_above\screams\sound_09.ogg
gamedata\sounds\ambient\soundscape\underground\spooks_above\screams\sound_10.ogg
gamedata\sounds\ambient\soundscape\underground\spooks_above\screams\sound_11.ogg
gamedata\sounds\ambient\soundscape\underground\spooks_above\screams\sound_12.ogg
gamedata\sounds\ambient\soundscape\underground\spooks_above\screams\sound_13.ogg
gamedata\sounds\ambient\soundscape\underground\spooks_above\screams\sound_14.ogg
gamedata\sounds\ambient\soundscape\underground\spooks_above\screams\sound_15.ogg
gamedata\sounds\ambient\soundscape\underground\spooks_above\screams\sound_16.ogg
gamedata\sounds\ambient\soundscape\underground\spooks_above\screams\sound_17.ogg
gamedata\sounds\ambient\soundscape\underground\spooks_above\screams\sound_18.ogg
gamedata\sounds\ambient\soundscape\underground\spooks_above\screams\sound_19.ogg
gamedata\sounds\ambient\soundscape\underground\spooks_above\screams\sound_20.ogg
gamedata\sounds\ambient\soundscape\underground\spooks_above\screams\sound_21.ogg
gamedata\sounds\ambient\soundscape\underground\spooks_above\screams\sound_22.ogg
gamedata\sounds\ambient\soundscape\underground\spooks_above\screams\sound_23.ogg
gamedata\sounds\ambient\soundscape\underground\spooks_above\screams\sound_24.ogg
gamedata\sounds\ambient\soundscape\underground\spooks_above\screams\sound_25.ogg
NEWFLDR|gamedata\sounds\ambient\soundscape\underground\spooks_above\shooting\
gamedata\sounds\ambient\soundscape\underground\spooks_above\shooting\sound_01.ogg
gamedata\sounds\ambient\soundscape\underground\spooks_above\shooting\sound_02.ogg
gamedata\sounds\ambient\soundscape\underground\spooks_above\shooting\sound_03.ogg
gamedata\sounds\ambient\soundscape\underground\spooks_above\shooting\sound_04.ogg
gamedata\sounds\ambient\soundscape\underground\spooks_above\shooting\sound_05.ogg
gamedata\sounds\ambient\soundscape\underground\spooks_above\shooting\sound_06.ogg
gamedata\sounds\ambient\soundscape\underground\spooks_above\shooting\sound_07.ogg
gamedata\sounds\ambient\soundscape\underground\spooks_above\shooting\sound_08.ogg
gamedata\sounds\ambient\soundscape\underground\spooks_above\shooting\sound_09.ogg
gamedata\sounds\ambient\soundscape\underground\spooks_above\shooting\sound_10.ogg
gamedata\sounds\ambient\soundscape\underground\spooks_above\shooting\sound_11.ogg
gamedata\sounds\ambient\soundscape\underground\spooks_above\shooting\sound_12.ogg
gamedata\sounds\ambient\soundscape\underground\spooks_above\shooting\sound_13.ogg
gamedata\sounds\ambient\soundscape\underground\spooks_above\shooting\sound_14.ogg
gamedata\sounds\ambient\soundscape\underground\spooks_above\shooting\sound_15.ogg
gamedata\sounds\ambient\soundscape\underground\spooks_above\shooting\sound_16.ogg
gamedata\sounds\ambient\soundscape\underground\spooks_above\shooting\sound_17.ogg
gamedata\sounds\ambient\soundscape\underground\spooks_above\shooting\sound_18.ogg
gamedata\sounds\ambient\soundscape\underground\spooks_above\shooting\sound_19.ogg
gamedata\sounds\ambient\soundscape\underground\spooks_above\shooting\sound_20.ogg
gamedata\sounds\ambient\soundscape\underground\spooks_above\shooting\sound_21.ogg
gamedata\sounds\ambient\soundscape\underground\spooks_above\shooting\sound_22.ogg
gamedata\sounds\ambient\soundscape\underground\spooks_above\shooting\sound_23.ogg
gamedata\sounds\ambient\soundscape\underground\spooks_above\shooting\sound_24.ogg
gamedata\sounds\ambient\soundscape\underground\spooks_above\shooting\sound_25.ogg
gamedata\sounds\ambient\soundscape\underground\spooks_above\shooting\sound_26.ogg
gamedata\sounds\ambient\soundscape\underground\spooks_above\shooting\sound_27.ogg
gamedata\sounds\ambient\soundscape\underground\spooks_above\shooting\sound_28.ogg
gamedata\sounds\ambient\soundscape\underground\spooks_above\shooting\sound_29.ogg
gamedata\sounds\ambient\soundscape\underground\spooks_above\shooting\sound_30.ogg
gamedata\sounds\ambient\soundscape\underground\spooks_above\shooting\sound_31.ogg
gamedata\sounds\ambient\soundscape\underground\spooks_above\shooting\sound_32.ogg
gamedata\sounds\ambient\soundscape\underground\spooks_above\shooting\sound_33.ogg
gamedata\sounds\ambient\soundscape\underground\spooks_above\shooting\sound_34.ogg
gamedata\sounds\ambient\soundscape\underground\spooks_above\shooting\sound_35.ogg
gamedata\sounds\ambient\soundscape\underground\spooks_above\shooting\sound_36.ogg
gamedata\sounds\ambient\soundscape\underground\spooks_above\shooting\sound_37.ogg
NEWFLDR|gamedata\sounds\ambient\soundscape\underground\spooks_above\spooks\
gamedata\sounds\ambient\soundscape\underground\spooks_above\spooks\sound_01.ogg
gamedata\sounds\ambient\soundscape\underground\spooks_above\spooks\sound_02.ogg
gamedata\sounds\ambient\soundscape\underground\spooks_above\spooks\sound_03.ogg
gamedata\sounds\ambient\soundscape\underground\spooks_above\spooks\sound_04.ogg
gamedata\sounds\ambient\soundscape\underground\spooks_above\spooks\sound_05.ogg
gamedata\sounds\ambient\soundscape\underground\spooks_above\spooks\sound_06.ogg
gamedata\sounds\ambient\soundscape\underground\spooks_above\spooks\sound_07.ogg
gamedata\sounds\ambient\soundscape\underground\spooks_above\spooks\sound_08.ogg
gamedata\sounds\ambient\soundscape\underground\spooks_above\spooks\sound_09.ogg
gamedata\sounds\ambient\soundscape\underground\spooks_above\spooks\sound_10.ogg
gamedata\sounds\ambient\soundscape\underground\spooks_above\spooks\sound_11.ogg
gamedata\sounds\ambient\soundscape\underground\spooks_above\spooks\sound_12.ogg
gamedata\sounds\ambient\soundscape\underground\spooks_above\spooks\sound_13.ogg
gamedata\sounds\ambient\soundscape\underground\spooks_above\spooks\sound_14.ogg
gamedata\sounds\ambient\soundscape\underground\spooks_above\spooks\sound_15.ogg
gamedata\sounds\ambient\soundscape\underground\spooks_above\spooks\sound_16.ogg
gamedata\sounds\ambient\soundscape\underground\spooks_above\spooks\sound_17.ogg
gamedata\sounds\ambient\soundscape\underground\spooks_above\spooks\sound_18.ogg
gamedata\sounds\ambient\soundscape\underground\spooks_above\spooks\sound_19.ogg
gamedata\sounds\ambient\soundscape\underground\spooks_above\spooks\sound_20.ogg
gamedata\sounds\ambient\soundscape\underground\spooks_above\spooks\sound_21.ogg
gamedata\sounds\ambient\soundscape\underground\spooks_above\spooks\sound_22.ogg
gamedata\sounds\ambient\soundscape\underground\spooks_above\spooks\sound_23.ogg
gamedata\sounds\ambient\soundscape\underground\spooks_above\spooks\sound_24.ogg
gamedata\sounds\ambient\soundscape\underground\spooks_above\spooks\sound_25.ogg
gamedata\sounds\ambient\soundscape\underground\spooks_above\spooks\sound_26.ogg
gamedata\sounds\ambient\soundscape\underground\spooks_above\spooks\sound_27.ogg
gamedata\sounds\ambient\soundscape\underground\spooks_above\spooks\sound_28.ogg
gamedata\sounds\ambient\soundscape\underground\spooks_above\spooks\sound_29.ogg
gamedata\sounds\ambient\soundscape\underground\spooks_above\spooks\sound_30.ogg
gamedata\sounds\ambient\soundscape\underground\spooks_above\spooks\sound_31.ogg
gamedata\sounds\ambient\soundscape\underground\spooks_above\spooks\sound_32.ogg
gamedata\sounds\ambient\soundscape\underground\spooks_above\spooks\sound_33.ogg
gamedata\sounds\ambient\soundscape\underground\spooks_above\spooks\sound_34.ogg
gamedata\sounds\ambient\soundscape\underground\spooks_above\spooks\sound_35.ogg
gamedata\sounds\ambient\soundscape\underground\spooks_above\spooks\sound_36.ogg
gamedata\sounds\ambient\soundscape\underground\spooks_above\spooks\sound_37.ogg
NEWFLDR|gamedata\sounds\ambient\soundscape\underground\spooks_below\
NEWFLDR|gamedata\sounds\ambient\soundscape\underground\spooks_below\ambient\
gamedata\sounds\ambient\soundscape\underground\spooks_below\ambient\sound_01.ogg
gamedata\sounds\ambient\soundscape\underground\spooks_below\ambient\sound_02.ogg
gamedata\sounds\ambient\soundscape\underground\spooks_below\ambient\sound_03.ogg
gamedata\sounds\ambient\soundscape\underground\spooks_below\ambient\sound_04.ogg
gamedata\sounds\ambient\soundscape\underground\spooks_below\ambient\sound_05.ogg
gamedata\sounds\ambient\soundscape\underground\spooks_below\ambient\sound_06.ogg
gamedata\sounds\ambient\soundscape\underground\spooks_below\ambient\sound_07.ogg
gamedata\sounds\ambient\soundscape\underground\spooks_below\ambient\sound_08.ogg
gamedata\sounds\ambient\soundscape\underground\spooks_below\ambient\sound_09.ogg
gamedata\sounds\ambient\soundscape\underground\spooks_below\ambient\sound_10.ogg
gamedata\sounds\ambient\soundscape\underground\spooks_below\ambient\sound_11.ogg
gamedata\sounds\ambient\soundscape\underground\spooks_below\ambient\sound_12.ogg
NEWFLDR|gamedata\sounds\ambient\soundscape\underground\spooks_below\banging\
gamedata\sounds\ambient\soundscape\underground\spooks_below\banging\sound_01.ogg
gamedata\sounds\ambient\soundscape\underground\spooks_below\banging\sound_02.ogg
gamedata\sounds\ambient\soundscape\underground\spooks_below\banging\sound_03.ogg
gamedata\sounds\ambient\soundscape\underground\spooks_below\banging\sound_04.ogg
gamedata\sounds\ambient\soundscape\underground\spooks_below\banging\sound_05.ogg
gamedata\sounds\ambient\soundscape\underground\spooks_below\banging\sound_06.ogg
gamedata\sounds\ambient\soundscape\underground\spooks_below\banging\sound_07.ogg
NEWFLDR|gamedata\sounds\ambient\soundscape\underground\spooks_below\drone\
gamedata\sounds\ambient\soundscape\underground\spooks_below\drone\sound_01.ogg
gamedata\sounds\ambient\soundscape\underground\spooks_below\drone\sound_02.ogg
gamedata\sounds\ambient\soundscape\underground\spooks_below\drone\sound_03.ogg
gamedata\sounds\ambient\soundscape\underground\spooks_below\drone\sound_04.ogg
gamedata\sounds\ambient\soundscape\underground\spooks_below\drone\sound_05.ogg
gamedata\sounds\ambient\soundscape\underground\spooks_below\drone\sound_06.ogg
gamedata\sounds\ambient\soundscape\underground\spooks_below\drone\sound_07.ogg
gamedata\sounds\ambient\soundscape\underground\spooks_below\drone\sound_08.ogg
gamedata\sounds\ambient\soundscape\underground\spooks_below\drone\sound_09.ogg
gamedata\sounds\ambient\soundscape\underground\spooks_below\drone\sound_10.ogg
NEWFLDR|gamedata\sounds\ambient\soundscape\underground\spooks_below\lab\
gamedata\sounds\ambient\soundscape\underground\spooks_below\lab\sound_01.ogg
gamedata\sounds\ambient\soundscape\underground\spooks_below\lab\sound_02.ogg
gamedata\sounds\ambient\soundscape\underground\spooks_below\lab\sound_03.ogg
gamedata\sounds\ambient\soundscape\underground\spooks_below\lab\sound_04.ogg
gamedata\sounds\ambient\soundscape\underground\spooks_below\lab\sound_05.ogg
gamedata\sounds\ambient\soundscape\underground\spooks_below\lab\sound_06.ogg
NEWFLDR|gamedata\sounds\ambient\soundscape\underground\spooks_below\machine\
gamedata\sounds\ambient\soundscape\underground\spooks_below\machine\sound_01.ogg
gamedata\sounds\ambient\soundscape\underground\spooks_below\machine\sound_02.ogg
gamedata\sounds\ambient\soundscape\underground\spooks_below\machine\sound_03.ogg
gamedata\sounds\ambient\soundscape\underground\spooks_below\machine\sound_04.ogg
gamedata\sounds\ambient\soundscape\underground\spooks_below\machine\sound_05.ogg
gamedata\sounds\ambient\soundscape\underground\spooks_below\machine\sound_06.ogg
gamedata\sounds\ambient\soundscape\underground\spooks_below\machine\sound_07.ogg
gamedata\sounds\ambient\soundscape\underground\spooks_below\machine\sound_08.ogg
gamedata\sounds\ambient\soundscape\underground\spooks_below\machine\sound_09.ogg
gamedata\sounds\ambient\soundscape\underground\spooks_below\machine\sound_10.ogg
gamedata\sounds\ambient\soundscape\underground\spooks_below\machine\sound_11.ogg
gamedata\sounds\ambient\soundscape\underground\spooks_below\machine\sound_12.ogg
NEWFLDR|gamedata\sounds\ambient\soundscape\underground\spooks_below\metal\
gamedata\sounds\ambient\soundscape\underground\spooks_below\metal\sound_01.ogg
gamedata\sounds\ambient\soundscape\underground\spooks_below\metal\sound_02.ogg
gamedata\sounds\ambient\soundscape\underground\spooks_below\metal\sound_03.ogg
gamedata\sounds\ambient\soundscape\underground\spooks_below\metal\sound_04.ogg
gamedata\sounds\ambient\soundscape\underground\spooks_below\metal\sound_05.ogg
gamedata\sounds\ambient\soundscape\underground\spooks_below\metal\sound_06.ogg
gamedata\sounds\ambient\soundscape\underground\spooks_below\metal\sound_07.ogg
gamedata\sounds\ambient\soundscape\underground\spooks_below\metal\sound_08.ogg
gamedata\sounds\ambient\soundscape\underground\spooks_below\metal\sound_09.ogg
gamedata\sounds\ambient\soundscape\underground\spooks_below\metal\sound_10.ogg
gamedata\sounds\ambient\soundscape\underground\spooks_below\metal\sound_11.ogg
gamedata\sounds\ambient\soundscape\underground\spooks_below\metal\sound_12.ogg
gamedata\sounds\ambient\soundscape\underground\spooks_below\metal\sound_13.ogg
gamedata\sounds\ambient\soundscape\underground\spooks_below\metal\sound_14.ogg
NEWFLDR|gamedata\sounds\ambient\soundscape\underground\spooks_below\noise\
gamedata\sounds\ambient\soundscape\underground\spooks_below\noise\sound_01.ogg
gamedata\sounds\ambient\soundscape\underground\spooks_below\noise\sound_02.ogg
gamedata\sounds\ambient\soundscape\underground\spooks_below\noise\sound_03.ogg
gamedata\sounds\ambient\soundscape\underground\spooks_below\noise\sound_04.ogg
gamedata\sounds\ambient\soundscape\underground\spooks_below\noise\sound_05.ogg
gamedata\sounds\ambient\soundscape\underground\spooks_below\noise\sound_06.ogg
gamedata\sounds\ambient\soundscape\underground\spooks_below\noise\sound_07.ogg
gamedata\sounds\ambient\soundscape\underground\spooks_below\noise\sound_08.ogg
gamedata\sounds\ambient\soundscape\underground\spooks_below\noise\sound_09.ogg
gamedata\sounds\ambient\soundscape\underground\spooks_below\noise\sound_10.ogg
gamedata\sounds\ambient\soundscape\underground\spooks_below\noise\sound_11.ogg
gamedata\sounds\ambient\soundscape\underground\spooks_below\noise\sound_12.ogg
gamedata\sounds\ambient\soundscape\underground\spooks_below\noise\sound_13.ogg
gamedata\sounds\ambient\soundscape\underground\spooks_below\noise\sound_14.ogg
gamedata\sounds\ambient\soundscape\underground\spooks_below\noise\sound_15.ogg
gamedata\sounds\ambient\soundscape\underground\spooks_below\noise\sound_16.ogg
gamedata\sounds\ambient\soundscape\underground\spooks_below\noise\sound_17.ogg
gamedata\sounds\ambient\soundscape\underground\spooks_below\noise\sound_18.ogg
gamedata\sounds\ambient\soundscape\underground\spooks_below\noise\sound_19.ogg
gamedata\sounds\ambient\soundscape\underground\spooks_below\noise\sound_20.ogg
gamedata\sounds\ambient\soundscape\underground\spooks_below\noise\sound_21.ogg
gamedata\sounds\ambient\soundscape\underground\spooks_below\noise\sound_22.ogg
gamedata\sounds\ambient\soundscape\underground\spooks_below\noise\sound_23.ogg
gamedata\sounds\ambient\soundscape\underground\spooks_below\noise\sound_24.ogg
gamedata\sounds\ambient\soundscape\underground\spooks_below\noise\sound_25.ogg
gamedata\sounds\ambient\soundscape\underground\spooks_below\noise\sound_26.ogg
gamedata\sounds\ambient\soundscape\underground\spooks_below\noise\sound_27.ogg
gamedata\sounds\ambient\soundscape\underground\spooks_below\noise\sound_28.ogg
NEWFLDR|gamedata\sounds\ambient\soundscape\underground\spooks_below\rats\
gamedata\sounds\ambient\soundscape\underground\spooks_below\rats\sound_01.ogg
gamedata\sounds\ambient\soundscape\underground\spooks_below\rats\sound_02.ogg
gamedata\sounds\ambient\soundscape\underground\spooks_below\rats\sound_03.ogg
gamedata\sounds\ambient\soundscape\underground\spooks_below\rats\sound_04.ogg
gamedata\sounds\ambient\soundscape\underground\spooks_below\rats\sound_05.ogg
gamedata\sounds\ambient\soundscape\underground\spooks_below\rats\sound_06.ogg
gamedata\sounds\ambient\soundscape\underground\spooks_below\rats\sound_07.ogg
NEWFLDR|gamedata\sounds\ambient\soundscape\underground\spooks_below\spooks\
gamedata\sounds\ambient\soundscape\underground\spooks_below\spooks\sound_01.ogg
gamedata\sounds\ambient\soundscape\underground\spooks_below\spooks\sound_02.ogg
gamedata\sounds\ambient\soundscape\underground\spooks_below\spooks\sound_03.ogg
gamedata\sounds\ambient\soundscape\underground\spooks_below\spooks\sound_04.ogg
gamedata\sounds\ambient\soundscape\underground\spooks_below\spooks\sound_05.ogg
gamedata\sounds\ambient\soundscape\underground\spooks_below\spooks\sound_06.ogg
gamedata\sounds\ambient\soundscape\underground\spooks_below\spooks\sound_07.ogg
gamedata\sounds\ambient\soundscape\underground\spooks_below\spooks\sound_08.ogg
gamedata\sounds\ambient\soundscape\underground\spooks_below\spooks\sound_09.ogg
gamedata\sounds\ambient\soundscape\underground\spooks_below\spooks\sound_10.ogg
gamedata\sounds\ambient\soundscape\underground\spooks_below\spooks\sound_11.ogg
gamedata\sounds\ambient\soundscape\underground\spooks_below\spooks\sound_12.ogg
gamedata\sounds\ambient\soundscape\underground\spooks_below\spooks\sound_13.ogg
gamedata\sounds\ambient\soundscape\underground\spooks_below\spooks\sound_14.ogg
gamedata\sounds\ambient\soundscape\underground\spooks_below\spooks\sound_15.ogg
gamedata\sounds\ambient\soundscape\underground\spooks_below\spooks\sound_16.ogg
gamedata\sounds\ambient\soundscape\underground\spooks_below\spooks\sound_17.ogg
gamedata\sounds\ambient\soundscape\underground\spooks_below\spooks\sound_18.ogg
gamedata\sounds\ambient\soundscape\underground\spooks_below\spooks\sound_19.ogg
gamedata\sounds\ambient\soundscape\underground\spooks_below\spooks\sound_20.ogg
gamedata\sounds\ambient\soundscape\underground\spooks_below\spooks\sound_21.ogg
gamedata\sounds\ambient\soundscape\underground\spooks_below\spooks\sound_22.ogg
gamedata\sounds\ambient\soundscape\underground\spooks_below\spooks\~sound_21.ogg
NEWFLDR|gamedata\sounds\ambient\soundscape\underground\spooks_below\water_drip\
gamedata\sounds\ambient\soundscape\underground\spooks_below\water_drip\sound_01.ogg
gamedata\sounds\ambient\soundscape\underground\spooks_below\water_drip\sound_02.ogg
gamedata\sounds\ambient\soundscape\underground\spooks_below\water_drip\sound_03.ogg
gamedata\sounds\ambient\soundscape\underground\spooks_below\water_drip\sound_04.ogg
gamedata\sounds\ambient\soundscape\underground\spooks_below\water_drip\sound_05.ogg
gamedata\sounds\ambient\soundscape\underground\spooks_below\water_drip\sound_06.ogg
gamedata\sounds\ambient\soundscape\underground\spooks_below\water_drip\sound_07.ogg
gamedata\sounds\ambient\soundscape\underground\spooks_below\water_drip\sound_08.ogg
gamedata\sounds\ambient\soundscape\underground\spooks_below\water_drip\sound_09.ogg
gamedata\sounds\ambient\soundscape\underground\spooks_below\water_drip\sound_10.ogg
gamedata\sounds\ambient\soundscape\underground\spooks_below\water_drip\sound_11.ogg
NEWFLDR|gamedata\sounds\ambient\soundscape\urban\
gamedata\sounds\ambient\soundscape\urban\ambienturban_1.ogg
gamedata\sounds\ambient\soundscape\urban\ambienturban_10.ogg
gamedata\sounds\ambient\soundscape\urban\ambienturban_11.ogg
gamedata\sounds\ambient\soundscape\urban\ambienturban_12.ogg
gamedata\sounds\ambient\soundscape\urban\ambienturban_13.ogg
gamedata\sounds\ambient\soundscape\urban\ambienturban_14.ogg
gamedata\sounds\ambient\soundscape\urban\ambienturban_15.ogg
gamedata\sounds\ambient\soundscape\urban\ambienturban_16.ogg
gamedata\sounds\ambient\soundscape\urban\ambienturban_17.ogg
gamedata\sounds\ambient\soundscape\urban\ambienturban_18.ogg
gamedata\sounds\ambient\soundscape\urban\ambienturban_19.ogg
gamedata\sounds\ambient\soundscape\urban\ambienturban_2.ogg
gamedata\sounds\ambient\soundscape\urban\ambienturban_20.ogg
gamedata\sounds\ambient\soundscape\urban\ambienturban_21.ogg
gamedata\sounds\ambient\soundscape\urban\ambienturban_22.ogg
gamedata\sounds\ambient\soundscape\urban\ambienturban_23.ogg
gamedata\sounds\ambient\soundscape\urban\ambienturban_24.ogg
gamedata\sounds\ambient\soundscape\urban\ambienturban_25.ogg
gamedata\sounds\ambient\soundscape\urban\ambienturban_26.ogg
gamedata\sounds\ambient\soundscape\urban\ambienturban_27.ogg
gamedata\sounds\ambient\soundscape\urban\ambienturban_3.ogg
gamedata\sounds\ambient\soundscape\urban\ambienturban_4.ogg
gamedata\sounds\ambient\soundscape\urban\ambienturban_5.ogg
gamedata\sounds\ambient\soundscape\urban\ambienturban_6.ogg
gamedata\sounds\ambient\soundscape\urban\ambienturban_7.ogg
gamedata\sounds\ambient\soundscape\urban\ambienturban_8.ogg
gamedata\sounds\ambient\soundscape\urban\ambienturban_9.ogg
NEWFLDR|gamedata\sounds\ambient\soundscape\wind\
gamedata\sounds\ambient\soundscape\wind\housewind01.ogg
gamedata\sounds\ambient\soundscape\wind\housewind02.ogg
gamedata\sounds\ambient\soundscape\wind\housewind03.ogg
gamedata\sounds\ambient\soundscape\wind\housewind04.ogg
gamedata\sounds\ambient\soundscape\wind\housewind05.ogg
gamedata\sounds\ambient\soundscape\wind\housewind06.ogg
gamedata\sounds\ambient\soundscape\wind\housewind07.ogg
gamedata\sounds\ambient\soundscape\wind\housewind08.ogg
gamedata\sounds\ambient\soundscape\wind\housewind09.ogg
gamedata\sounds\ambient\soundscape\wind\housewind10.ogg
gamedata\sounds\ambient\soundscape\wind\housewind11.ogg
gamedata\sounds\ambient\soundscape\wind\housewind12.ogg
gamedata\sounds\ambient\soundscape\wind\housewind13.ogg
gamedata\sounds\ambient\soundscape\wind\housewind14.ogg
gamedata\sounds\ambient\soundscape\wind\housewind15.ogg
gamedata\sounds\ambient\soundscape\wind\housewind16.ogg
gamedata\sounds\ambient\soundscape\wind\windbush_1.ogg
gamedata\sounds\ambient\soundscape\wind\windbush_2.ogg
gamedata\sounds\ambient\soundscape\wind\windbush_3.ogg
gamedata\sounds\ambient\soundscape\wind\windbush_4.ogg
gamedata\sounds\ambient\soundscape\wind\windbush_5.ogg
gamedata\sounds\ambient\soundscape\wind\windtreestorm_1.ogg
gamedata\sounds\ambient\soundscape\wind\windtreestorm_10.ogg
gamedata\sounds\ambient\soundscape\wind\windtreestorm_11.ogg
gamedata\sounds\ambient\soundscape\wind\windtreestorm_12.ogg
gamedata\sounds\ambient\soundscape\wind\windtreestorm_2.ogg
gamedata\sounds\ambient\soundscape\wind\windtreestorm_3.ogg
gamedata\sounds\ambient\soundscape\wind\windtreestorm_4.ogg
gamedata\sounds\ambient\soundscape\wind\windtreestorm_5.ogg
gamedata\sounds\ambient\soundscape\wind\windtreestorm_6.ogg
gamedata\sounds\ambient\soundscape\wind\windtreestorm_7.ogg
gamedata\sounds\ambient\soundscape\wind\windtreestorm_8.ogg
gamedata\sounds\ambient\soundscape\wind\windtreestorm_9.ogg
gamedata\sounds\ambient\soundscape\wind\windtree_1.ogg
gamedata\sounds\ambient\soundscape\wind\windtree_10.ogg
gamedata\sounds\ambient\soundscape\wind\windtree_11.ogg
gamedata\sounds\ambient\soundscape\wind\windtree_12.ogg
gamedata\sounds\ambient\soundscape\wind\windtree_2.ogg
gamedata\sounds\ambient\soundscape\wind\windtree_3.ogg
gamedata\sounds\ambient\soundscape\wind\windtree_4.ogg
gamedata\sounds\ambient\soundscape\wind\windtree_5.ogg
gamedata\sounds\ambient\soundscape\wind\windtree_6.ogg
gamedata\sounds\ambient\soundscape\wind\windtree_7.ogg
gamedata\sounds\ambient\soundscape\wind\windtree_8.ogg
gamedata\sounds\ambient\soundscape\wind\windtree_9.ogg
gamedata\sounds\ambient\soundscape\wind\windwhistle1.ogg
gamedata\sounds\ambient\soundscape\wind\windwhistle2.ogg
gamedata\sounds\ambient\soundscape\wind\windwhistle3.ogg
gamedata\sounds\ambient\soundscape\wind\windwhistle4.ogg
gamedata\sounds\ambient\soundscape\wind\windwhistle5.ogg
gamedata\sounds\ambient\soundscape\wind\windwhistle6.ogg
gamedata\sounds\ambient\soundscape\wind\windwhistle7.ogg
NEWFLDR|gamedata\sounds\ambient\trx\
NEWFLDR|gamedata\sounds\ambient\trx\spooks_above\
NEWFLDR|gamedata\sounds\ambient\trx\spooks_above\amb_dark\
gamedata\sounds\ambient\trx\spooks_above\amb_dark\sound_01.ogg
gamedata\sounds\ambient\trx\spooks_above\amb_dark\sound_02.ogg
gamedata\sounds\ambient\trx\spooks_above\amb_dark\sound_03.ogg
gamedata\sounds\ambient\trx\spooks_above\amb_dark\sound_04.ogg
gamedata\sounds\ambient\trx\spooks_above\amb_dark\sound_05.ogg
gamedata\sounds\ambient\trx\spooks_above\amb_dark\sound_06.ogg
gamedata\sounds\ambient\trx\spooks_above\amb_dark\sound_07.ogg
gamedata\sounds\ambient\trx\spooks_above\amb_dark\sound_08.ogg
gamedata\sounds\ambient\trx\spooks_above\amb_dark\sound_09.ogg
gamedata\sounds\ambient\trx\spooks_above\amb_dark\sound_10.ogg
gamedata\sounds\ambient\trx\spooks_above\amb_dark\sound_11.ogg
gamedata\sounds\ambient\trx\spooks_above\amb_dark\sound_12.ogg
gamedata\sounds\ambient\trx\spooks_above\amb_dark\sound_13.ogg
gamedata\sounds\ambient\trx\spooks_above\amb_dark\sound_14.ogg
gamedata\sounds\ambient\trx\spooks_above\amb_dark\sound_15.ogg
gamedata\sounds\ambient\trx\spooks_above\amb_dark\sound_16.ogg
NEWFLDR|gamedata\sounds\ambient\trx\spooks_above\amb_night\
gamedata\sounds\ambient\trx\spooks_above\amb_night\sound_01.ogg
gamedata\sounds\ambient\trx\spooks_above\amb_night\sound_02.ogg
gamedata\sounds\ambient\trx\spooks_above\amb_night\sound_03.ogg
gamedata\sounds\ambient\trx\spooks_above\amb_night\sound_04.ogg
gamedata\sounds\ambient\trx\spooks_above\amb_night\sound_05.ogg
gamedata\sounds\ambient\trx\spooks_above\amb_night\sound_06.ogg
gamedata\sounds\ambient\trx\spooks_above\amb_night\sound_07.ogg
gamedata\sounds\ambient\trx\spooks_above\amb_night\sound_08.ogg
gamedata\sounds\ambient\trx\spooks_above\amb_night\sound_09.ogg
gamedata\sounds\ambient\trx\spooks_above\amb_night\sound_10.ogg
NEWFLDR|gamedata\sounds\ambient\trx\spooks_above\drone\
gamedata\sounds\ambient\trx\spooks_above\drone\sound_01.ogg
gamedata\sounds\ambient\trx\spooks_above\drone\sound_02.ogg
gamedata\sounds\ambient\trx\spooks_above\drone\sound_03.ogg
gamedata\sounds\ambient\trx\spooks_above\drone\sound_04.ogg
gamedata\sounds\ambient\trx\spooks_above\drone\sound_05.ogg
gamedata\sounds\ambient\trx\spooks_above\drone\sound_06.ogg
gamedata\sounds\ambient\trx\spooks_above\drone\sound_07.ogg
gamedata\sounds\ambient\trx\spooks_above\drone\sound_08.ogg
gamedata\sounds\ambient\trx\spooks_above\drone\sound_09.ogg
gamedata\sounds\ambient\trx\spooks_above\drone\sound_10.ogg
gamedata\sounds\ambient\trx\spooks_above\drone\sound_11.ogg
NEWFLDR|gamedata\sounds\ambient\trx\spooks_above\mutants\
gamedata\sounds\ambient\trx\spooks_above\mutants\sound_01.ogg
gamedata\sounds\ambient\trx\spooks_above\mutants\sound_02.ogg
gamedata\sounds\ambient\trx\spooks_above\mutants\sound_03.ogg
gamedata\sounds\ambient\trx\spooks_above\mutants\sound_04.ogg
gamedata\sounds\ambient\trx\spooks_above\mutants\sound_05.ogg
gamedata\sounds\ambient\trx\spooks_above\mutants\sound_06.ogg
gamedata\sounds\ambient\trx\spooks_above\mutants\sound_07.ogg
gamedata\sounds\ambient\trx\spooks_above\mutants\sound_08.ogg
gamedata\sounds\ambient\trx\spooks_above\mutants\sound_09.ogg
gamedata\sounds\ambient\trx\spooks_above\mutants\sound_10.ogg
gamedata\sounds\ambient\trx\spooks_above\mutants\sound_11.ogg
gamedata\sounds\ambient\trx\spooks_above\mutants\sound_12.ogg
gamedata\sounds\ambient\trx\spooks_above\mutants\sound_13.ogg
gamedata\sounds\ambient\trx\spooks_above\mutants\sound_14.ogg
gamedata\sounds\ambient\trx\spooks_above\mutants\sound_15.ogg
gamedata\sounds\ambient\trx\spooks_above\mutants\sound_16.ogg
gamedata\sounds\ambient\trx\spooks_above\mutants\sound_17.ogg
gamedata\sounds\ambient\trx\spooks_above\mutants\sound_18.ogg
gamedata\sounds\ambient\trx\spooks_above\mutants\sound_19.ogg
gamedata\sounds\ambient\trx\spooks_above\mutants\sound_20.ogg
gamedata\sounds\ambient\trx\spooks_above\mutants\sound_21.ogg
gamedata\sounds\ambient\trx\spooks_above\mutants\sound_22.ogg
gamedata\sounds\ambient\trx\spooks_above\mutants\sound_23.ogg
gamedata\sounds\ambient\trx\spooks_above\mutants\sound_24.ogg
gamedata\sounds\ambient\trx\spooks_above\mutants\sound_25.ogg
gamedata\sounds\ambient\trx\spooks_above\mutants\sound_26.ogg
gamedata\sounds\ambient\trx\spooks_above\mutants\sound_27.ogg
gamedata\sounds\ambient\trx\spooks_above\mutants\sound_28.ogg
gamedata\sounds\ambient\trx\spooks_above\mutants\sound_29.ogg
gamedata\sounds\ambient\trx\spooks_above\mutants\sound_30.ogg
gamedata\sounds\ambient\trx\spooks_above\mutants\sound_31.ogg
gamedata\sounds\ambient\trx\spooks_above\mutants\sound_32.ogg
gamedata\sounds\ambient\trx\spooks_above\mutants\sound_33.ogg
gamedata\sounds\ambient\trx\spooks_above\mutants\sound_34.ogg
gamedata\sounds\ambient\trx\spooks_above\mutants\sound_35.ogg
gamedata\sounds\ambient\trx\spooks_above\mutants\sound_36.ogg
gamedata\sounds\ambient\trx\spooks_above\mutants\sound_37.ogg
gamedata\sounds\ambient\trx\spooks_above\mutants\sound_38.ogg
gamedata\sounds\ambient\trx\spooks_above\mutants\sound_39.ogg
gamedata\sounds\ambient\trx\spooks_above\mutants\sound_40.ogg
NEWFLDR|gamedata\sounds\ambient\trx\spooks_above\screams\
gamedata\sounds\ambient\trx\spooks_above\screams\sound_01.ogg
gamedata\sounds\ambient\trx\spooks_above\screams\sound_02.ogg
gamedata\sounds\ambient\trx\spooks_above\screams\sound_03.ogg
gamedata\sounds\ambient\trx\spooks_above\screams\sound_04.ogg
gamedata\sounds\ambient\trx\spooks_above\screams\sound_05.ogg
gamedata\sounds\ambient\trx\spooks_above\screams\sound_06.ogg
gamedata\sounds\ambient\trx\spooks_above\screams\sound_07.ogg
gamedata\sounds\ambient\trx\spooks_above\screams\sound_08.ogg
gamedata\sounds\ambient\trx\spooks_above\screams\sound_09.ogg
gamedata\sounds\ambient\trx\spooks_above\screams\sound_10.ogg
gamedata\sounds\ambient\trx\spooks_above\screams\sound_11.ogg
gamedata\sounds\ambient\trx\spooks_above\screams\sound_12.ogg
gamedata\sounds\ambient\trx\spooks_above\screams\sound_13.ogg
gamedata\sounds\ambient\trx\spooks_above\screams\sound_14.ogg
gamedata\sounds\ambient\trx\spooks_above\screams\sound_15.ogg
gamedata\sounds\ambient\trx\spooks_above\screams\sound_16.ogg
gamedata\sounds\ambient\trx\spooks_above\screams\sound_17.ogg
gamedata\sounds\ambient\trx\spooks_above\screams\sound_18.ogg
gamedata\sounds\ambient\trx\spooks_above\screams\sound_19.ogg
gamedata\sounds\ambient\trx\spooks_above\screams\sound_20.ogg
gamedata\sounds\ambient\trx\spooks_above\screams\sound_21.ogg
gamedata\sounds\ambient\trx\spooks_above\screams\sound_22.ogg
gamedata\sounds\ambient\trx\spooks_above\screams\sound_23.ogg
gamedata\sounds\ambient\trx\spooks_above\screams\sound_24.ogg
gamedata\sounds\ambient\trx\spooks_above\screams\sound_25.ogg
NEWFLDR|gamedata\sounds\ambient\trx\spooks_above\shooting\
gamedata\sounds\ambient\trx\spooks_above\shooting\sound_01.ogg
gamedata\sounds\ambient\trx\spooks_above\shooting\sound_02.ogg
gamedata\sounds\ambient\trx\spooks_above\shooting\sound_03.ogg
gamedata\sounds\ambient\trx\spooks_above\shooting\sound_04.ogg
gamedata\sounds\ambient\trx\spooks_above\shooting\sound_05.ogg
gamedata\sounds\ambient\trx\spooks_above\shooting\sound_06.ogg
gamedata\sounds\ambient\trx\spooks_above\shooting\sound_07.ogg
gamedata\sounds\ambient\trx\spooks_above\shooting\sound_08.ogg
gamedata\sounds\ambient\trx\spooks_above\shooting\sound_09.ogg
gamedata\sounds\ambient\trx\spooks_above\shooting\sound_10.ogg
gamedata\sounds\ambient\trx\spooks_above\shooting\sound_11.ogg
gamedata\sounds\ambient\trx\spooks_above\shooting\sound_12.ogg
gamedata\sounds\ambient\trx\spooks_above\shooting\sound_13.ogg
gamedata\sounds\ambient\trx\spooks_above\shooting\sound_14.ogg
gamedata\sounds\ambient\trx\spooks_above\shooting\sound_15.ogg
gamedata\sounds\ambient\trx\spooks_above\shooting\sound_16.ogg
gamedata\sounds\ambient\trx\spooks_above\shooting\sound_17.ogg
gamedata\sounds\ambient\trx\spooks_above\shooting\sound_18.ogg
gamedata\sounds\ambient\trx\spooks_above\shooting\sound_19.ogg
gamedata\sounds\ambient\trx\spooks_above\shooting\sound_20.ogg
gamedata\sounds\ambient\trx\spooks_above\shooting\sound_21.ogg
gamedata\sounds\ambient\trx\spooks_above\shooting\sound_22.ogg
gamedata\sounds\ambient\trx\spooks_above\shooting\sound_23.ogg
gamedata\sounds\ambient\trx\spooks_above\shooting\sound_24.ogg
gamedata\sounds\ambient\trx\spooks_above\shooting\sound_25.ogg
gamedata\sounds\ambient\trx\spooks_above\shooting\sound_26.ogg
gamedata\sounds\ambient\trx\spooks_above\shooting\sound_27.ogg
gamedata\sounds\ambient\trx\spooks_above\shooting\sound_28.ogg
gamedata\sounds\ambient\trx\spooks_above\shooting\sound_29.ogg
gamedata\sounds\ambient\trx\spooks_above\shooting\sound_30.ogg
gamedata\sounds\ambient\trx\spooks_above\shooting\sound_31.ogg
gamedata\sounds\ambient\trx\spooks_above\shooting\sound_32.ogg
gamedata\sounds\ambient\trx\spooks_above\shooting\sound_33.ogg
gamedata\sounds\ambient\trx\spooks_above\shooting\sound_34.ogg
gamedata\sounds\ambient\trx\spooks_above\shooting\sound_35.ogg
gamedata\sounds\ambient\trx\spooks_above\shooting\sound_36.ogg
gamedata\sounds\ambient\trx\spooks_above\shooting\sound_37.ogg
NEWFLDR|gamedata\sounds\ambient\trx\spooks_above\spooks\
gamedata\sounds\ambient\trx\spooks_above\spooks\sound_01.ogg
gamedata\sounds\ambient\trx\spooks_above\spooks\sound_02.ogg
gamedata\sounds\ambient\trx\spooks_above\spooks\sound_03.ogg
gamedata\sounds\ambient\trx\spooks_above\spooks\sound_04.ogg
gamedata\sounds\ambient\trx\spooks_above\spooks\sound_05.ogg
gamedata\sounds\ambient\trx\spooks_above\spooks\sound_06.ogg
gamedata\sounds\ambient\trx\spooks_above\spooks\sound_07.ogg
gamedata\sounds\ambient\trx\spooks_above\spooks\sound_08.ogg
gamedata\sounds\ambient\trx\spooks_above\spooks\sound_09.ogg
gamedata\sounds\ambient\trx\spooks_above\spooks\sound_10.ogg
gamedata\sounds\ambient\trx\spooks_above\spooks\sound_11.ogg
gamedata\sounds\ambient\trx\spooks_above\spooks\sound_12.ogg
gamedata\sounds\ambient\trx\spooks_above\spooks\sound_13.ogg
gamedata\sounds\ambient\trx\spooks_above\spooks\sound_14.ogg
gamedata\sounds\ambient\trx\spooks_above\spooks\sound_15.ogg
gamedata\sounds\ambient\trx\spooks_above\spooks\sound_16.ogg
gamedata\sounds\ambient\trx\spooks_above\spooks\sound_17.ogg
gamedata\sounds\ambient\trx\spooks_above\spooks\sound_18.ogg
gamedata\sounds\ambient\trx\spooks_above\spooks\sound_19.ogg
gamedata\sounds\ambient\trx\spooks_above\spooks\sound_20.ogg
gamedata\sounds\ambient\trx\spooks_above\spooks\sound_21.ogg
gamedata\sounds\ambient\trx\spooks_above\spooks\sound_22.ogg
gamedata\sounds\ambient\trx\spooks_above\spooks\sound_23.ogg
gamedata\sounds\ambient\trx\spooks_above\spooks\sound_24.ogg
gamedata\sounds\ambient\trx\spooks_above\spooks\sound_25.ogg
gamedata\sounds\ambient\trx\spooks_above\spooks\sound_26.ogg
gamedata\sounds\ambient\trx\spooks_above\spooks\sound_27.ogg
gamedata\sounds\ambient\trx\spooks_above\spooks\sound_28.ogg
gamedata\sounds\ambient\trx\spooks_above\spooks\sound_29.ogg
gamedata\sounds\ambient\trx\spooks_above\spooks\sound_30.ogg
gamedata\sounds\ambient\trx\spooks_above\spooks\sound_31.ogg
gamedata\sounds\ambient\trx\spooks_above\spooks\sound_32.ogg
gamedata\sounds\ambient\trx\spooks_above\spooks\sound_33.ogg
gamedata\sounds\ambient\trx\spooks_above\spooks\sound_34.ogg
gamedata\sounds\ambient\trx\spooks_above\spooks\sound_35.ogg
gamedata\sounds\ambient\trx\spooks_above\spooks\sound_36.ogg
gamedata\sounds\ambient\trx\spooks_above\spooks\sound_37.ogg
