NEWFLDR|gamedata\configs\items\trade\
gamedata\configs\items\trade\gulag_job_trade_buy_sell.ltx
gamedata\configs\items\trade\nitro_mechanic.ltx
gamedata\configs\items\trade\trade_bandit.ltx
gamedata\configs\items\trade\trade_bandit_basic.ltx
gamedata\configs\items\trade\trade_barkeeper.ltx
gamedata\configs\items\trade\trade_beard.ltx
gamedata\configs\items\trade\trade_csky_spore.ltx
gamedata\configs\items\trade\trade_duty.ltx
gamedata\configs\items\trade\trade_ecolog_hermann.ltx
gamedata\configs\items\trade\trade_ecolog_sakharov.ltx
gamedata\configs\items\trade\trade_ecolog_spirit.ltx
gamedata\configs\items\trade\trade_forester.ltx
gamedata\configs\items\trade\trade_freedom.ltx
gamedata\configs\items\trade\trade_generic.ltx
gamedata\configs\items\trade\trade_generic_mechanic.ltx
gamedata\configs\items\trade\trade_generic_medic.ltx
gamedata\configs\items\trade\trade_greh.ltx
gamedata\configs\items\trade\trade_hawaii.ltx
gamedata\configs\items\trade\trade_jupiter.ltx
gamedata\configs\items\trade\trade_mercenary.ltx
gamedata\configs\items\trade\trade_mercenary_basic.ltx
gamedata\configs\items\trade\trade_mercenary_meeker.ltx
gamedata\configs\items\trade\trade_military.ltx
gamedata\configs\items\trade\trade_military_esc.ltx
gamedata\configs\items\trade\trade_monolith.ltx
gamedata\configs\items\trade\trade_monolith_basic.ltx
gamedata\configs\items\trade\trade_renegade.ltx
gamedata\configs\items\trade\trade_stalker_basic.ltx
gamedata\configs\items\trade\trade_stalker_butcher.ltx
gamedata\configs\items\trade\trade_stalker_cashier.ltx
gamedata\configs\items\trade\trade_stalker_flea_market.ltx
gamedata\configs\items\trade\trade_stalker_flea_market_night.ltx
gamedata\configs\items\trade\trade_stalker_loris.ltx
gamedata\configs\items\trade\trade_stalker_nimble.ltx
gamedata\configs\items\trade\trade_stalker_owl.ltx
gamedata\configs\items\trade\trade_stalker_sidorovich.ltx
gamedata\configs\items\trade\trade_truck.ltx
gamedata\configs\items\trade\zaton_mechanic.ltx
NEWFLDR|gamedata\configs\items\trade\presets\
gamedata\configs\items\trade\presets\trade_discounts.ltx
gamedata\configs\items\trade\presets\trade_presets.ltx
NEWFLDR|gamedata\configs\scripts\
NEWFLDR|gamedata\configs\scripts\bar\
gamedata\configs\scripts\bar\bar_barman.ltx
NEWFLDR|gamedata\configs\scripts\jupiter\
gamedata\configs\scripts\jupiter\jup_b202_stalker_barmen.ltx
gamedata\configs\scripts\jupiter\jup_b217_stalker_tech.ltx
gamedata\configs\scripts\jupiter\jup_cont_mlr_logic.ltx
gamedata\configs\scripts\jupiter\zat_a2_stalker_mechanic.ltx
NEWFLDR|gamedata\configs\scripts\pripyat\
gamedata\configs\scripts\pripyat\pri_a15_mlr.ltx
NEWFLDR|gamedata\configs\scripts\red_forest\
gamedata\configs\scripts\red_forest\red_lesnik_logic.ltx
NEWFLDR|gamedata\configs\scripts\trucks_cemetery\
gamedata\configs\scripts\trucks_cemetery\trucks_cemetery_bandit_trader_logic.ltx
NEWFLDR|gamedata\configs\scripts\zaton\
gamedata\configs\scripts\zaton\zat_a2_stalker_barmen.ltx
gamedata\configs\scripts\zaton\zat_tech_mlr_logic.ltx
