gamedata\anims\nightvision_4_scope.ppe
gamedata\configs\items\weapons\m_binoc.ltx
gamedata\configs\items\weapons\weapon_scopes.ltx
gamedata\configs\items\weapons\w_vssk.ltx
gamedata\configs\ui\scopes_16 — copy.xml
gamedata\configs\ui\scopes_16.xml
gamedata\configs\ui\textures_descr\ui_ingame.xml
NEWFLDR|gamedata\textures\wpn\
gamedata\textures\wpn\wpn_crosshair_1p29.dds
gamedata\textures\wpn\wpn_crosshair_1p59.dds
gamedata\textures\wpn\wpn_crosshair_1pn93.dds
gamedata\textures\wpn\wpn_crosshair_bino.dds
gamedata\textures\wpn\wpn_crosshair_findot.dds
gamedata\textures\wpn\wpn_crosshair_fn2000.dds
gamedata\textures\wpn\wpn_crosshair_g43.dds
gamedata\textures\wpn\wpn_crosshair_gauss.dds
gamedata\textures\wpn\wpn_crosshair_m24.dds
gamedata\textures\wpn\wpn_crosshair_m82.dds
gamedata\textures\wpn\wpn_crosshair_mark4.dds
gamedata\textures\wpn\wpn_crosshair_mosin.dds
gamedata\textures\wpn\wpn_crosshair_nspu.dds
gamedata\textures\wpn\wpn_crosshair_po4x34.dds
gamedata\textures\wpn\wpn_crosshair_pso1.dds
gamedata\textures\wpn\wpn_crosshair_pu.dds
gamedata\textures\wpn\wpn_crosshair_sv98.dds
gamedata\textures\wpn\wpn_crosshair_vss.dds
gamedata\textures\wpn\wpn_crosshair_zf9.dds
