NEWFLDR|gamedata\configs\plugins\
NEWFLDR|gamedata\configs\plugins\ascendantcrosshairs\
gamedata\configs\plugins\ascendantcrosshairs\chbase.ltx
gamedata\configs\plugins\ascendantcrosshairs\ch_default.ltx
gamedata\configs\text\eng\custom_crosshair_st_default.xml
gamedata\configs\text\eng\ui_st_cch.xml
gamedata\configs\text\rus\custom_crosshair_st_default.xml
gamedata\configs\text\rus\ui_st_cch.xml
gamedata\configs\ui\ui_custom_crosshair.xml
gamedata\scripts\ascendant_crosshairs.script
NEWFLDR|gamedata\textures\ui\ascendantcrosshairs\
gamedata\textures\ui\ascendantcrosshairs\Banner.dds
gamedata\textures\ui\ascendantcrosshairs\CrosshairBullseye.dds
gamedata\textures\ui\ascendantcrosshairs\CrosshairCircle.dds
gamedata\textures\ui\ascendantcrosshairs\CrosshairCross.dds
gamedata\textures\ui\ascendantcrosshairs\CrosshairDot&Bars.dds
gamedata\textures\ui\ascendantcrosshairs\CrosshairDot.dds
gamedata\textures\ui\ascendantcrosshairs\CrosshairENEMY.dds
gamedata\textures\ui\ascendantcrosshairs\CrosshairFRIENDLY.dds
gamedata\textures\ui\ascendantcrosshairs\CrosshairNEUTRAL.dds
gamedata\textures\ui\ascendantcrosshairs\CrosshairNoDot&Bars.dds
gamedata\textures\ui\ascendantcrosshairs\CrosshairRound.dds
