gamedata\gamemtl.xr
NEWFLDR|gamedata\sounds\material\actor\
NEWFLDR|gamedata\sounds\material\actor\step\
gamedata\sounds\material\actor\step\n_asphalt_1.ogg
gamedata\sounds\material\actor\step\n_asphalt_2.ogg
gamedata\sounds\material\actor\step\n_asphalt_3.ogg
gamedata\sounds\material\actor\step\n_asphalt_4.ogg
gamedata\sounds\material\actor\step\n_asphalt_5.ogg
gamedata\sounds\material\actor\step\n_asphalt_6.ogg
gamedata\sounds\material\actor\step\n_default_1.ogg
gamedata\sounds\material\actor\step\n_default_2.ogg
gamedata\sounds\material\actor\step\n_default_3.ogg
gamedata\sounds\material\actor\step\n_default_4.ogg
gamedata\sounds\material\actor\step\n_default_5.ogg
gamedata\sounds\material\actor\step\n_default_6.ogg
gamedata\sounds\material\actor\step\n_earth_1.ogg
gamedata\sounds\material\actor\step\n_earth_2.ogg
gamedata\sounds\material\actor\step\n_earth_3.ogg
gamedata\sounds\material\actor\step\n_earth_4.ogg
gamedata\sounds\material\actor\step\n_earth_5.ogg
gamedata\sounds\material\actor\step\n_earth_6.ogg
gamedata\sounds\material\actor\step\n_grass_1.ogg
gamedata\sounds\material\actor\step\n_grass_2.ogg
gamedata\sounds\material\actor\step\n_grass_3.ogg
gamedata\sounds\material\actor\step\n_grass_4.ogg
gamedata\sounds\material\actor\step\n_grass_5.ogg
gamedata\sounds\material\actor\step\n_grass_6.ogg
gamedata\sounds\material\actor\step\n_gravel_1.ogg
gamedata\sounds\material\actor\step\n_gravel_2.ogg
gamedata\sounds\material\actor\step\n_gravel_3.ogg
gamedata\sounds\material\actor\step\n_gravel_4.ogg
gamedata\sounds\material\actor\step\n_gravel_5.ogg
gamedata\sounds\material\actor\step\n_gravel_6.ogg
gamedata\sounds\material\actor\step\n_metal_1.ogg
gamedata\sounds\material\actor\step\n_metal_2.ogg
gamedata\sounds\material\actor\step\n_metal_3.ogg
gamedata\sounds\material\actor\step\n_metal_4.ogg
gamedata\sounds\material\actor\step\n_metal_5.ogg
gamedata\sounds\material\actor\step\n_metal_6.ogg
gamedata\sounds\material\actor\step\n_tin_1.ogg
gamedata\sounds\material\actor\step\n_tin_2.ogg
gamedata\sounds\material\actor\step\n_tin_3.ogg
gamedata\sounds\material\actor\step\n_tin_4.ogg
gamedata\sounds\material\actor\step\n_tin_5.ogg
gamedata\sounds\material\actor\step\n_tin_6.ogg
gamedata\sounds\material\actor\step\n_water_1.ogg
gamedata\sounds\material\actor\step\n_water_2.ogg
gamedata\sounds\material\actor\step\n_water_3.ogg
gamedata\sounds\material\actor\step\n_water_4.ogg
gamedata\sounds\material\actor\step\n_water_5.ogg
gamedata\sounds\material\actor\step\n_water_6.ogg
gamedata\sounds\material\actor\step\n_wood_1.ogg
gamedata\sounds\material\actor\step\n_wood_2.ogg
gamedata\sounds\material\actor\step\n_wood_3.ogg
gamedata\sounds\material\actor\step\n_wood_4.ogg
gamedata\sounds\material\actor\step\n_wood_5.ogg
gamedata\sounds\material\actor\step\n_wood_6.ogg
