gamedata\configs\text\eng\ui_st_eft_rattle.xml
gamedata\scripts\eft_rattle.script
gamedata\scripts\eft_rattle_mcm.script
NEWFLDR|gamedata\sounds\weapons\rattle\
NEWFLDR|gamedata\sounds\weapons\rattle\aimin\
gamedata\sounds\weapons\rattle\aimin\aim_in_1.ogg
gamedata\sounds\weapons\rattle\aimin\aim_in_10.ogg
gamedata\sounds\weapons\rattle\aimin\aim_in_2.ogg
gamedata\sounds\weapons\rattle\aimin\aim_in_3.ogg
gamedata\sounds\weapons\rattle\aimin\aim_in_4.ogg
gamedata\sounds\weapons\rattle\aimin\aim_in_5.ogg
gamedata\sounds\weapons\rattle\aimin\aim_in_6.ogg
gamedata\sounds\weapons\rattle\aimin\aim_in_7.ogg
gamedata\sounds\weapons\rattle\aimin\aim_in_8.ogg
gamedata\sounds\weapons\rattle\aimin\aim_in_9.ogg
NEWFLDR|gamedata\sounds\weapons\rattle\aimout\
gamedata\sounds\weapons\rattle\aimout\aim_out_1.ogg
gamedata\sounds\weapons\rattle\aimout\aim_out_10.ogg
gamedata\sounds\weapons\rattle\aimout\aim_out_2.ogg
gamedata\sounds\weapons\rattle\aimout\aim_out_3.ogg
gamedata\sounds\weapons\rattle\aimout\aim_out_4.ogg
gamedata\sounds\weapons\rattle\aimout\aim_out_5.ogg
gamedata\sounds\weapons\rattle\aimout\aim_out_6.ogg
gamedata\sounds\weapons\rattle\aimout\aim_out_7.ogg
gamedata\sounds\weapons\rattle\aimout\aim_out_8.ogg
gamedata\sounds\weapons\rattle\aimout\aim_out_9.ogg
NEWFLDR|gamedata\sounds\weapons\rattle\lower\
gamedata\sounds\weapons\rattle\lower\lower_1.ogg
gamedata\sounds\weapons\rattle\lower\lower_10.ogg
gamedata\sounds\weapons\rattle\lower\lower_2.ogg
gamedata\sounds\weapons\rattle\lower\lower_3.ogg
gamedata\sounds\weapons\rattle\lower\lower_4.ogg
gamedata\sounds\weapons\rattle\lower\lower_5.ogg
gamedata\sounds\weapons\rattle\lower\lower_6.ogg
gamedata\sounds\weapons\rattle\lower\lower_7.ogg
gamedata\sounds\weapons\rattle\lower\lower_8.ogg
gamedata\sounds\weapons\rattle\lower\lower_9.ogg
NEWFLDR|gamedata\sounds\weapons\rattle\raise\
gamedata\sounds\weapons\rattle\raise\raise_1.ogg
gamedata\sounds\weapons\rattle\raise\raise_10.ogg
gamedata\sounds\weapons\rattle\raise\raise_2.ogg
gamedata\sounds\weapons\rattle\raise\raise_3.ogg
gamedata\sounds\weapons\rattle\raise\raise_4.ogg
gamedata\sounds\weapons\rattle\raise\raise_5.ogg
gamedata\sounds\weapons\rattle\raise\raise_6.ogg
gamedata\sounds\weapons\rattle\raise\raise_7.ogg
gamedata\sounds\weapons\rattle\raise\raise_8.ogg
gamedata\sounds\weapons\rattle\raise\raise_9.ogg
gamedata\textures\EFT_Rattle_Banner.dds
