gamedata\meshes\actors\stalker_dolg\stalker_dolg1a.ogf
gamedata\meshes\actors\stalker_dolg\stalker_dolg1d.ogf
gamedata\meshes\actors\stalker_dolg\stalker_dolg_1.ogf
gamedata\meshes\actors\stalker_freedom\stalker_free0a.ogf
gamedata\meshes\actors\stalker_isg\stalker_isg_1a_sci.ogf
gamedata\meshes\actors\stalker_isg\stalker_isg_1b_sci.ogf
gamedata\meshes\actors\stalker_isg\stalker_isg_1c_sci.ogf
gamedata\meshes\actors\stalker_isg\stalker_isg_scientific.ogf
gamedata\meshes\actors\stalker_monolith\stalker_monolith_1.ogf
gamedata\meshes\actors\stalker_nebo\stalker_nebo_seva_1.ogf
gamedata\meshes\actors\stalker_nebo\stalker_nebo_seva_2.ogf
gamedata\meshes\actors\stalker_neutral\stalker_neutral_nauchni2.ogf
gamedata\meshes\actors\stalker_neutral\stalker_neutral_nauchni4.ogf
gamedata\meshes\actors\stalker_neutral\stalker_neutral_nauchniy.ogf
gamedata\textures\act\act_stalker_head_glass_dolg.dds
gamedata\textures\act\act_stalker_head_glass_dolg.thm
gamedata\textures\act\act_stalker_head_glass_loner.dds
gamedata\textures\act\act_stalker_head_glass_loner.thm
gamedata\textures\act\act_stalker_head_glass_mono.dds
gamedata\textures\act\act_stalker_head_glass_mono.thm
