\README.txt
NEWFLDR|gamedata\meshes\actors\stalker_bandit\
gamedata\meshes\actors\stalker_bandit\stalker_band2a_mask.ogf
gamedata\meshes\actors\stalker_bandit\stalker_bandit1a.ogf
gamedata\meshes\actors\stalker_bandit\stalker_bandit1a_gas.ogf
gamedata\meshes\actors\stalker_bandit\stalker_bandit1a_mask.ogf
gamedata\meshes\actors\stalker_bandit\stalker_bandit1b.ogf
gamedata\meshes\actors\stalker_bandit\stalker_bandit1b_gas.ogf
gamedata\meshes\actors\stalker_bandit\stalker_bandit1b_mask.ogf
gamedata\meshes\actors\stalker_bandit\stalker_bandit1c.ogf
gamedata\meshes\actors\stalker_bandit\stalker_bandit1c_gas.ogf
gamedata\meshes\actors\stalker_bandit\stalker_bandit1c_mask.ogf
gamedata\meshes\actors\stalker_bandit\stalker_bandit2a.ogf
gamedata\meshes\actors\stalker_bandit\stalker_bandit2a_mask.ogf
gamedata\meshes\actors\stalker_bandit\stalker_bandit2a_old.ogf
gamedata\meshes\actors\stalker_bandit\stalker_bandit3a.ogf
gamedata\meshes\actors\stalker_bandit\stalker_bandit3b.ogf
gamedata\meshes\actors\stalker_bandit\stalker_bandit3c.ogf
gamedata\meshes\actors\stalker_bandit\stalker_bandit4a.ogf
gamedata\meshes\actors\stalker_bandit\stalker_bandit4b.ogf
gamedata\meshes\actors\stalker_bandit\stalker_bandit4c.ogf
gamedata\meshes\actors\stalker_bandit\stalker_bandit5a.ogf
gamedata\meshes\actors\stalker_bandit\stalker_bandit5b.ogf
gamedata\meshes\actors\stalker_bandit\stalker_bandit5c.ogf
gamedata\meshes\actors\stalker_bandit\stalker_bandit5d.ogf
gamedata\meshes\actors\stalker_bandit\stalker_bandita1.ogf
gamedata\meshes\actors\stalker_bandit\stalker_bandita2.ogf
gamedata\meshes\actors\stalker_bandit\stalker_bandita3.ogf
gamedata\meshes\actors\stalker_bandit\stalker_bandit_1.ogf
gamedata\meshes\actors\stalker_bandit\stalker_bandit_1_gas.ogf
gamedata\meshes\actors\stalker_bandit\stalker_bandit_1_mask.ogf
gamedata\meshes\actors\stalker_bandit\stalker_bandit_2.ogf
gamedata\meshes\actors\stalker_bandit\stalker_bandit_2a.ogf
gamedata\meshes\actors\stalker_bandit\stalker_bandit_2a_gp5.ogf
gamedata\meshes\actors\stalker_bandit\stalker_bandit_2a_merc.ogf
gamedata\meshes\actors\stalker_bandit\stalker_bandit_2_mask.ogf
gamedata\meshes\actors\stalker_bandit\stalker_bandit_3.ogf
gamedata\meshes\actors\stalker_bandit\stalker_bandit_3_mask.ogf
gamedata\meshes\actors\stalker_bandit\stalker_bandit_4.ogf
gamedata\meshes\actors\stalker_bandit\stalker_bandit_a.ogf
gamedata\meshes\actors\stalker_bandit\stalker_bandit_exo.ogf
gamedata\meshes\actors\stalker_bandit\stalker_band_2_mask.ogf
gamedata\meshes\actors\stalker_bandit\stalker_band_ha.ogf
gamedata\meshes\actors\stalker_bandit\stalker_soldier_b.ogf
NEWFLDR|gamedata\meshes\actors\stalker_dolg\
gamedata\meshes\actors\stalker_dolg\stalker_dolg1a.ogf
gamedata\meshes\actors\stalker_dolg\stalker_dolg1d.ogf
gamedata\meshes\actors\stalker_dolg\stalker_dolg2a.ogf
gamedata\meshes\actors\stalker_dolg\stalker_dolg2a_mas2.ogf
gamedata\meshes\actors\stalker_dolg\stalker_dolg2a_mas3.ogf
gamedata\meshes\actors\stalker_dolg\stalker_dolg2a_mas4.ogf
gamedata\meshes\actors\stalker_dolg\stalker_dolg2a_old.ogf
gamedata\meshes\actors\stalker_dolg\stalker_dolg3a.ogf
gamedata\meshes\actors\stalker_dolg\stalker_dolg3b.ogf
gamedata\meshes\actors\stalker_dolg\stalker_dolg4a.ogf
gamedata\meshes\actors\stalker_dolg\stalker_dolg4b.ogf
gamedata\meshes\actors\stalker_dolg\stalker_dolg4c.ogf
gamedata\meshes\actors\stalker_dolg\stalker_dolg4nosorog.ogf
gamedata\meshes\actors\stalker_dolg\stalker_dolgexo4a.ogf
gamedata\meshes\actors\stalker_dolg\stalker_dolgexo4b.ogf
gamedata\meshes\actors\stalker_dolg\stalker_dolgexo4c.ogf
gamedata\meshes\actors\stalker_dolg\stalker_dolgexo_4.ogf
gamedata\meshes\actors\stalker_dolg\stalker_dolggas2a.ogf
gamedata\meshes\actors\stalker_dolg\stalker_dolggas_2.ogf
gamedata\meshes\actors\stalker_dolg\stalker_dolg_1.ogf
gamedata\meshes\actors\stalker_dolg\stalker_dolg_2.ogf
gamedata\meshes\actors\stalker_dolg\stalker_dolg_2a_gp5.ogf
gamedata\meshes\actors\stalker_dolg\stalker_dolg_2_mas2.ogf
gamedata\meshes\actors\stalker_dolg\stalker_dolg_2_mas4.ogf
gamedata\meshes\actors\stalker_dolg\stalker_dolg_2_old.ogf
gamedata\meshes\actors\stalker_dolg\stalker_dolg_2_proto.ogf
gamedata\meshes\actors\stalker_dolg\stalker_dolg_3.ogf
gamedata\meshes\actors\stalker_dolg\stalker_dolg_3_psz9d_skat.ogf
gamedata\meshes\actors\stalker_dolg\stalker_dolg_4.ogf
gamedata\meshes\actors\stalker_dolg\stalker_dolg_4_proto.ogf
gamedata\meshes\actors\stalker_dolg\stalker_dolg_9b.ogf
gamedata\meshes\actors\stalker_dolg\stalker_dolg_9c.ogf
gamedata\meshes\actors\stalker_dolg\stalker_dolg_exoseva.ogf
gamedata\meshes\actors\stalker_dolg\stalker_dolg_skat.ogf
gamedata\meshes\actors\stalker_dolg\stalker_do_balon_3.ogf
gamedata\meshes\actors\stalker_dolg\stalker_do_balon_5.ogf
gamedata\meshes\actors\stalker_dolg\stalker_do_balon_6.ogf
gamedata\meshes\actors\stalker_dolg\stalker_do_balon_8.ogf
gamedata\meshes\actors\stalker_dolg\stalker_do_komandir.ogf
gamedata\meshes\actors\stalker_dolg\stalker_do_mask.ogf
gamedata\meshes\actors\stalker_dolg\stalker_do_mask_1.ogf
NEWFLDR|gamedata\meshes\actors\stalker_ecologist\
gamedata\meshes\actors\stalker_ecologist\stalker_ecolog.ogf
gamedata\meshes\actors\stalker_ecologist\stalker_ecologist_merc0.ogf
gamedata\meshes\actors\stalker_ecologist\stalker_ecologist_merc1.ogf
gamedata\meshes\actors\stalker_ecologist\stalker_ecologist_merc2.ogf
gamedata\meshes\actors\stalker_ecologist\stalker_ecologist_proto.ogf
gamedata\meshes\actors\stalker_ecologist\stalker_ecolog_blue.ogf
gamedata\meshes\actors\stalker_ecologist\stalker_ecolog_brown.ogf
gamedata\meshes\actors\stalker_ecologist\stalker_ecolog_exo.ogf
gamedata\meshes\actors\stalker_ecologist\stalker_ecolog_exolight.ogf
gamedata\meshes\actors\stalker_ecologist\stalker_ecolog_exoseva.ogf
gamedata\meshes\actors\stalker_ecologist\stalker_ecolog_guard1.ogf
gamedata\meshes\actors\stalker_ecologist\stalker_ecolog_guard1_gp5.ogf
gamedata\meshes\actors\stalker_ecologist\stalker_ecolog_guard1_mas2.ogf
gamedata\meshes\actors\stalker_ecologist\stalker_ecolog_guard1_mas3.ogf
gamedata\meshes\actors\stalker_ecologist\stalker_ecolog_guard1_mask.ogf
gamedata\meshes\actors\stalker_ecologist\stalker_ecolog_guard1_merc.ogf
gamedata\meshes\actors\stalker_ecologist\stalker_ecolog_guard1_old.ogf
gamedata\meshes\actors\stalker_ecologist\stalker_ecolog_guard2.ogf
gamedata\meshes\actors\stalker_ecologist\stalker_ecolog_guard2_gp5.ogf
gamedata\meshes\actors\stalker_ecologist\stalker_ecolog_guard2_mas2.ogf
gamedata\meshes\actors\stalker_ecologist\stalker_ecolog_guard2_mas3.ogf
gamedata\meshes\actors\stalker_ecologist\stalker_ecolog_guard2_mask.ogf
gamedata\meshes\actors\stalker_ecologist\stalker_ecolog_guard2_merc.ogf
gamedata\meshes\actors\stalker_ecologist\stalker_ecolog_guard2_old.ogf
gamedata\meshes\actors\stalker_ecologist\stalker_ecolog_guard3.ogf
gamedata\meshes\actors\stalker_ecologist\stalker_ecolog_guard3_gp5.ogf
gamedata\meshes\actors\stalker_ecologist\stalker_ecolog_guard3_mas2.ogf
gamedata\meshes\actors\stalker_ecologist\stalker_ecolog_guard3_mas3.ogf
gamedata\meshes\actors\stalker_ecologist\stalker_ecolog_guard3_mask.ogf
gamedata\meshes\actors\stalker_ecologist\stalker_ecolog_guard3_merc.ogf
gamedata\meshes\actors\stalker_ecologist\stalker_ecolog_guard3_old.ogf
gamedata\meshes\actors\stalker_ecologist\stalker_ecolog_guard3_seva.ogf
gamedata\meshes\actors\stalker_ecologist\stalker_ecolog_military.ogf
gamedata\meshes\actors\stalker_ecologist\stalker_ecolog_red.ogf
gamedata\meshes\actors\stalker_ecologist\stalker_ecolog_white.ogf
gamedata\meshes\actors\stalker_ecologist\stalker_ecolog_yellow.ogf
NEWFLDR|gamedata\meshes\actors\stalker_freedom\
gamedata\meshes\actors\stalker_freedom\stalker_free0a.ogf
gamedata\meshes\actors\stalker_freedom\stalker_freedom1a.ogf
gamedata\meshes\actors\stalker_freedom\stalker_freedom2a.ogf
gamedata\meshes\actors\stalker_freedom\stalker_freedom2a_mas2.ogf
gamedata\meshes\actors\stalker_freedom\stalker_freedom2a_mas3.ogf
gamedata\meshes\actors\stalker_freedom\stalker_freedom2a_mas4.ogf
gamedata\meshes\actors\stalker_freedom\stalker_freedom2a_mask.ogf
gamedata\meshes\actors\stalker_freedom\stalker_freedom2a_old.ogf
gamedata\meshes\actors\stalker_freedom\stalker_freedom2b.ogf
gamedata\meshes\actors\stalker_freedom\stalker_freedom2b_mas2.ogf
gamedata\meshes\actors\stalker_freedom\stalker_freedom2b_mas3.ogf
gamedata\meshes\actors\stalker_freedom\stalker_freedom2b_mas4.ogf
gamedata\meshes\actors\stalker_freedom\stalker_freedom2b_mask.ogf
gamedata\meshes\actors\stalker_freedom\stalker_freedom2b_old.ogf
gamedata\meshes\actors\stalker_freedom\stalker_freedom3a.ogf
gamedata\meshes\actors\stalker_freedom\stalker_freedom4a.ogf
gamedata\meshes\actors\stalker_freedom\stalker_freedom4b.ogf
gamedata\meshes\actors\stalker_freedom\stalker_freedom4nosorog.ogf
gamedata\meshes\actors\stalker_freedom\stalker_freedom5a.ogf
gamedata\meshes\actors\stalker_freedom\stalker_freedom5b.ogf
gamedata\meshes\actors\stalker_freedom\stalker_freedom_2.ogf
gamedata\meshes\actors\stalker_freedom\stalker_freedom_2a_gp5.ogf
gamedata\meshes\actors\stalker_freedom\stalker_freedom_2_mas2.ogf
gamedata\meshes\actors\stalker_freedom\stalker_freedom_2_mas3.ogf
gamedata\meshes\actors\stalker_freedom\stalker_freedom_2_mas4.ogf
gamedata\meshes\actors\stalker_freedom\stalker_freedom_2_mask.ogf
gamedata\meshes\actors\stalker_freedom\stalker_freedom_2_old.ogf
gamedata\meshes\actors\stalker_freedom\stalker_freedom_3.ogf
gamedata\meshes\actors\stalker_freedom\stalker_freedom_4.ogf
gamedata\meshes\actors\stalker_freedom\stalker_freedom_4_proto.ogf
gamedata\meshes\actors\stalker_freedom\stalker_freedom_5.ogf
gamedata\meshes\actors\stalker_freedom\stalker_freedom_batlsold.ogf
gamedata\meshes\actors\stalker_freedom\stalker_freedom_exoseva.ogf
gamedata\meshes\actors\stalker_freedom\stalker_freedom_military.ogf
gamedata\meshes\actors\stalker_freedom\stalker_free_0.ogf
NEWFLDR|gamedata\meshes\actors\stalker_greh\
gamedata\meshes\actors\stalker_greh\stalker_greh_0a_1.ogf
gamedata\meshes\actors\stalker_greh\stalker_greh_0a_face_07.ogf
gamedata\meshes\actors\stalker_greh\stalker_greh_0a_face_09.ogf
gamedata\meshes\actors\stalker_greh\stalker_greh_0b_1.ogf
gamedata\meshes\actors\stalker_greh\stalker_greh_0c_1.ogf
gamedata\meshes\actors\stalker_greh\stalker_greh_0d.ogf
gamedata\meshes\actors\stalker_greh\stalker_greh_0d_face_06.ogf
gamedata\meshes\actors\stalker_greh\stalker_greh_0d_face_08.ogf
gamedata\meshes\actors\stalker_greh\stalker_greh_0d_face_10.ogf
gamedata\meshes\actors\stalker_greh\stalker_greh_0e.ogf
gamedata\meshes\actors\stalker_greh\stalker_greh_0e_face_06.ogf
gamedata\meshes\actors\stalker_greh\stalker_greh_0f.ogf
gamedata\meshes\actors\stalker_greh\stalker_greh_0f_face_07.ogf
gamedata\meshes\actors\stalker_greh\stalker_greh_0f_face_08.ogf
gamedata\meshes\actors\stalker_greh\stalker_greh_0f_face_09.ogf
gamedata\meshes\actors\stalker_greh\stalker_greh_0f_face_10.ogf
gamedata\meshes\actors\stalker_greh\stalker_greh_0g_1.ogf
gamedata\meshes\actors\stalker_greh\stalker_greh_0g_2.ogf
gamedata\meshes\actors\stalker_greh\stalker_greh_0g_3.ogf
gamedata\meshes\actors\stalker_greh\stalker_greh_0h.ogf
gamedata\meshes\actors\stalker_greh\stalker_greh_0i.ogf
gamedata\meshes\actors\stalker_greh\stalker_greh_0j.ogf
gamedata\meshes\actors\stalker_greh\stalker_greh_1a_face_01.ogf
gamedata\meshes\actors\stalker_greh\stalker_greh_1a_face_02.ogf
gamedata\meshes\actors\stalker_greh\stalker_greh_1a_face_03.ogf
gamedata\meshes\actors\stalker_greh\stalker_greh_1a_face_04.ogf
gamedata\meshes\actors\stalker_greh\stalker_greh_1a_face_05.ogf
gamedata\meshes\actors\stalker_greh\stalker_greh_1b_face_06.ogf
gamedata\meshes\actors\stalker_greh\stalker_greh_1b_face_07.ogf
gamedata\meshes\actors\stalker_greh\stalker_greh_1b_face_08.ogf
gamedata\meshes\actors\stalker_greh\stalker_greh_1b_face_09.ogf
gamedata\meshes\actors\stalker_greh\stalker_greh_1b_face_10.ogf
gamedata\meshes\actors\stalker_greh\stalker_greh_2a.ogf
gamedata\meshes\actors\stalker_greh\stalker_greh_2a_mask.ogf
gamedata\meshes\actors\stalker_greh\stalker_greh_2a_old.ogf
gamedata\meshes\actors\stalker_greh\stalker_greh_2b.ogf
gamedata\meshes\actors\stalker_greh\stalker_greh_2b_mask.ogf
gamedata\meshes\actors\stalker_greh\stalker_greh_2b_old.ogf
gamedata\meshes\actors\stalker_greh\stalker_greh_2c.ogf
gamedata\meshes\actors\stalker_greh\stalker_greh_2c_mask.ogf
gamedata\meshes\actors\stalker_greh\stalker_greh_2c_old.ogf
gamedata\meshes\actors\stalker_greh\stalker_greh_3a.ogf
gamedata\meshes\actors\stalker_greh\stalker_greh_3a_merc.ogf
gamedata\meshes\actors\stalker_greh\stalker_greh_3b.ogf
gamedata\meshes\actors\stalker_greh\stalker_greh_3b_merc.ogf
gamedata\meshes\actors\stalker_greh\stalker_greh_3c.ogf
gamedata\meshes\actors\stalker_greh\stalker_greh_3c_merc.ogf
NEWFLDR|gamedata\meshes\actors\stalker_isg\
gamedata\meshes\actors\stalker_isg\stalker_isg_1a_face_1.ogf
gamedata\meshes\actors\stalker_isg\stalker_isg_1a_face_2.ogf
gamedata\meshes\actors\stalker_isg\stalker_isg_1a_face_3.ogf
gamedata\meshes\actors\stalker_isg\stalker_isg_1a_merc.ogf
gamedata\meshes\actors\stalker_isg\stalker_isg_1a_sci.ogf
gamedata\meshes\actors\stalker_isg\stalker_isg_1b_face_1.ogf
gamedata\meshes\actors\stalker_isg\stalker_isg_1b_face_2.ogf
gamedata\meshes\actors\stalker_isg\stalker_isg_1b_face_3.ogf
gamedata\meshes\actors\stalker_isg\stalker_isg_1b_merc.ogf
gamedata\meshes\actors\stalker_isg\stalker_isg_1b_sci.ogf
gamedata\meshes\actors\stalker_isg\stalker_isg_1c_face_1.ogf
gamedata\meshes\actors\stalker_isg\stalker_isg_1c_face_2.ogf
gamedata\meshes\actors\stalker_isg\stalker_isg_1c_face_3.ogf
gamedata\meshes\actors\stalker_isg\stalker_isg_1c_merc.ogf
gamedata\meshes\actors\stalker_isg\stalker_isg_1c_sci.ogf
gamedata\meshes\actors\stalker_isg\stalker_isg_exoskeleton.ogf
gamedata\meshes\actors\stalker_isg\stalker_isg_exoskeleton_2.ogf
gamedata\meshes\actors\stalker_isg\stalker_isg_merc.ogf
gamedata\meshes\actors\stalker_isg\stalker_isg_nosorog.ogf
gamedata\meshes\actors\stalker_isg\stalker_isg_outfit.ogf
gamedata\meshes\actors\stalker_isg\stalker_isg_proto.ogf
gamedata\meshes\actors\stalker_isg\stalker_isg_radiationsuit.ogf
gamedata\meshes\actors\stalker_isg\stalker_isg_radiationsuit_2.ogf
gamedata\meshes\actors\stalker_isg\stalker_isg_scientific.ogf
NEWFLDR|gamedata\meshes\actors\stalker_merc\
gamedata\meshes\actors\stalker_merc\stalker_merc2a.ogf
gamedata\meshes\actors\stalker_merc\stalker_merc2b.ogf
gamedata\meshes\actors\stalker_merc\stalker_merc2c.ogf
gamedata\meshes\actors\stalker_merc\stalker_merc4a.ogf
gamedata\meshes\actors\stalker_merc\stalker_merc4nosorog.ogf
gamedata\meshes\actors\stalker_merc\stalker_mercen2a_mask.ogf
gamedata\meshes\actors\stalker_merc\stalker_mercen2b_mask.ogf
gamedata\meshes\actors\stalker_merc\stalker_mercen2c_mask.ogf
gamedata\meshes\actors\stalker_merc\stalker_mercenary3.ogf
gamedata\meshes\actors\stalker_merc\stalker_mercenary4.ogf
gamedata\meshes\actors\stalker_merc\stalker_mercen_2_mask.ogf
gamedata\meshes\actors\stalker_merc\stalker_mercexo4a.ogf
gamedata\meshes\actors\stalker_merc\stalker_mercexo_4.ogf
gamedata\meshes\actors\stalker_merc\stalker_merc_2.ogf
gamedata\meshes\actors\stalker_merc\stalker_merc_2a_gp5.ogf
gamedata\meshes\actors\stalker_merc\stalker_merc_4.ogf
gamedata\meshes\actors\stalker_merc\stalker_merc_4_skat.ogf
gamedata\meshes\actors\stalker_merc\stalker_merc_exoseva.ogf
gamedata\meshes\actors\stalker_merc\stalker_merc_exo_proto.ogf
gamedata\meshes\actors\stalker_merc\stalker_merc_medic_2.ogf
gamedata\meshes\actors\stalker_merc\stalker_merc_ps5m.ogf
gamedata\meshes\actors\stalker_merc\stalker_merc_sun1.ogf
gamedata\meshes\actors\stalker_merc\stalker_merc_sun1_merc.ogf
gamedata\meshes\actors\stalker_merc\stalker_merc_sun1_old.ogf
NEWFLDR|gamedata\meshes\actors\stalker_monolith\
gamedata\meshes\actors\stalker_monolith\stalker_monolith0_gp5.ogf
gamedata\meshes\actors\stalker_monolith\stalker_monolith1.ogf
gamedata\meshes\actors\stalker_monolith\stalker_monolith1b.ogf
gamedata\meshes\actors\stalker_monolith\stalker_monolith1_gp5.ogf
gamedata\meshes\actors\stalker_monolith\stalker_monolith2.ogf
gamedata\meshes\actors\stalker_monolith\stalker_monolith2a_old.ogf
gamedata\meshes\actors\stalker_monolith\stalker_monolith2b_old.ogf
gamedata\meshes\actors\stalker_monolith\stalker_monolith2_gp5.ogf
gamedata\meshes\actors\stalker_monolith\stalker_monolith3a.ogf
gamedata\meshes\actors\stalker_monolith\stalker_monolith3b.ogf
gamedata\meshes\actors\stalker_monolith\stalker_monolith4a.ogf
gamedata\meshes\actors\stalker_monolith\stalker_monolith4b.ogf
gamedata\meshes\actors\stalker_monolith\stalker_monolith4nosorog.ogf
gamedata\meshes\actors\stalker_monolith\stalker_monolith_1.ogf
gamedata\meshes\actors\stalker_monolith\stalker_monolith_2.ogf
gamedata\meshes\actors\stalker_monolith\stalker_monolith_2_helm_m40.ogf
gamedata\meshes\actors\stalker_monolith\stalker_monolith_2_helm_respirator.ogf
gamedata\meshes\actors\stalker_monolith\stalker_monolith_2_old.ogf
gamedata\meshes\actors\stalker_monolith\stalker_monolith_3.ogf
gamedata\meshes\actors\stalker_monolith\stalker_monolith_4.ogf
gamedata\meshes\actors\stalker_monolith\stalker_monolith_4_proto.ogf
gamedata\meshes\actors\stalker_monolith\stalker_monolith_exoseva.ogf
gamedata\meshes\actors\stalker_monolith\stalker_mo_head1.ogf
gamedata\meshes\actors\stalker_monolith\stalker_mo_head2.ogf
gamedata\meshes\actors\stalker_monolith\stalker_mo_head_1.ogf
gamedata\meshes\actors\stalker_monolith\stalker_soldier_4_monolith.ogf
NEWFLDR|gamedata\meshes\actors\stalker_nebo\
gamedata\meshes\actors\stalker_nebo\stalker_nebo2a.ogf
gamedata\meshes\actors\stalker_nebo\stalker_nebo2b.ogf
gamedata\meshes\actors\stalker_nebo\stalker_nebo3a.ogf
gamedata\meshes\actors\stalker_nebo\stalker_nebo3b.ogf
gamedata\meshes\actors\stalker_nebo\stalker_neboa2.ogf
gamedata\meshes\actors\stalker_nebo\stalker_nebob2.ogf
gamedata\meshes\actors\stalker_nebo\stalker_nebo_1.ogf
gamedata\meshes\actors\stalker_nebo\stalker_nebo_1_backpack_hood.ogf
gamedata\meshes\actors\stalker_nebo\stalker_nebo_1_proto.ogf
gamedata\meshes\actors\stalker_nebo\stalker_nebo_2.ogf
gamedata\meshes\actors\stalker_nebo\stalker_nebo_3.ogf
gamedata\meshes\actors\stalker_nebo\stalker_nebo_4_backpack_hood.ogf
gamedata\meshes\actors\stalker_nebo\stalker_nebo_4_helm_m40.ogf
gamedata\meshes\actors\stalker_nebo\stalker_nebo_a.ogf
gamedata\meshes\actors\stalker_nebo\stalker_nebo_b.ogf
gamedata\meshes\actors\stalker_nebo\stalker_nebo_exoseva_2.ogf
gamedata\meshes\actors\stalker_nebo\stalker_nebo_exo_1.ogf
gamedata\meshes\actors\stalker_nebo\stalker_nebo_military.ogf
gamedata\meshes\actors\stalker_nebo\stalker_nebo_r.ogf
gamedata\meshes\actors\stalker_nebo\stalker_nebo_r2.ogf
gamedata\meshes\actors\stalker_nebo\stalker_nebo_r_gas.ogf
gamedata\meshes\actors\stalker_nebo\stalker_nebo_r_mas2.ogf
gamedata\meshes\actors\stalker_nebo\stalker_nebo_r_mask.ogf
gamedata\meshes\actors\stalker_nebo\stalker_nebo_s.ogf
gamedata\meshes\actors\stalker_nebo\stalker_nebo_seva_1.ogf
gamedata\meshes\actors\stalker_nebo\stalker_nebo_seva_2.ogf
gamedata\meshes\actors\stalker_nebo\stalker_nebo_seva_3.ogf
gamedata\meshes\actors\stalker_nebo\stalker_nebo_skat.ogf
gamedata\meshes\actors\stalker_nebo\stalker_nebo_smask1.ogf
gamedata\meshes\actors\stalker_nebo\stalker_nebo_smask2.ogf
gamedata\meshes\actors\stalker_nebo\stalker_nebo_s_gp5.ogf
gamedata\meshes\actors\stalker_nebo\stalker_nebo_s_mas2.ogf
gamedata\meshes\actors\stalker_nebo\stalker_nebo_s_mas3.ogf
gamedata\meshes\actors\stalker_nebo\stalker_nebo_s_mask.ogf
gamedata\meshes\actors\stalker_nebo\stalker_nebo_s_merc.ogf
gamedata\meshes\actors\stalker_nebo\stalker_nebo_s_old.ogf
gamedata\meshes\actors\stalker_nebo\stalker_radexo4a.ogf
NEWFLDR|gamedata\meshes\actors\stalker_neutral\
gamedata\meshes\actors\stalker_neutral\stalker_exo_proto.ogf
gamedata\meshes\actors\stalker_neutral\stalker_neutral0a.ogf
gamedata\meshes\actors\stalker_neutral\stalker_neutral0b.ogf
gamedata\meshes\actors\stalker_neutral\stalker_neutral0c.ogf
gamedata\meshes\actors\stalker_neutral\stalker_neutral0d.ogf
gamedata\meshes\actors\stalker_neutral\stalker_neutral0e.ogf
gamedata\meshes\actors\stalker_neutral\stalker_neutral0f.ogf
gamedata\meshes\actors\stalker_neutral\stalker_neutral0g.ogf
gamedata\meshes\actors\stalker_neutral\stalker_neutral1a.ogf
gamedata\meshes\actors\stalker_neutral\stalker_neutral1a_gas.ogf
gamedata\meshes\actors\stalker_neutral\stalker_neutral1a_mas2.ogf
gamedata\meshes\actors\stalker_neutral\stalker_neutral1a_mask.ogf
gamedata\meshes\actors\stalker_neutral\stalker_neutral1b.ogf
gamedata\meshes\actors\stalker_neutral\stalker_neutral1b_gas.ogf
gamedata\meshes\actors\stalker_neutral\stalker_neutral1b_mas2.ogf
gamedata\meshes\actors\stalker_neutral\stalker_neutral1b_mask.ogf
gamedata\meshes\actors\stalker_neutral\stalker_neutral1c.ogf
gamedata\meshes\actors\stalker_neutral\stalker_neutral1c_gas.ogf
gamedata\meshes\actors\stalker_neutral\stalker_neutral1c_mas2.ogf
gamedata\meshes\actors\stalker_neutral\stalker_neutral1c_mask.ogf
gamedata\meshes\actors\stalker_neutral\stalker_neutral1d.ogf
gamedata\meshes\actors\stalker_neutral\stalker_neutral1d_gas.ogf
gamedata\meshes\actors\stalker_neutral\stalker_neutral1d_mas2.ogf
gamedata\meshes\actors\stalker_neutral\stalker_neutral1d_mask.ogf
gamedata\meshes\actors\stalker_neutral\stalker_neutral1e.ogf
gamedata\meshes\actors\stalker_neutral\stalker_neutral1e_gas.ogf
gamedata\meshes\actors\stalker_neutral\stalker_neutral1e_mas2.ogf
gamedata\meshes\actors\stalker_neutral\stalker_neutral1e_mask.ogf
gamedata\meshes\actors\stalker_neutral\stalker_neutral1f.ogf
gamedata\meshes\actors\stalker_neutral\stalker_neutral1f_gas.ogf
gamedata\meshes\actors\stalker_neutral\stalker_neutral1f_mas2.ogf
gamedata\meshes\actors\stalker_neutral\stalker_neutral1f_mask.ogf
gamedata\meshes\actors\stalker_neutral\stalker_neutral2a.ogf
gamedata\meshes\actors\stalker_neutral\stalker_neutral2amask1.ogf
gamedata\meshes\actors\stalker_neutral\stalker_neutral2amask2.ogf
gamedata\meshes\actors\stalker_neutral\stalker_neutral2a_gp5.ogf
gamedata\meshes\actors\stalker_neutral\stalker_neutral2a_mas2.ogf
gamedata\meshes\actors\stalker_neutral\stalker_neutral2a_mas3.ogf
gamedata\meshes\actors\stalker_neutral\stalker_neutral2a_mask.ogf
gamedata\meshes\actors\stalker_neutral\stalker_neutral2a_merc.ogf
gamedata\meshes\actors\stalker_neutral\stalker_neutral2a_old.ogf
gamedata\meshes\actors\stalker_neutral\stalker_neutral2b.ogf
gamedata\meshes\actors\stalker_neutral\stalker_neutral2bmask1.ogf
gamedata\meshes\actors\stalker_neutral\stalker_neutral2bmask2.ogf
gamedata\meshes\actors\stalker_neutral\stalker_neutral2b_gp5.ogf
gamedata\meshes\actors\stalker_neutral\stalker_neutral2b_mas2.ogf
gamedata\meshes\actors\stalker_neutral\stalker_neutral2b_mas3.ogf
gamedata\meshes\actors\stalker_neutral\stalker_neutral2b_mask.ogf
gamedata\meshes\actors\stalker_neutral\stalker_neutral2b_merc.ogf
gamedata\meshes\actors\stalker_neutral\stalker_neutral2b_old.ogf
gamedata\meshes\actors\stalker_neutral\stalker_neutral2c.ogf
gamedata\meshes\actors\stalker_neutral\stalker_neutral2cmask1.ogf
gamedata\meshes\actors\stalker_neutral\stalker_neutral2cmask2.ogf
gamedata\meshes\actors\stalker_neutral\stalker_neutral2c_gp5.ogf
gamedata\meshes\actors\stalker_neutral\stalker_neutral2c_mas2.ogf
gamedata\meshes\actors\stalker_neutral\stalker_neutral2c_mas3.ogf
gamedata\meshes\actors\stalker_neutral\stalker_neutral2c_mask.ogf
gamedata\meshes\actors\stalker_neutral\stalker_neutral2c_merc.ogf
gamedata\meshes\actors\stalker_neutral\stalker_neutral2c_old.ogf
gamedata\meshes\actors\stalker_neutral\stalker_neutral2d.ogf
gamedata\meshes\actors\stalker_neutral\stalker_neutral2dmask1.ogf
gamedata\meshes\actors\stalker_neutral\stalker_neutral2dmask2.ogf
gamedata\meshes\actors\stalker_neutral\stalker_neutral2d_mas2.ogf
gamedata\meshes\actors\stalker_neutral\stalker_neutral2d_mas3.ogf
gamedata\meshes\actors\stalker_neutral\stalker_neutral2d_mask.ogf
gamedata\meshes\actors\stalker_neutral\stalker_neutral2d_merc.ogf
gamedata\meshes\actors\stalker_neutral\stalker_neutral2d_old.ogf
gamedata\meshes\actors\stalker_neutral\stalker_neutral2e.ogf
gamedata\meshes\actors\stalker_neutral\stalker_neutral2emask1.ogf
gamedata\meshes\actors\stalker_neutral\stalker_neutral2emask2.ogf
gamedata\meshes\actors\stalker_neutral\stalker_neutral2e_mas2.ogf
gamedata\meshes\actors\stalker_neutral\stalker_neutral2e_mas3.ogf
gamedata\meshes\actors\stalker_neutral\stalker_neutral2e_mask.ogf
gamedata\meshes\actors\stalker_neutral\stalker_neutral2e_merc.ogf
gamedata\meshes\actors\stalker_neutral\stalker_neutral2e_old.ogf
gamedata\meshes\actors\stalker_neutral\stalker_neutral2f.ogf
gamedata\meshes\actors\stalker_neutral\stalker_neutral2fmask1.ogf
gamedata\meshes\actors\stalker_neutral\stalker_neutral2fmask2.ogf
gamedata\meshes\actors\stalker_neutral\stalker_neutral2f_mas2.ogf
gamedata\meshes\actors\stalker_neutral\stalker_neutral2f_mas3.ogf
gamedata\meshes\actors\stalker_neutral\stalker_neutral2f_mask.ogf
gamedata\meshes\actors\stalker_neutral\stalker_neutral2f_merc.ogf
gamedata\meshes\actors\stalker_neutral\stalker_neutral2f_old.ogf
gamedata\meshes\actors\stalker_neutral\stalker_neutral2g.ogf
gamedata\meshes\actors\stalker_neutral\stalker_neutral2gmask1.ogf
gamedata\meshes\actors\stalker_neutral\stalker_neutral2gmask2.ogf
gamedata\meshes\actors\stalker_neutral\stalker_neutral2g_mas2.ogf
gamedata\meshes\actors\stalker_neutral\stalker_neutral2g_mas3.ogf
gamedata\meshes\actors\stalker_neutral\stalker_neutral2g_mask.ogf
gamedata\meshes\actors\stalker_neutral\stalker_neutral2g_merc.ogf
gamedata\meshes\actors\stalker_neutral\stalker_neutral2g_old.ogf
gamedata\meshes\actors\stalker_neutral\stalker_neutral3a.ogf
gamedata\meshes\actors\stalker_neutral\stalker_neutral3b.ogf
gamedata\meshes\actors\stalker_neutral\stalker_neutral4a.ogf
gamedata\meshes\actors\stalker_neutral\stalker_neutral4b.ogf
gamedata\meshes\actors\stalker_neutral\stalker_neutral4hunter.ogf
gamedata\meshes\actors\stalker_neutral\stalker_neutrala1.ogf
gamedata\meshes\actors\stalker_neutral\stalker_neutrala2.ogf
gamedata\meshes\actors\stalker_neutral\stalker_neutrala3.ogf
gamedata\meshes\actors\stalker_neutral\stalker_neutrala4.ogf
gamedata\meshes\actors\stalker_neutral\stalker_neutrala5.ogf
gamedata\meshes\actors\stalker_neutral\stalker_neutrala6.ogf
gamedata\meshes\actors\stalker_neutral\stalker_neutral_0.ogf
gamedata\meshes\actors\stalker_neutral\stalker_neutral_1.ogf
gamedata\meshes\actors\stalker_neutral\stalker_neutral_1_gas.ogf
gamedata\meshes\actors\stalker_neutral\stalker_neutral_1_mas2.ogf
gamedata\meshes\actors\stalker_neutral\stalker_neutral_1_mask.ogf
gamedata\meshes\actors\stalker_neutral\stalker_neutral_2.ogf
gamedata\meshes\actors\stalker_neutral\stalker_neutral_2mask1.ogf
gamedata\meshes\actors\stalker_neutral\stalker_neutral_2mask2.ogf
gamedata\meshes\actors\stalker_neutral\stalker_neutral_2_gp5.ogf
gamedata\meshes\actors\stalker_neutral\stalker_neutral_2_mas2.ogf
gamedata\meshes\actors\stalker_neutral\stalker_neutral_2_mas3.ogf
gamedata\meshes\actors\stalker_neutral\stalker_neutral_2_mask.ogf
gamedata\meshes\actors\stalker_neutral\stalker_neutral_2_merc.ogf
gamedata\meshes\actors\stalker_neutral\stalker_neutral_2_old.ogf
gamedata\meshes\actors\stalker_neutral\stalker_neutral_3.ogf
gamedata\meshes\actors\stalker_neutral\stalker_neutral_4.ogf
gamedata\meshes\actors\stalker_neutral\stalker_neutral_a.ogf
gamedata\meshes\actors\stalker_neutral\stalker_neutral_exoseva.ogf
gamedata\meshes\actors\stalker_neutral\stalker_neutral_nauchni2.ogf
gamedata\meshes\actors\stalker_neutral\stalker_neutral_nauchni4.ogf
gamedata\meshes\actors\stalker_neutral\stalker_neutral_nauchniy.ogf
gamedata\meshes\actors\stalker_neutral\st_nt_1.ogf
NEWFLDR|gamedata\meshes\actors\stalker_renegade\
gamedata\meshes\actors\stalker_renegade\stalker_renegade_1.ogf
gamedata\meshes\actors\stalker_renegade\stalker_renegade_1a_face_1.ogf
gamedata\meshes\actors\stalker_renegade\stalker_renegade_1a_face_2.ogf
gamedata\meshes\actors\stalker_renegade\stalker_renegade_1a_face_3.ogf
gamedata\meshes\actors\stalker_renegade\stalker_renegade_1a_merc.ogf
gamedata\meshes\actors\stalker_renegade\stalker_renegade_1b_face_1.ogf
gamedata\meshes\actors\stalker_renegade\stalker_renegade_1b_face_2.ogf
gamedata\meshes\actors\stalker_renegade\stalker_renegade_1b_face_3.ogf
gamedata\meshes\actors\stalker_renegade\stalker_renegade_1b_merc.ogf
gamedata\meshes\actors\stalker_renegade\stalker_renegade_1c_face_1.ogf
gamedata\meshes\actors\stalker_renegade\stalker_renegade_1c_face_2.ogf
gamedata\meshes\actors\stalker_renegade\stalker_renegade_1c_face_3.ogf
gamedata\meshes\actors\stalker_renegade\stalker_renegade_1c_merc.ogf
gamedata\meshes\actors\stalker_renegade\stalker_renegade_3.ogf
gamedata\meshes\actors\stalker_renegade\stalker_renegade_4.ogf
gamedata\meshes\actors\stalker_renegade\stalker_renegade_4a.ogf
NEWFLDR|gamedata\meshes\actors\stalker_soldier\
gamedata\meshes\actors\stalker_soldier\soldier_bandana.ogf
gamedata\meshes\actors\stalker_soldier\soldier_bandana_1.ogf
gamedata\meshes\actors\stalker_soldier\soldier_bandana_2.ogf
gamedata\meshes\actors\stalker_soldier\soldier_bandana_3.ogf
gamedata\meshes\actors\stalker_soldier\soldier_bandana_4.ogf
gamedata\meshes\actors\stalker_soldier\soldier_bandana_5.ogf
gamedata\meshes\actors\stalker_soldier\soldier_bandana_6.ogf
gamedata\meshes\actors\stalker_soldier\soldier_mask_green.ogf
gamedata\meshes\actors\stalker_soldier\stalker_army_nauchniy.ogf
gamedata\meshes\actors\stalker_soldier\stalker_militari_1.ogf
gamedata\meshes\actors\stalker_soldier\stalker_militari_2.ogf
gamedata\meshes\actors\stalker_soldier\stalker_military_exo.ogf
gamedata\meshes\actors\stalker_soldier\stalker_neutral_reinforced.ogf
gamedata\meshes\actors\stalker_soldier\stalker_soldier1a.ogf
gamedata\meshes\actors\stalker_soldier\stalker_soldier1b.ogf
gamedata\meshes\actors\stalker_soldier\stalker_soldier1c.ogf
gamedata\meshes\actors\stalker_soldier\stalker_soldier1d.ogf
gamedata\meshes\actors\stalker_soldier\stalker_soldier1e.ogf
gamedata\meshes\actors\stalker_soldier\stalker_soldier1f.ogf
gamedata\meshes\actors\stalker_soldier\stalker_soldier1g.ogf
gamedata\meshes\actors\stalker_soldier\stalker_soldier3a_beret.ogf
gamedata\meshes\actors\stalker_soldier\stalker_soldier3b_beret.ogf
gamedata\meshes\actors\stalker_soldier\stalker_soldier3c_beret.ogf
gamedata\meshes\actors\stalker_soldier\stalker_soldier3d_beret.ogf
gamedata\meshes\actors\stalker_soldier\stalker_soldier3e_beret.ogf
gamedata\meshes\actors\stalker_soldier\stalker_soldier3f_beret.ogf
gamedata\meshes\actors\stalker_soldier\stalker_soldier3g_beret.ogf
gamedata\meshes\actors\stalker_soldier\stalker_soldier3h_beret.ogf
gamedata\meshes\actors\stalker_soldier\stalker_soldier3i_beret.ogf
gamedata\meshes\actors\stalker_soldier\stalker_soldier3j_beret.ogf
gamedata\meshes\actors\stalker_soldier\stalker_soldier3k_beret.ogf
gamedata\meshes\actors\stalker_soldier\stalker_soldier4a.ogf
gamedata\meshes\actors\stalker_soldier\stalker_soldier4nosorog.ogf
gamedata\meshes\actors\stalker_soldier\stalker_soldier5a.ogf
gamedata\meshes\actors\stalker_soldier\stalker_soldier5a_beret.ogf
gamedata\meshes\actors\stalker_soldier\stalker_soldier_1.ogf
gamedata\meshes\actors\stalker_soldier\stalker_soldier_2.ogf
gamedata\meshes\actors\stalker_soldier\stalker_soldier_3.ogf
gamedata\meshes\actors\stalker_soldier\stalker_soldier_3_beret.ogf
gamedata\meshes\actors\stalker_soldier\stalker_soldier_4.ogf
gamedata\meshes\actors\stalker_soldier\stalker_soldier_4_skat.ogf
gamedata\meshes\actors\stalker_soldier\stalker_soldier_5_beret.ogf
gamedata\meshes\actors\stalker_soldier\stalker_soldier_9_proto.ogf
gamedata\meshes\actors\stalker_soldier\stalker_soldier_exoseva.ogf
NEWFLDR|gamedata\meshes\dynamics\outfit\
gamedata\meshes\dynamics\outfit\banditmerc_outfit.ogf
gamedata\meshes\dynamics\outfit\bandit_scientific_outfit.ogf
gamedata\meshes\dynamics\outfit\clear_sky_skat_ua.ogf
gamedata\meshes\dynamics\outfit\dolg_exo_outfit.ogf
gamedata\meshes\dynamics\outfit\exolight_outfit.ogf
gamedata\meshes\dynamics\outfit\freeheavy_outfit.ogf
gamedata\meshes\dynamics\outfit\helm_battle_dolg.ogf
gamedata\meshes\dynamics\outfit\helm_cs.ogf
gamedata\meshes\dynamics\outfit\helm_protective.ogf
gamedata\meshes\dynamics\outfit\helm_respirator_dolg.ogf
gamedata\meshes\dynamics\outfit\helm_respirator_monolith.ogf
gamedata\meshes\dynamics\outfit\merc_exo_outfit.ogf
gamedata\meshes\dynamics\outfit\merc_outfit.ogf
gamedata\meshes\dynamics\outfit\military_exolight_outfit.ogf
gamedata\meshes\dynamics\outfit\monolith_exolight_outfit.ogf
gamedata\meshes\dynamics\outfit\monolith_outfit.ogf
gamedata\meshes\dynamics\outfit\monolith_scientific_outfit.ogf
gamedata\meshes\dynamics\outfit\svoboda_scientific_outfit.ogf
NEWFLDR|gamedata\textures\act\
gamedata\textures\act\act_cskysun2.dds
gamedata\textures\act\act_cskysun2_bump.dds
gamedata\textures\act\act_exoskeleton.dds
gamedata\textures\act\act_exoskeleton_bump#.dds
gamedata\textures\act\act_exoskeleton_bump.dds
gamedata\textures\act\act_exoskeleton_bump.thm
gamedata\textures\act\act_face_00.thm
gamedata\textures\act\act_face_greh_02.dds
gamedata\textures\act\act_face_greh_03.dds
gamedata\textures\act\act_face_greh_04.dds
gamedata\textures\act\act_face_greh_05.dds
gamedata\textures\act\act_face_mask_03.dds
gamedata\textures\act\act_face_mask_03.thm
gamedata\textures\act\act_face_mask_05.dds
gamedata\textures\act\act_face_mask_05.thm
gamedata\textures\act\act_face_mask_06.dds
gamedata\textures\act\act_face_mask_06.thm
gamedata\textures\act\act_face_mask_07.thm
gamedata\textures\act\act_face_mask_08.thm
gamedata\textures\act\act_face_soldier_01.thm
gamedata\textures\act\act_face_soldier_07.thm
gamedata\textures\act\act_green_stalker_head.thm
gamedata\textures\act\act_killer_nauchniy.dds
gamedata\textures\act\act_mercsun2.dds
gamedata\textures\act\act_mercsun2.thm
gamedata\textures\act\act_monoold1.dds
gamedata\textures\act\act_monoold1.thm
gamedata\textures\act\act_monoold1_bump#.dds
gamedata\textures\act\act_monoold1_bump.dds
gamedata\textures\act\act_monoold1_bump.thm
gamedata\textures\act\act_monoold2.dds
gamedata\textures\act\act_monoold2.thm
gamedata\textures\act\act_monoold3.dds
gamedata\textures\act\act_monoold3.thm
gamedata\textures\act\act_monoold3_bump#.dds
gamedata\textures\act\act_monoold3_bump.dds
gamedata\textures\act\act_monoold3_bump.thm
gamedata\textures\act\act_mtalker.dds
gamedata\textures\act\act_mtalker_bump.dds
gamedata\textures\act\act_nauchniy_monolit.dds
gamedata\textures\act\act_nauchniy_monolit.thm
gamedata\textures\act\act_ryukzac.dds
gamedata\textures\act\act_ryukzaf.dds
gamedata\textures\act\act_scientist_zombi_b.dds
gamedata\textures\act\act_scientist_zombi_b.thm
gamedata\textures\act\act_scientist_zombi_g.dds
gamedata\textures\act\act_scientist_zombi_g.thm
gamedata\textures\act\act_scientist_zombi_o.thm
gamedata\textures\act\act_scientist_zombi_r.dds
gamedata\textures\act\act_scientist_zombi_r.thm
gamedata\textures\act\act_scientist_zombi_w.dds
gamedata\textures\act\act_scientist_zombi_w.thm
gamedata\textures\act\act_scientist_zombi_y.dds
gamedata\textures\act\act_scientist_zombi_y.thm
gamedata\textures\act\act_soldier_head_new.thm
gamedata\textures\act\act_specnaz_glass_bump.dds
gamedata\textures\act\act_stalker.dds
gamedata\textures\act\act_stalker.thm
gamedata\textures\act\act_stalker_1auchnyu.dds
gamedata\textures\act\act_stalker_1auchnyu.thm
gamedata\textures\act\act_stalker_bandiseva2.thm
gamedata\textures\act\act_stalker_bandit1a.thm
gamedata\textures\act\act_stalker_bandit1az.thm
gamedata\textures\act\act_stalker_bandit1b.dds
gamedata\textures\act\act_stalker_bandit1b.thm
gamedata\textures\act\act_stalker_bandit1bz.thm
gamedata\textures\act\act_stalker_bandit1c.thm
gamedata\textures\act\act_stalker_bandit1cz.thm
gamedata\textures\act\act_stalker_bandit2a.dds
gamedata\textures\act\act_stalker_banditexo.dds
gamedata\textures\act\act_stalker_banditexo.thm
gamedata\textures\act\act_stalker_bandit_1.thm
gamedata\textures\act\act_stalker_bandit_1z.thm
gamedata\textures\act\act_stalker_bandit_1_bump.dds
gamedata\textures\act\act_stalker_bandit_2a.dds
gamedata\textures\act\act_stalker_bandit_2a.thm
gamedata\textures\act\act_stalker_bandit_3.dds
gamedata\textures\act\act_stalker_bandit_exo.dds
gamedata\textures\act\act_stalker_bandit_exo.thm
gamedata\textures\act\act_stalker_black.thm
gamedata\textures\act\act_stalker_csexorad9.dds
gamedata\textures\act\act_stalker_csexorad9.thm
gamedata\textures\act\act_stalker_cskysun_2.dds
gamedata\textures\act\act_stalker_dolg2a.dds
gamedata\textures\act\act_stalker_dolg3a.dds
gamedata\textures\act\act_stalker_dolg3b.dds
gamedata\textures\act\act_stalker_dolg4b.dds
gamedata\textures\act\act_stalker_dolg_2_bump.dds
gamedata\textures\act\act_stalker_dolg_3.thm
gamedata\textures\act\act_stalker_ecologb_1.dds
gamedata\textures\act\act_stalker_ecologb_1_bump.dds
gamedata\textures\act\act_stalker_face3.thm
gamedata\textures\act\act_stalker_freedom0.dds
gamedata\textures\act\act_stalker_freedom0.thm
gamedata\textures\act\act_stalker_freedom1a.dds
gamedata\textures\act\act_stalker_freedom1a.thm
gamedata\textures\act\act_stalker_freedom3a.dds
gamedata\textures\act\act_stalker_freedom_1_bump#.dds
gamedata\textures\act\act_stalker_freedom_1_bump.dds
gamedata\textures\act\act_stalker_free_0.dds
gamedata\textures\act\act_stalker_greh_2a.dds
gamedata\textures\act\act_stalker_greh_2a.thm
gamedata\textures\act\act_stalker_greh_2b.dds
gamedata\textures\act\act_stalker_greh_2b.thm
gamedata\textures\act\act_stalker_greh_2c.dds
gamedata\textures\act\act_stalker_greh_2c.thm
gamedata\textures\act\act_stalker_head_antigas_2.dds
gamedata\textures\act\act_stalker_head_antigas_8.thm
gamedata\textures\act\act_stalker_head_antigas_9.thm
gamedata\textures\act\act_stalker_head_glass.dds
gamedata\textures\act\act_stalker_head_glass.thm
gamedata\textures\act\act_stalker_head_glass_01.thm
gamedata\textures\act\act_stalker_head_glass_bump#.dds
gamedata\textures\act\act_stalker_head_glass_bump.dds
gamedata\textures\act\act_stalker_isg_exoskeleton.dds
gamedata\textures\act\act_stalker_mdoc.thm
gamedata\textures\act\act_stalker_mdoc_2.dds
gamedata\textures\act\act_stalker_merc2b.dds
gamedata\textures\act\act_stalker_merc2c.dds
gamedata\textures\act\act_stalker_mercenary3.thm
gamedata\textures\act\act_stalker_mercenary4.thm
gamedata\textures\act\act_stalker_mercexo4a.dds
gamedata\textures\act\act_stalker_merc_1.dds
gamedata\textures\act\act_stalker_merc_2.dds
gamedata\textures\act\act_stalker_merc_4.dds
gamedata\textures\act\act_stalker_merc_sun1.dds
gamedata\textures\act\act_stalker_moldier_4.dds
gamedata\textures\act\act_stalker_moldier_4.thm
gamedata\textures\act\act_stalker_monolith0.dds
gamedata\textures\act\act_stalker_monolith1.dds
gamedata\textures\act\act_stalker_monolith1.thm
gamedata\textures\act\act_stalker_monolith1_bump#.dds
gamedata\textures\act\act_stalker_monolith1_bump.dds
gamedata\textures\act\act_stalker_monolith1_bump.thm
gamedata\textures\act\act_stalker_monolith_1.dds
gamedata\textures\act\act_stalker_monolith_1_bump#.dds
gamedata\textures\act\act_stalker_monolith_1_bump.dds
gamedata\textures\act\act_stalker_monolith_2.dds
gamedata\textures\act\act_stalker_monolith_2_bump#.dds
gamedata\textures\act\act_stalker_monolith_2_bump.dds
gamedata\textures\act\act_stalker_monolith_3.dds
gamedata\textures\act\act_stalker_monolith_3.thm
gamedata\textures\act\act_stalker_monolith_4.dds
gamedata\textures\act\act_stalker_neboa2.dds
gamedata\textures\act\act_stalker_neboa2.thm
gamedata\textures\act\act_stalker_nebob2.dds
gamedata\textures\act\act_stalker_nebob2.thm
gamedata\textures\act\act_stalker_nebos2_bump.dds
gamedata\textures\act\act_stalker_nebos3_bump.dds
gamedata\textures\act\act_stalker_neboseva1.dds
gamedata\textures\act\act_stalker_neboseva1_bump.dds
gamedata\textures\act\act_stalker_nebo_1.dds
gamedata\textures\act\act_stalker_nebo_1.thm
gamedata\textures\act\act_stalker_nebo_1_bump#.dds
gamedata\textures\act\act_stalker_nebo_1_bump.dds
gamedata\textures\act\act_stalker_nebo_1_bump.thm
gamedata\textures\act\act_stalker_nebo_2.dds
gamedata\textures\act\act_stalker_nebo_2.thm
gamedata\textures\act\act_stalker_nebo_2_bump#.dds
gamedata\textures\act\act_stalker_nebo_2_bump.dds
gamedata\textures\act\act_stalker_nebo_2_bump.thm
gamedata\textures\act\act_stalker_nebo_3.dds
gamedata\textures\act\act_stalker_nebo_3.thm
gamedata\textures\act\act_stalker_nebo_3_bump#.dds
gamedata\textures\act\act_stalker_nebo_3_bump.dds
gamedata\textures\act\act_stalker_nebo_3_bump.thm
gamedata\textures\act\act_stalker_nebo_a.dds
gamedata\textures\act\act_stalker_nebo_a.thm
gamedata\textures\act\act_stalker_nebo_a_bump#.dds
gamedata\textures\act\act_stalker_nebo_a_bump#.thm
gamedata\textures\act\act_stalker_nebo_a_bump.dds
gamedata\textures\act\act_stalker_nebo_a_bump.thm
gamedata\textures\act\act_stalker_nebo_b.dds
gamedata\textures\act\act_stalker_nebo_b.thm
gamedata\textures\act\act_stalker_nebo_b_bump#.dds
gamedata\textures\act\act_stalker_nebo_b_bump#.thm
gamedata\textures\act\act_stalker_nebo_b_bump.dds
gamedata\textures\act\act_stalker_nebo_b_bump.thm
gamedata\textures\act\act_stalker_nebo_exo1.dds
gamedata\textures\act\act_stalker_nebo_rok1.thm
gamedata\textures\act\act_stalker_neutral1a.dds
gamedata\textures\act\act_stalker_neutral1a.thm
gamedata\textures\act\act_stalker_neutral1b.dds
gamedata\textures\act\act_stalker_neutral1b.thm
gamedata\textures\act\act_stalker_neutral1c.thm
gamedata\textures\act\act_stalker_neutral1d.dds
gamedata\textures\act\act_stalker_neutral1d.thm
gamedata\textures\act\act_stalker_neutral1e.dds
gamedata\textures\act\act_stalker_neutral1e.thm
gamedata\textures\act\act_stalker_neutral1f.thm
gamedata\textures\act\act_stalker_neutral2a.dds
gamedata\textures\act\act_stalker_neutral2b.dds
gamedata\textures\act\act_stalker_neutral2c.dds
gamedata\textures\act\act_stalker_neutral2d.dds
gamedata\textures\act\act_stalker_neutral2e.dds
gamedata\textures\act\act_stalker_neutral_1.thm
gamedata\textures\act\act_stalker_neutral_1e.thm
gamedata\textures\act\act_stalker_neutral_1_bump#.dds
gamedata\textures\act\act_stalker_neutral_1_bump.dds
gamedata\textures\act\act_stalker_neutral_1_bump.thm
gamedata\textures\act\act_stalker_neutral_2.dds
gamedata\textures\act\act_stalker_neutral_3.dds
gamedata\textures\act\act_stalker_neutral_4.dds
gamedata\textures\act\act_stalker_neut_2.dds
gamedata\textures\act\act_stalker_neut_2.thm
gamedata\textures\act\act_stalker_noldier4a.dds
gamedata\textures\act\act_stalker_noldier4a.thm
gamedata\textures\act\act_stalker_noldier_5.dds
gamedata\textures\act\act_stalker_noldier_5.thm
gamedata\textures\act\act_stalker_renegde_3.dds
gamedata\textures\act\act_stalker_renegde_3.thm
gamedata\textures\act\act_stalker_renegde_3_bump#.dds
gamedata\textures\act\act_stalker_renegde_3_bump#.thm
gamedata\textures\act\act_stalker_renegde_3_bump.dds
gamedata\textures\act\act_stalker_renegde_3_bump.thm
gamedata\textures\act\act_stalker_renegde_4.dds
gamedata\textures\act\act_stalker_renegde_4.thm
gamedata\textures\act\act_stalker_rngat_exo.dds
gamedata\textures\act\act_stalker_ronolith_2.dds
gamedata\textures\act\act_stalker_sandit_1.thm
gamedata\textures\act\act_stalker_sandit_2.thm
gamedata\textures\act\act_stalker_soldier4a.dds
gamedata\textures\act\act_stalker_soldier4a.thm
gamedata\textures\act\act_stalker_soldier4a_bump.dds
gamedata\textures\act\act_stalker_soldier4a_bump.thm
gamedata\textures\act\act_stalker_soldier_2.dds
gamedata\textures\act\act_stalker_soldier_4.dds
gamedata\textures\act\act_stalker_soldier_4.thm
gamedata\textures\act\act_stalker_soldier_4_bump#.dds
gamedata\textures\act\act_stalker_soldier_4_bump.dds
gamedata\textures\act\act_stalker_soldier_4_bump.thm
gamedata\textures\act\act_stalker_soldier_b.dds
gamedata\textures\act\act_stalker_soldier_b.thm
gamedata\textures\act\act_stalker_soldier_v.dds
gamedata\textures\act\act_stalker_soldier_v.thm
gamedata\textures\act\act_stalker_soldiev_4.dds
gamedata\textures\act\act_stalker_soldiev_4.thm
gamedata\textures\act\act_stalker_sold_exo.dds
gamedata\textures\act\act_stalker_sold_exo.thm
gamedata\textures\act\act_stalker_specnaz_1.dds
gamedata\textures\act\act_stalker_specnaz_1.thm
gamedata\textures\act\act_stalker_specnaz_us_bump.dds
gamedata\textures\act\act_stalker_vandit_exo.dds
gamedata\textures\act\act_stalker_vandit_exo.thm
gamedata\textures\act\act_stalker_voenboshka_0.dds
gamedata\textures\act\act_stalker_voenboshka_0.thm
gamedata\textures\act\act_stalker_voyak_exo.dds
gamedata\textures\act\act_stalker_voyak_exo.thm
gamedata\textures\act\act_st_exoskel_tank_monolit.dds
gamedata\textures\act\act_st_exoskel_tank_monolit.thm
gamedata\textures\act\act_st_exoskel_tank_mvoboda.thm
NEWFLDR|gamedata\textures\act\ecolog\
gamedata\textures\act\ecolog\act_guard_2.dds
gamedata\textures\act\ecolog\act_guard_3.dds
gamedata\textures\act\ecolog\act_guard_3.thm
gamedata\textures\act\ecolog\act_guard_3_bump#.thm
gamedata\textures\act\ecolog\act_guard_3_bump.dds
gamedata\textures\act\ecolog\act_guard_3_bump.thm
gamedata\textures\act\ecolog\act_guard_3_seva.dds
gamedata\textures\act\ecolog\act_stalker_merc_1.dds
gamedata\textures\act\ecolog\act_stalker_merc_2.dds
gamedata\textures\act\ecolog\act_stalker_merc_sun1.dds
gamedata\textures\act\ecolog\act_stalker_merc_sun1.thm
gamedata\textures\act\ecolog\act_stalker_merc_sun1_bump#.dds
gamedata\textures\act\ecolog\act_stalker_merc_sun1_bump#.thm
gamedata\textures\act\ecolog\act_stalker_merc_sun1_bump.dds
gamedata\textures\act\ecolog\act_stalker_merc_sun1_bump.thm
NEWFLDR|gamedata\textures\act\isg\
gamedata\textures\act\isg\act_stalker_isg_sci_2.thm
gamedata\textures\act\isg\act_stalker_isg_sci_3.thm
NEWFLDR|gamedata\textures\act\variation mod\
NEWFLDR|gamedata\textures\act\variation mod\act_neutral\
gamedata\textures\act\variation mod\act_neutral\gas_mask_glass.dds
gamedata\textures\act\variation mod\act_neutral\gas_mask_glass.thm
gamedata\textures\act\variation mod\act_neutral\gas_mask_glass_bump.dds
gamedata\textures\act\variation mod\act_neutral\gas_mask_glass_bump.thm
gamedata\textures\act\variation mod\act_neutral\gp5a.dds
gamedata\textures\act\variation mod\act_neutral\gp5a.thm
gamedata\textures\act\variation mod\act_neutral\gp5a_bump.dds
gamedata\textures\act\variation mod\act_neutral\gp5a_bump.thm
