gamedata\particles.xr
NEWFLDR|gamedata\textures\cinemavfx\
gamedata\textures\cinemavfx\puff_00.dds
gamedata\textures\cinemavfx\puff_01.dds
NEWFLDR|gamedata\textures\cinemavfx\debris_new\
gamedata\textures\cinemavfx\debris_new\debris_burst_01_x16_optimized.dds
gamedata\textures\cinemavfx\debris_new\debris_burst_01_x64.dds
gamedata\textures\cinemavfx\debris_new\debris_burst_02_x16_optimized.dds
gamedata\textures\cinemavfx\debris_new\debris_burst_02_x64.dds
gamedata\textures\cinemavfx\debris_new\debris_burst_03_x16_optimized.dds
NEWFLDR|gamedata\textures\crysis_3\
gamedata\textures\crysis_3\alien_a.dds
gamedata\textures\crysis_3\alien_fire_a.dds
gamedata\textures\crysis_3\alien_fire_b.dds
gamedata\textures\crysis_3\Anim_Liquid.dds
gamedata\textures\crysis_3\anm_fire_12.dds
gamedata\textures\crysis_3\anm_smoke_05a.dds
gamedata\textures\crysis_3\anm_smoke_07a.dds
gamedata\textures\crysis_3\anm_smoke_desat.dds
gamedata\textures\crysis_3\around.dds
gamedata\textures\crysis_3\ash_a.dds
gamedata\textures\crysis_3\bird_anim_a.dds
gamedata\textures\crysis_3\blood_anim_a.dds
gamedata\textures\crysis_3\blood_pool.dds
gamedata\textures\crysis_3\blood_pool2.dds
gamedata\textures\crysis_3\blood_pool2_alien.dds
gamedata\textures\crysis_3\blood_pool2_spec.dds
gamedata\textures\crysis_3\blood_pool_alien.dds
gamedata\textures\crysis_3\blood_pool_ddn.dds
gamedata\textures\crysis_3\blood_pool_spec.dds
gamedata\textures\crysis_3\blood_tiled_a.dds
gamedata\textures\crysis_3\BrokenHexTiles.dds
gamedata\textures\crysis_3\bubble.dds
gamedata\textures\crysis_3\butterfly_tiled_a.dds
gamedata\textures\crysis_3\cash_tiled_a.dds
gamedata\textures\crysis_3\cumulus_01.dds
gamedata\textures\crysis_3\cumulus_02.dds
gamedata\textures\crysis_3\cw2_distant_smoke.dds
gamedata\textures\crysis_3\cw2_distant_smoke_2.dds
gamedata\textures\crysis_3\cw2_distant_smoke_3.dds
gamedata\textures\crysis_3\cw2_explosion_with_fire.dds
gamedata\textures\crysis_3\cw2_fine_spray.dds
gamedata\textures\crysis_3\cw2_radial_splatter_a_diff.dds
gamedata\textures\crysis_3\cw2_radial_splatter_b_diff.dds
gamedata\textures\crysis_3\cw2_radial_splatter_c_diff.dds
gamedata\textures\crysis_3\cw2_suit_deflect.dds
gamedata\textures\crysis_3\cw2_suit_deflect_v2.dds
gamedata\textures\crysis_3\Dead_Leaves.dds
gamedata\textures\crysis_3\dirt_a.dds
gamedata\textures\crysis_3\dirt_a1_blur.dds
gamedata\textures\crysis_3\dirt_b.dds
gamedata\textures\crysis_3\dirt_c.dds
gamedata\textures\crysis_3\dirt_d.dds
gamedata\textures\crysis_3\distant_glow_alpha.dds
gamedata\textures\crysis_3\distant_glow_alpha_2.dds
gamedata\textures\crysis_3\dragonfly.dds
gamedata\textures\crysis_3\electric_a.dds
gamedata\textures\crysis_3\emp_shock_animated.dds
gamedata\textures\crysis_3\explosion_a.dds
gamedata\textures\crysis_3\explo_anim2 - Copy.dds
gamedata\textures\crysis_3\explo_anim2.dds
gamedata\textures\crysis_3\eyes1.dds
gamedata\textures\crysis_3\fireball_anim_a.dds
gamedata\textures\crysis_3\fireball_anim_a_grey.dds
gamedata\textures\crysis_3\fireball_anim_b.dds
gamedata\textures\crysis_3\fireball_anim_d.dds
gamedata\textures\crysis_3\fireball_anim_e.dds
gamedata\textures\crysis_3\fireball_anim_f.dds
gamedata\textures\crysis_3\fireball_anim_g.dds
gamedata\textures\crysis_3\fireball_anim_h.dds
gamedata\textures\crysis_3\fireball_anim_i.dds
gamedata\textures\crysis_3\fireball_anim_j.dds
gamedata\textures\crysis_3\fireball_mono_anim_a.dds
gamedata\textures\crysis_3\fireball_propane1.dds
gamedata\textures\crysis_3\fireball_propane2.dds
gamedata\textures\crysis_3\fireball_tiled_a.dds
gamedata\textures\crysis_3\fire_large_animated2.dds
gamedata\textures\crysis_3\flamesheetlong1_red_cut.dds
gamedata\textures\crysis_3\flame_anim_c.dds
gamedata\textures\crysis_3\flame_horizontal_tiled_a.dds
gamedata\textures\crysis_3\flame_looping_a.dds
gamedata\textures\crysis_3\flame_looping_b.dds
gamedata\textures\crysis_3\flame_multi_a.dds
gamedata\textures\crysis_3\flame_pointed_a.dds
gamedata\textures\crysis_3\fly_a.dds
gamedata\textures\crysis_3\glass_safety_tiled_a.dds
gamedata\textures\crysis_3\glass_tiled_a.dds
gamedata\textures\crysis_3\glass_tiled_a_spec.dds
gamedata\textures\crysis_3\glow_a.dds
gamedata\textures\crysis_3\groundflames1.dds
gamedata\textures\crysis_3\groundflames1_2.dds
gamedata\textures\crysis_3\leaf_tiled_a.dds
gamedata\textures\crysis_3\lookup_grad1.dds
gamedata\textures\crysis_3\lookup_grad2.dds
gamedata\textures\crysis_3\moth_tiled_a.dds
gamedata\textures\crysis_3\muzzleflash_test1.dds
gamedata\textures\crysis_3\nanoglass_a.dds
gamedata\textures\crysis_3\noise_tiling_a.dds
gamedata\textures\crysis_3\paper_flying_loop_a.dds
gamedata\textures\crysis_3\paper_tiled_a.dds
gamedata\textures\crysis_3\rainbow.dds
gamedata\textures\crysis_3\rain_drop2.dds
gamedata\textures\crysis_3\rain_test2.dds
gamedata\textures\crysis_3\ripple.dds
gamedata\textures\crysis_3\seed_a.dds
gamedata\textures\crysis_3\shockwave_a.dds
gamedata\textures\crysis_3\shockwave_b.dds
gamedata\textures\crysis_3\shockwave_c.dds
gamedata\textures\crysis_3\singularity_a_diff.dds
gamedata\textures\crysis_3\slime_anim_a_diff.dds
gamedata\textures\crysis_3\slime_anim_a_spec.dds
gamedata\textures\crysis_3\slime_anim_b.dds
gamedata\textures\crysis_3\slime_anim_c_diff.dds
gamedata\textures\crysis_3\slime_anim_c_diff_2.dds
gamedata\textures\crysis_3\smoke_a.dds
gamedata\textures\crysis_3\smoke_animated_3.dds
gamedata\textures\crysis_3\smoke_flame_1.dds
gamedata\textures\crysis_3\smoke_front_animated.dds
gamedata\textures\crysis_3\smoke_looping_a.dds
gamedata\textures\crysis_3\smoke_looping_a_antiflicker_test.dds
gamedata\textures\crysis_3\smoke_looping_b.dds
gamedata\textures\crysis_3\smoke_massive_cloud1.dds
gamedata\textures\crysis_3\smoke_roll_animated2.dds
gamedata\textures\crysis_3\smoke_side_animated.dds
gamedata\textures\crysis_3\smoke_streched_tiled_a.dds
gamedata\textures\crysis_3\smoke_streched_tiled_b.dds
gamedata\textures\crysis_3\smoke_tiled_a.dds
gamedata\textures\crysis_3\smoke_tiled_a_add.dds
gamedata\textures\crysis_3\smoke_tiled_b.dds
gamedata\textures\crysis_3\smoke_tiled_c.dds
gamedata\textures\crysis_3\smoke_tiled_d.dds
gamedata\textures\crysis_3\smoke_tiled_e.dds
gamedata\textures\crysis_3\smoke_trail_a.dds
gamedata\textures\crysis_3\smoke_wispy_tiled_a.dds
gamedata\textures\crysis_3\smoke_wispy_tiled_b.dds
gamedata\textures\crysis_3\snow_sheet_a.dds
gamedata\textures\crysis_3\sonic_heat_c.dds
gamedata\textures\crysis_3\sparks_tiled.dds
gamedata\textures\crysis_3\spark_a.dds
gamedata\textures\crysis_3\spark_mono_a.dds
gamedata\textures\crysis_3\spark_sharp1.dds
gamedata\textures\crysis_3\spark_tiled_a.dds
gamedata\textures\crysis_3\spark_tiled_blue.dds
gamedata\textures\crysis_3\spider.dds
gamedata\textures\crysis_3\splatt_a.dds
gamedata\textures\crysis_3\splatt_a_dirt.dds
gamedata\textures\crysis_3\splatt_a_dirt2.dds
gamedata\textures\crysis_3\splatt_tiled_a.dds
gamedata\textures\crysis_3\spore_a.dds
gamedata\textures\crysis_3\spore_white.dds
gamedata\textures\crysis_3\spotlight.dds
gamedata\textures\crysis_3\stones_tiled_a.dds
gamedata\textures\crysis_3\thruster.dds
gamedata\textures\crysis_3\thruster_anim.dds
gamedata\textures\crysis_3\trail_alien_a.dds
gamedata\textures\crysis_3\trail_smoke_a.dds
gamedata\textures\crysis_3\trail_smoke_b.dds
gamedata\textures\crysis_3\vortex.dds
gamedata\textures\crysis_3\waterdust1.dds
gamedata\textures\crysis_3\water_bubbles_a.dds
gamedata\textures\crysis_3\water_foam_tiled_a.dds
gamedata\textures\crysis_3\water_foam_tiled_a_spec.dds
gamedata\textures\crysis_3\water_gush.dds
gamedata\textures\crysis_3\water_ripples.dds
gamedata\textures\crysis_3\water_ripples2.dds
gamedata\textures\crysis_3\water_river_a.dds
gamedata\textures\crysis_3\water_river_b.dds
gamedata\textures\crysis_3\water_splash_b.dds
gamedata\textures\crysis_3\water_splash_single.dds
gamedata\textures\crysis_3\water_splash_tiled_a.dds
gamedata\textures\crysis_3\whirlpool1.dds
gamedata\textures\crysis_3\whirlpool2.dds
gamedata\textures\crysis_3\wood_chip_tiled_a.dds
gamedata\textures\fallout4\BitsBrick01Anim_d.DDS
gamedata\textures\fallout4\BitsGlowyBits01Atlas.DDS
gamedata\textures\fallout4\BitsGlowySparks02Atlas.DDS
gamedata\textures\fallout4\BitsGlowySparks02AtlasJitter.dds
gamedata\textures\fallout4\BitsGlowySparks02AtlasJitter2.dds
gamedata\textures\fallout4\BitsLeaves01Anim_d.DDS
gamedata\textures\fallout4\BitsMediumManufacturedChunk01Anim_d.DDS
gamedata\textures\fallout4\BitsSmall01Anim.DDS
gamedata\textures\fallout4\BitsSmall01BlurAnim.DDS
gamedata\textures\fallout4\BitsSmallRockyFlaming_d.DDS
gamedata\textures\fallout4\BitsSmallRocky_d.DDS
gamedata\textures\fallout4\BitsSparkOrange.DDS
gamedata\textures\fallout4\bitssparkorangeflicker.dds
gamedata\textures\fallout4\bitssparkorangeflicker2.dds
gamedata\textures\fallout4\bitssparkorangeflicker3.dds
gamedata\textures\fallout4\bitssparkyellowflicker.dds
gamedata\textures\fallout4\BitsWoodSplintersAtlas.DDS
gamedata\textures\fallout4\BloodSplatter_atlas_d.DDS
gamedata\textures\fallout4\Blood_Splatter__DRY_QUAD_d.DDS
gamedata\textures\fallout4\BushTrimmings_d.DDS
gamedata\textures\fallout4\ClothBitAnim.DDS
gamedata\textures\fallout4\DebrisBurst01.dds
gamedata\textures\fallout4\DebrisBurst02.dds
gamedata\textures\fallout4\DebrisBurst03.dds
gamedata\textures\fallout4\DecalBloodBladeCut01.DDS
gamedata\textures\fallout4\DecalsBloodSmearDry_d.DDS
gamedata\textures\fallout4\DecalsBloodSmearStreaks_d.DDS
gamedata\textures\fallout4\DecalsBloodSmear_d.DDS
gamedata\textures\fallout4\FrameBigSplash.dds
gamedata\textures\fallout4\MudBurstVelocity.dds
gamedata\textures\fallout4\ScreenBloodAlpha01OPT.DDS
gamedata\textures\fallout4\SmallSplashAtlas.dds
gamedata\textures\fallout4\SmokeBasic01Atlas.DDS
gamedata\textures\fallout4\SmokeBurstPuffAnim.DDS
gamedata\textures\fallout4\SmokeBursts_d.DDS
gamedata\textures\fallout4\smokeburstvelocity.dds
gamedata\textures\fallout4\smokeburstvelocitybright.dds
gamedata\textures\fallout4\SmokeCloudPuff.DDS
gamedata\textures\fallout4\SmokeCrawl01_Anim_d.DDS
gamedata\textures\fallout4\SmokeCrawl01_Anim_d_opaq.dds
gamedata\textures\fallout4\SmokeFillVapor01Atlas.DDS
gamedata\textures\fallout4\SmokeFillVapor01AtlasSoft_d.DDS
gamedata\textures\fallout4\SmokeFillVapor01AtlasSoft_d_small.dds
gamedata\textures\fallout4\SmokePuff04Anim.DDS
gamedata\textures\fallout4\SmokePuffsBrightNuke02_d.DDS
gamedata\textures\fallout4\SmokePuffsBrightNuke_d.DDS
gamedata\textures\fallout4\SmokePuffsContrastAtlas.DDS
gamedata\textures\fallout4\SmokePuffsSoftAtlasVelocity_d.dds
gamedata\textures\fallout4\SmokePuffsSoftAtlas_d.DDS
gamedata\textures\fallout4\SmokePuffsSoftBrightAtlas_d.DDS
gamedata\textures\fallout4\SmokePuffsSoftHighContrastAtlas_d.DDS
gamedata\textures\fallout4\SmokePuffy01.DDS
gamedata\textures\fallout4\SmokePuffy02_d.DDS
NEWFLDR|gamedata\textures\farcry4\
gamedata\textures\farcry4\A50B9E08F8CE5F3F.dds
gamedata\textures\farcry4\blood_01.dds
gamedata\textures\farcry4\blue_flare.dds
gamedata\textures\farcry4\bullet_burst_01.dds
gamedata\textures\farcry4\bullet_burst_static_02.dds
gamedata\textures\farcry4\bullet_burst_static_03.dds
gamedata\textures\farcry4\bulllet_burst_static_01.dds
gamedata\textures\farcry4\dust_loop_01.dds
gamedata\textures\farcry4\dust_loop_02.dds
gamedata\textures\farcry4\dust_puff_01.dds
gamedata\textures\farcry4\dust_puff_02.dds
gamedata\textures\farcry4\dust_puff_big_01.dds
gamedata\textures\farcry4\dust_puff_big_02.dds
gamedata\textures\farcry4\dust_wisp_big_01.dds
gamedata\textures\farcry4\explosion_debris_01.dds
gamedata\textures\farcry4\fire_puff_01.dds
gamedata\textures\farcry4\fire_tongue_01.dds
gamedata\textures\farcry4\flame_burst_01.dds
gamedata\textures\farcry4\flame_burst_02.dds
gamedata\textures\farcry4\metal_spark_01.dds
gamedata\textures\farcry4\metal_spark_02.dds
gamedata\textures\farcry4\mist_veil_01.dds
gamedata\textures\farcry4\mist_veil_02.dds
gamedata\textures\farcry4\muzzle_flash_01.dds
gamedata\textures\farcry4\muzzle_flash_02.dds
gamedata\textures\farcry4\muzzle_flash_03.dds
gamedata\textures\farcry4\muzzle_flash_04.dds
gamedata\textures\farcry4\muzzle_flash_05.dds
gamedata\textures\farcry4\muzzle_side.dds
gamedata\textures\farcry4\smoke_puff_small_01.dds
gamedata\textures\farcry4\sparks_01.dds
gamedata\textures\farcry4\sparks_02.dds
gamedata\textures\farcry4\water_splash_01.dds
gamedata\textures\farcry4\water_splash_02.dds
gamedata\textures\farcry4\water_splash_03.dds
gamedata\textures\farcry4\white_flare.dds
NEWFLDR|gamedata\textures\jdude\
gamedata\textures\jdude\BitsSparkOrange.DDS
gamedata\textures\jdude\Blood1.dds
gamedata\textures\jdude\Blood2.dds
gamedata\textures\jdude\BloodSquirt1.dds
gamedata\textures\jdude\BloodSquirt2.dds
gamedata\textures\jdude\BodyDustPuff1.dds
gamedata\textures\jdude\BodyPuff1.dds
gamedata\textures\jdude\BodyPuff2.dds
gamedata\textures\jdude\candle.dds
gamedata\textures\jdude\Explo1.dds
gamedata\textures\jdude\Gauss1.dds
gamedata\textures\jdude\Gauss2.dds
gamedata\textures\jdude\gaussspark1.DDS
gamedata\textures\jdude\GraviBlast1.dds
gamedata\textures\jdude\GraviBlast2.dds
gamedata\textures\jdude\GraviBlast3.dds
gamedata\textures\jdude\MetalBurst2.dds
gamedata\textures\jdude\Sheet1.dds
gamedata\textures\jdude\Sheet2.dds
gamedata\textures\jdude\Sheet3.dds
gamedata\textures\jdude\Sparks1.dds
gamedata\textures\jdude\Sparks2.dds
gamedata\textures\jdude\VortexStatic1.dds
NEWFLDR|gamedata\textures\jdude\newblood\
gamedata\textures\jdude\newblood\BloodBurst01_var5.dds
gamedata\textures\jdude\newblood\BloodBurst03_var5.dds
gamedata\textures\jdude\newblood\BloodBurst03_var6.dds
gamedata\textures\jdude\newblood\BloodBurst04_var1.dds
gamedata\textures\jdude\newblood\BloodBurst06_var4.dds
gamedata\textures\jdude\newblood\BloodBurst06_var8.dds
gamedata\textures\jdude\newblood\BloodBurst07_var4.dds
gamedata\textures\jdude\newblood\pbr_blood_00.dds
gamedata\textures\jdude\newblood\pbr_blood_01.dds
NEWFLDR|gamedata\textures\jdude\newpuffs\
gamedata\textures\jdude\newpuffs\Puff01.dds
gamedata\textures\jdude\newpuffs\Puff01_blur.dds
gamedata\textures\jdude\newpuffs\Puff02.dds
gamedata\textures\jdude\newpuffs\Puff03.dds
NEWFLDR|gamedata\textures\unrealengine\
gamedata\textures\unrealengine\bonefire2.dds
gamedata\textures\unrealengine\ElectricBlast1.dds
gamedata\textures\unrealengine\ElectricBlast1_red.dds
gamedata\textures\unrealengine\ElectricBlast2.dds
gamedata\textures\unrealengine\ElectricBlast2_red.dds
gamedata\textures\unrealengine\ElectricBlast3.dds
gamedata\textures\unrealengine\ElectricBlast3_red.dds
gamedata\textures\unrealengine\firey_smoke_01_E.dds
gamedata\textures\unrealengine\GenericPuff.dds
gamedata\textures\unrealengine\lensflaregauss.dds
gamedata\textures\unrealengine\lensflarered.dds
gamedata\textures\unrealengine\MuzzleCloudsAtlas.dds
gamedata\textures\unrealengine\MuzzleCloudsAtlas2.dds
gamedata\textures\unrealengine\MuzzleCloudsAtlas3.dds
gamedata\textures\unrealengine\MuzzleCloudsAtlas4.dds
gamedata\textures\unrealengine\Muzzleflash1.dds
gamedata\textures\unrealengine\Muzzleflash_Ember.dds
gamedata\textures\unrealengine\Muzzleflash_Ember2.dds
gamedata\textures\unrealengine\Muzzleflash_Ember3.dds
gamedata\textures\unrealengine\Muzzleflash_Ember4.dds
gamedata\textures\unrealengine\Muzzleflash_Fire.dds
gamedata\textures\unrealengine\Muzzleflash_Smoke.dds
gamedata\textures\unrealengine\PuffColorSplash.dds
gamedata\textures\unrealengine\puffcolorsplashflicker.dds
