NEWFLDR|gamedata\configs\items\settings\npc_loadouts\
gamedata\configs\items\settings\npc_loadouts\extras.ltx
gamedata\configs\items\settings\npc_loadouts\npc_loadouts.ltx
NEWFLDR|gamedata\configs\items\settings\npc_loadouts\army\
gamedata\configs\items\settings\npc_loadouts\army\loadout_army_t1.ltx
gamedata\configs\items\settings\npc_loadouts\army\loadout_army_t2.ltx
gamedata\configs\items\settings\npc_loadouts\army\loadout_army_t3.ltx
gamedata\configs\items\settings\npc_loadouts\army\loadout_army_t4.ltx
gamedata\configs\items\settings\npc_loadouts\army\loadout_army_t5.ltx
gamedata\configs\items\settings\npc_loadouts\army\loadout_army_t6.ltx
gamedata\configs\items\settings\npc_loadouts\army\loadout_army_t7.ltx
gamedata\configs\items\settings\npc_loadouts\army\loadout_army_t8.ltx
gamedata\configs\items\settings\npc_loadouts\army\rank_loadout_defs_army.ltx
NEWFLDR|gamedata\configs\items\settings\npc_loadouts\army\modsupport\
gamedata\configs\items\settings\npc_loadouts\army\modsupport\loadout_additions_t1.ltx
gamedata\configs\items\settings\npc_loadouts\army\modsupport\loadout_additions_t2.ltx
gamedata\configs\items\settings\npc_loadouts\army\modsupport\loadout_additions_t3.ltx
gamedata\configs\items\settings\npc_loadouts\army\modsupport\loadout_additions_t4.ltx
gamedata\configs\items\settings\npc_loadouts\army\modsupport\loadout_additions_t5.ltx
gamedata\configs\items\settings\npc_loadouts\army\modsupport\loadout_additions_t6.ltx
gamedata\configs\items\settings\npc_loadouts\army\modsupport\loadout_additions_t7.ltx
gamedata\configs\items\settings\npc_loadouts\army\modsupport\loadout_additions_t8.ltx
NEWFLDR|gamedata\configs\items\settings\npc_loadouts\bandit\
gamedata\configs\items\settings\npc_loadouts\bandit\loadout_bandit_t1.ltx
gamedata\configs\items\settings\npc_loadouts\bandit\loadout_bandit_t2.ltx
gamedata\configs\items\settings\npc_loadouts\bandit\loadout_bandit_t3.ltx
gamedata\configs\items\settings\npc_loadouts\bandit\loadout_bandit_t4.ltx
gamedata\configs\items\settings\npc_loadouts\bandit\loadout_bandit_t5.ltx
gamedata\configs\items\settings\npc_loadouts\bandit\loadout_bandit_t6.ltx
gamedata\configs\items\settings\npc_loadouts\bandit\loadout_bandit_t7.ltx
gamedata\configs\items\settings\npc_loadouts\bandit\loadout_bandit_t8.ltx
gamedata\configs\items\settings\npc_loadouts\bandit\rank_loadout_defs_bandit.ltx
NEWFLDR|gamedata\configs\items\settings\npc_loadouts\bandit\modsupport\
gamedata\configs\items\settings\npc_loadouts\bandit\modsupport\loadout_additions_t1.ltx
gamedata\configs\items\settings\npc_loadouts\bandit\modsupport\loadout_additions_t2.ltx
gamedata\configs\items\settings\npc_loadouts\bandit\modsupport\loadout_additions_t3.ltx
gamedata\configs\items\settings\npc_loadouts\bandit\modsupport\loadout_additions_t4.ltx
gamedata\configs\items\settings\npc_loadouts\bandit\modsupport\loadout_additions_t5.ltx
gamedata\configs\items\settings\npc_loadouts\bandit\modsupport\loadout_additions_t6.ltx
gamedata\configs\items\settings\npc_loadouts\bandit\modsupport\loadout_additions_t7.ltx
gamedata\configs\items\settings\npc_loadouts\bandit\modsupport\loadout_additions_t8.ltx
NEWFLDR|gamedata\configs\items\settings\npc_loadouts\csky\
gamedata\configs\items\settings\npc_loadouts\csky\loadout_csky_t1.ltx
gamedata\configs\items\settings\npc_loadouts\csky\loadout_csky_t2.ltx
gamedata\configs\items\settings\npc_loadouts\csky\loadout_csky_t3.ltx
gamedata\configs\items\settings\npc_loadouts\csky\loadout_csky_t4.ltx
gamedata\configs\items\settings\npc_loadouts\csky\loadout_csky_t5.ltx
gamedata\configs\items\settings\npc_loadouts\csky\loadout_csky_t6.ltx
gamedata\configs\items\settings\npc_loadouts\csky\loadout_csky_t7.ltx
gamedata\configs\items\settings\npc_loadouts\csky\loadout_csky_t8.ltx
gamedata\configs\items\settings\npc_loadouts\csky\rank_loadout_defs_csky.ltx
NEWFLDR|gamedata\configs\items\settings\npc_loadouts\csky\modsupport\
gamedata\configs\items\settings\npc_loadouts\csky\modsupport\loadout_additions_t1.ltx
gamedata\configs\items\settings\npc_loadouts\csky\modsupport\loadout_additions_t2.ltx
gamedata\configs\items\settings\npc_loadouts\csky\modsupport\loadout_additions_t3.ltx
gamedata\configs\items\settings\npc_loadouts\csky\modsupport\loadout_additions_t4.ltx
gamedata\configs\items\settings\npc_loadouts\csky\modsupport\loadout_additions_t5.ltx
gamedata\configs\items\settings\npc_loadouts\csky\modsupport\loadout_additions_t6.ltx
gamedata\configs\items\settings\npc_loadouts\csky\modsupport\loadout_additions_t7.ltx
gamedata\configs\items\settings\npc_loadouts\csky\modsupport\loadout_additions_t8.ltx
NEWFLDR|gamedata\configs\items\settings\npc_loadouts\dolg\
gamedata\configs\items\settings\npc_loadouts\dolg\loadout_dolg_t1.ltx
gamedata\configs\items\settings\npc_loadouts\dolg\loadout_dolg_t2.ltx
gamedata\configs\items\settings\npc_loadouts\dolg\loadout_dolg_t3.ltx
gamedata\configs\items\settings\npc_loadouts\dolg\loadout_dolg_t4.ltx
gamedata\configs\items\settings\npc_loadouts\dolg\loadout_dolg_t5.ltx
gamedata\configs\items\settings\npc_loadouts\dolg\loadout_dolg_t6.ltx
gamedata\configs\items\settings\npc_loadouts\dolg\loadout_dolg_t7.ltx
gamedata\configs\items\settings\npc_loadouts\dolg\loadout_dolg_t8.ltx
gamedata\configs\items\settings\npc_loadouts\dolg\rank_loadout_defs_dolg.ltx
NEWFLDR|gamedata\configs\items\settings\npc_loadouts\dolg\modsupport\
gamedata\configs\items\settings\npc_loadouts\dolg\modsupport\loadout_additions_t1.ltx
gamedata\configs\items\settings\npc_loadouts\dolg\modsupport\loadout_additions_t2.ltx
gamedata\configs\items\settings\npc_loadouts\dolg\modsupport\loadout_additions_t3.ltx
gamedata\configs\items\settings\npc_loadouts\dolg\modsupport\loadout_additions_t4.ltx
gamedata\configs\items\settings\npc_loadouts\dolg\modsupport\loadout_additions_t5.ltx
gamedata\configs\items\settings\npc_loadouts\dolg\modsupport\loadout_additions_t6.ltx
gamedata\configs\items\settings\npc_loadouts\dolg\modsupport\loadout_additions_t7.ltx
gamedata\configs\items\settings\npc_loadouts\dolg\modsupport\loadout_additions_t8.ltx
NEWFLDR|gamedata\configs\items\settings\npc_loadouts\ecolog\
gamedata\configs\items\settings\npc_loadouts\ecolog\loadout_ecolog_default_sections.ltx
gamedata\configs\items\settings\npc_loadouts\ecolog\loadout_ecolog_t1.ltx
gamedata\configs\items\settings\npc_loadouts\ecolog\loadout_ecolog_t2.ltx
gamedata\configs\items\settings\npc_loadouts\ecolog\loadout_ecolog_t3.ltx
gamedata\configs\items\settings\npc_loadouts\ecolog\loadout_ecolog_t4.ltx
gamedata\configs\items\settings\npc_loadouts\ecolog\loadout_ecolog_t5.ltx
gamedata\configs\items\settings\npc_loadouts\ecolog\loadout_ecolog_t6.ltx
gamedata\configs\items\settings\npc_loadouts\ecolog\loadout_ecolog_t7.ltx
gamedata\configs\items\settings\npc_loadouts\ecolog\loadout_ecolog_t8.ltx
gamedata\configs\items\settings\npc_loadouts\ecolog\rank_loadout_defs_ecolog.ltx
NEWFLDR|gamedata\configs\items\settings\npc_loadouts\ecolog\modsupport\
gamedata\configs\items\settings\npc_loadouts\ecolog\modsupport\loadout_additions_t1.ltx
gamedata\configs\items\settings\npc_loadouts\ecolog\modsupport\loadout_additions_t2.ltx
gamedata\configs\items\settings\npc_loadouts\ecolog\modsupport\loadout_additions_t3.ltx
gamedata\configs\items\settings\npc_loadouts\ecolog\modsupport\loadout_additions_t4.ltx
gamedata\configs\items\settings\npc_loadouts\ecolog\modsupport\loadout_additions_t5.ltx
gamedata\configs\items\settings\npc_loadouts\ecolog\modsupport\loadout_additions_t6.ltx
gamedata\configs\items\settings\npc_loadouts\ecolog\modsupport\loadout_additions_t7.ltx
gamedata\configs\items\settings\npc_loadouts\ecolog\modsupport\loadout_additions_t8.ltx
NEWFLDR|gamedata\configs\items\settings\npc_loadouts\freedom\
gamedata\configs\items\settings\npc_loadouts\freedom\loadout_freedom_t1.ltx
gamedata\configs\items\settings\npc_loadouts\freedom\loadout_freedom_t2.ltx
gamedata\configs\items\settings\npc_loadouts\freedom\loadout_freedom_t3.ltx
gamedata\configs\items\settings\npc_loadouts\freedom\loadout_freedom_t4.ltx
gamedata\configs\items\settings\npc_loadouts\freedom\loadout_freedom_t5.ltx
gamedata\configs\items\settings\npc_loadouts\freedom\loadout_freedom_t6.ltx
gamedata\configs\items\settings\npc_loadouts\freedom\loadout_freedom_t7.ltx
gamedata\configs\items\settings\npc_loadouts\freedom\loadout_freedom_t8.ltx
gamedata\configs\items\settings\npc_loadouts\freedom\rank_loadout_defs_freedom.ltx
NEWFLDR|gamedata\configs\items\settings\npc_loadouts\freedom\modsupport\
gamedata\configs\items\settings\npc_loadouts\freedom\modsupport\loadout_additions_t1.ltx
gamedata\configs\items\settings\npc_loadouts\freedom\modsupport\loadout_additions_t2.ltx
gamedata\configs\items\settings\npc_loadouts\freedom\modsupport\loadout_additions_t3.ltx
gamedata\configs\items\settings\npc_loadouts\freedom\modsupport\loadout_additions_t4.ltx
gamedata\configs\items\settings\npc_loadouts\freedom\modsupport\loadout_additions_t5.ltx
gamedata\configs\items\settings\npc_loadouts\freedom\modsupport\loadout_additions_t6.ltx
gamedata\configs\items\settings\npc_loadouts\freedom\modsupport\loadout_additions_t7.ltx
gamedata\configs\items\settings\npc_loadouts\freedom\modsupport\loadout_additions_t8.ltx
NEWFLDR|gamedata\configs\items\settings\npc_loadouts\greh\
gamedata\configs\items\settings\npc_loadouts\greh\loadout_greh_t1.ltx
gamedata\configs\items\settings\npc_loadouts\greh\loadout_greh_t2.ltx
gamedata\configs\items\settings\npc_loadouts\greh\loadout_greh_t3.ltx
gamedata\configs\items\settings\npc_loadouts\greh\loadout_greh_t4.ltx
gamedata\configs\items\settings\npc_loadouts\greh\loadout_greh_t5.ltx
gamedata\configs\items\settings\npc_loadouts\greh\loadout_greh_t6.ltx
gamedata\configs\items\settings\npc_loadouts\greh\loadout_greh_t7.ltx
gamedata\configs\items\settings\npc_loadouts\greh\loadout_greh_t8.ltx
gamedata\configs\items\settings\npc_loadouts\greh\rank_loadout_defs_greh.ltx
NEWFLDR|gamedata\configs\items\settings\npc_loadouts\greh\modsupport\
gamedata\configs\items\settings\npc_loadouts\greh\modsupport\loadout_additions_t1.ltx
gamedata\configs\items\settings\npc_loadouts\greh\modsupport\loadout_additions_t2.ltx
gamedata\configs\items\settings\npc_loadouts\greh\modsupport\loadout_additions_t3.ltx
gamedata\configs\items\settings\npc_loadouts\greh\modsupport\loadout_additions_t4.ltx
gamedata\configs\items\settings\npc_loadouts\greh\modsupport\loadout_additions_t5.ltx
gamedata\configs\items\settings\npc_loadouts\greh\modsupport\loadout_additions_t6.ltx
gamedata\configs\items\settings\npc_loadouts\greh\modsupport\loadout_additions_t7.ltx
gamedata\configs\items\settings\npc_loadouts\greh\modsupport\loadout_additions_t8.ltx
NEWFLDR|gamedata\configs\items\settings\npc_loadouts\isg\
gamedata\configs\items\settings\npc_loadouts\isg\loadout_isg_default_sections.ltx
gamedata\configs\items\settings\npc_loadouts\isg\loadout_isg_t1.ltx
gamedata\configs\items\settings\npc_loadouts\isg\loadout_isg_t2.ltx
gamedata\configs\items\settings\npc_loadouts\isg\loadout_isg_t3.ltx
gamedata\configs\items\settings\npc_loadouts\isg\loadout_isg_t4.ltx
gamedata\configs\items\settings\npc_loadouts\isg\loadout_isg_t5.ltx
gamedata\configs\items\settings\npc_loadouts\isg\loadout_isg_t6.ltx
gamedata\configs\items\settings\npc_loadouts\isg\loadout_isg_t7.ltx
gamedata\configs\items\settings\npc_loadouts\isg\loadout_isg_t8.ltx
gamedata\configs\items\settings\npc_loadouts\isg\rank_loadout_defs_isg.ltx
NEWFLDR|gamedata\configs\items\settings\npc_loadouts\isg\modsupport\
gamedata\configs\items\settings\npc_loadouts\isg\modsupport\loadout_additions_t1.ltx
gamedata\configs\items\settings\npc_loadouts\isg\modsupport\loadout_additions_t2.ltx
gamedata\configs\items\settings\npc_loadouts\isg\modsupport\loadout_additions_t3.ltx
gamedata\configs\items\settings\npc_loadouts\isg\modsupport\loadout_additions_t4.ltx
gamedata\configs\items\settings\npc_loadouts\isg\modsupport\loadout_additions_t5.ltx
gamedata\configs\items\settings\npc_loadouts\isg\modsupport\loadout_additions_t6.ltx
gamedata\configs\items\settings\npc_loadouts\isg\modsupport\loadout_additions_t7.ltx
gamedata\configs\items\settings\npc_loadouts\isg\modsupport\loadout_additions_t8.ltx
NEWFLDR|gamedata\configs\items\settings\npc_loadouts\killer\
gamedata\configs\items\settings\npc_loadouts\killer\loadout_killer_default_sections.ltx
gamedata\configs\items\settings\npc_loadouts\killer\loadout_killer_t1.ltx
gamedata\configs\items\settings\npc_loadouts\killer\loadout_killer_t2.ltx
gamedata\configs\items\settings\npc_loadouts\killer\loadout_killer_t3.ltx
gamedata\configs\items\settings\npc_loadouts\killer\loadout_killer_t4.ltx
gamedata\configs\items\settings\npc_loadouts\killer\loadout_killer_t5.ltx
gamedata\configs\items\settings\npc_loadouts\killer\loadout_killer_t6.ltx
gamedata\configs\items\settings\npc_loadouts\killer\loadout_killer_t7.ltx
gamedata\configs\items\settings\npc_loadouts\killer\loadout_killer_t8.ltx
gamedata\configs\items\settings\npc_loadouts\killer\rank_loadout_defs_killer.ltx
NEWFLDR|gamedata\configs\items\settings\npc_loadouts\killer\modsupport\
gamedata\configs\items\settings\npc_loadouts\killer\modsupport\loadout_additions_t1.ltx
gamedata\configs\items\settings\npc_loadouts\killer\modsupport\loadout_additions_t2.ltx
gamedata\configs\items\settings\npc_loadouts\killer\modsupport\loadout_additions_t3.ltx
gamedata\configs\items\settings\npc_loadouts\killer\modsupport\loadout_additions_t4.ltx
gamedata\configs\items\settings\npc_loadouts\killer\modsupport\loadout_additions_t5.ltx
gamedata\configs\items\settings\npc_loadouts\killer\modsupport\loadout_additions_t6.ltx
gamedata\configs\items\settings\npc_loadouts\killer\modsupport\loadout_additions_t7.ltx
gamedata\configs\items\settings\npc_loadouts\killer\modsupport\loadout_additions_t8.ltx
NEWFLDR|gamedata\configs\items\settings\npc_loadouts\monolith\
gamedata\configs\items\settings\npc_loadouts\monolith\loadout_monolith_t1.ltx
gamedata\configs\items\settings\npc_loadouts\monolith\loadout_monolith_t2.ltx
gamedata\configs\items\settings\npc_loadouts\monolith\loadout_monolith_t3.ltx
gamedata\configs\items\settings\npc_loadouts\monolith\loadout_monolith_t4.ltx
gamedata\configs\items\settings\npc_loadouts\monolith\loadout_monolith_t5.ltx
gamedata\configs\items\settings\npc_loadouts\monolith\loadout_monolith_t6.ltx
gamedata\configs\items\settings\npc_loadouts\monolith\loadout_monolith_t7.ltx
gamedata\configs\items\settings\npc_loadouts\monolith\loadout_monolith_t8.ltx
gamedata\configs\items\settings\npc_loadouts\monolith\rank_loadout_defs_monolith.ltx
NEWFLDR|gamedata\configs\items\settings\npc_loadouts\monolith\modsupport\
gamedata\configs\items\settings\npc_loadouts\monolith\modsupport\loadout_additions_t1.ltx
gamedata\configs\items\settings\npc_loadouts\monolith\modsupport\loadout_additions_t2.ltx
gamedata\configs\items\settings\npc_loadouts\monolith\modsupport\loadout_additions_t3.ltx
gamedata\configs\items\settings\npc_loadouts\monolith\modsupport\loadout_additions_t4.ltx
gamedata\configs\items\settings\npc_loadouts\monolith\modsupport\loadout_additions_t5.ltx
gamedata\configs\items\settings\npc_loadouts\monolith\modsupport\loadout_additions_t6.ltx
gamedata\configs\items\settings\npc_loadouts\monolith\modsupport\loadout_additions_t7.ltx
gamedata\configs\items\settings\npc_loadouts\monolith\modsupport\loadout_additions_t8.ltx
NEWFLDR|gamedata\configs\items\settings\npc_loadouts\renegade\
gamedata\configs\items\settings\npc_loadouts\renegade\loadout_renegade_t1.ltx
gamedata\configs\items\settings\npc_loadouts\renegade\loadout_renegade_t2.ltx
gamedata\configs\items\settings\npc_loadouts\renegade\loadout_renegade_t3.ltx
gamedata\configs\items\settings\npc_loadouts\renegade\loadout_renegade_t4.ltx
gamedata\configs\items\settings\npc_loadouts\renegade\loadout_renegade_t5.ltx
gamedata\configs\items\settings\npc_loadouts\renegade\loadout_renegade_t6.ltx
gamedata\configs\items\settings\npc_loadouts\renegade\loadout_renegade_t7.ltx
gamedata\configs\items\settings\npc_loadouts\renegade\loadout_renegade_t8.ltx
gamedata\configs\items\settings\npc_loadouts\renegade\rank_loadout_defs_renegade.ltx
NEWFLDR|gamedata\configs\items\settings\npc_loadouts\renegade\modsupport\
gamedata\configs\items\settings\npc_loadouts\renegade\modsupport\loadout_additions_t1.ltx
gamedata\configs\items\settings\npc_loadouts\renegade\modsupport\loadout_additions_t2.ltx
gamedata\configs\items\settings\npc_loadouts\renegade\modsupport\loadout_additions_t3.ltx
gamedata\configs\items\settings\npc_loadouts\renegade\modsupport\loadout_additions_t4.ltx
gamedata\configs\items\settings\npc_loadouts\renegade\modsupport\loadout_additions_t5.ltx
gamedata\configs\items\settings\npc_loadouts\renegade\modsupport\loadout_additions_t6.ltx
gamedata\configs\items\settings\npc_loadouts\renegade\modsupport\loadout_additions_t7.ltx
gamedata\configs\items\settings\npc_loadouts\renegade\modsupport\loadout_additions_t8.ltx
NEWFLDR|gamedata\configs\items\settings\npc_loadouts\stalker\
gamedata\configs\items\settings\npc_loadouts\stalker\loadout_stalker_default_sections.ltx
gamedata\configs\items\settings\npc_loadouts\stalker\loadout_stalker_t1.ltx
gamedata\configs\items\settings\npc_loadouts\stalker\loadout_stalker_t2.ltx
gamedata\configs\items\settings\npc_loadouts\stalker\loadout_stalker_t3.ltx
gamedata\configs\items\settings\npc_loadouts\stalker\loadout_stalker_t4.ltx
gamedata\configs\items\settings\npc_loadouts\stalker\loadout_stalker_t5.ltx
gamedata\configs\items\settings\npc_loadouts\stalker\loadout_stalker_t6.ltx
gamedata\configs\items\settings\npc_loadouts\stalker\loadout_stalker_t7.ltx
gamedata\configs\items\settings\npc_loadouts\stalker\loadout_stalker_t8.ltx
gamedata\configs\items\settings\npc_loadouts\stalker\rank_loadout_defs_stalker.ltx
NEWFLDR|gamedata\configs\items\settings\npc_loadouts\stalker\modsupport\
gamedata\configs\items\settings\npc_loadouts\stalker\modsupport\loadout_additions_t1.ltx
gamedata\configs\items\settings\npc_loadouts\stalker\modsupport\loadout_additions_t2.ltx
gamedata\configs\items\settings\npc_loadouts\stalker\modsupport\loadout_additions_t3.ltx
gamedata\configs\items\settings\npc_loadouts\stalker\modsupport\loadout_additions_t4.ltx
gamedata\configs\items\settings\npc_loadouts\stalker\modsupport\loadout_additions_t5.ltx
gamedata\configs\items\settings\npc_loadouts\stalker\modsupport\loadout_additions_t6.ltx
gamedata\configs\items\settings\npc_loadouts\stalker\modsupport\loadout_additions_t7.ltx
gamedata\configs\items\settings\npc_loadouts\stalker\modsupport\loadout_additions_t8.ltx
NEWFLDR|gamedata\configs\items\settings\npc_loadouts\zombied\
gamedata\configs\items\settings\npc_loadouts\zombied\loadout_zombied_t1.ltx
gamedata\configs\items\settings\npc_loadouts\zombied\loadout_zombied_t2.ltx
gamedata\configs\items\settings\npc_loadouts\zombied\loadout_zombied_t3.ltx
gamedata\configs\items\settings\npc_loadouts\zombied\loadout_zombied_t4.ltx
gamedata\configs\items\settings\npc_loadouts\zombied\loadout_zombied_t5.ltx
gamedata\configs\items\settings\npc_loadouts\zombied\loadout_zombied_t6.ltx
gamedata\configs\items\settings\npc_loadouts\zombied\loadout_zombied_t7.ltx
gamedata\configs\items\settings\npc_loadouts\zombied\loadout_zombied_t8.ltx
gamedata\configs\items\settings\npc_loadouts\zombied\rank_loadout_defs_zombied.ltx
NEWFLDR|gamedata\configs\items\settings\npc_loadouts\zombied\modsupport\
gamedata\configs\items\settings\npc_loadouts\zombied\modsupport\loadout_additions_t1.ltx
gamedata\configs\items\settings\npc_loadouts\zombied\modsupport\loadout_additions_t2.ltx
gamedata\configs\items\settings\npc_loadouts\zombied\modsupport\loadout_additions_t3.ltx
gamedata\configs\items\settings\npc_loadouts\zombied\modsupport\loadout_additions_t4.ltx
gamedata\configs\items\settings\npc_loadouts\zombied\modsupport\loadout_additions_t5.ltx
gamedata\configs\items\settings\npc_loadouts\zombied\modsupport\loadout_additions_t6.ltx
gamedata\configs\items\settings\npc_loadouts\zombied\modsupport\loadout_additions_t7.ltx
gamedata\configs\items\settings\npc_loadouts\zombied\modsupport\loadout_additions_t8.ltx
