gamedata\configs\items\weapons\base.ltx
NEWFLDR|gamedata\sounds\material\bullet\
NEWFLDR|gamedata\sounds\material\bullet\collide\
gamedata\sounds\material\bullet\collide\bullet_hit_1.ogg
gamedata\sounds\material\bullet\collide\bullet_hit_2.ogg
gamedata\sounds\material\bullet\collide\bullet_hit_3.ogg
gamedata\sounds\material\bullet\collide\bullet_hit_4.ogg
gamedata\sounds\material\bullet\collide\concrete01gr.ogg
gamedata\sounds\material\bullet\collide\default01gr.ogg
gamedata\sounds\material\bullet\collide\default02gr.ogg
gamedata\sounds\material\bullet\collide\default03gr.ogg
gamedata\sounds\material\bullet\collide\default04gr.ogg
gamedata\sounds\material\bullet\collide\dirt01gr.ogg
gamedata\sounds\material\bullet\collide\dirt02gr.ogg
gamedata\sounds\material\bullet\collide\dirt03gr.ogg
gamedata\sounds\material\bullet\collide\dirt04gr.ogg
gamedata\sounds\material\bullet\collide\glas01hl.ogg
gamedata\sounds\material\bullet\collide\glass01hl.ogg
gamedata\sounds\material\bullet\collide\glass02hl.ogg
gamedata\sounds\material\bullet\collide\glass03hl.ogg
gamedata\sounds\material\bullet\collide\glass04hl.ogg
gamedata\sounds\material\bullet\collide\metal01gr.ogg
gamedata\sounds\material\bullet\collide\metal02gr.ogg
gamedata\sounds\material\bullet\collide\metal03gr.ogg
gamedata\sounds\material\bullet\collide\metal04gr.ogg
gamedata\sounds\material\bullet\collide\metal05gr.ogg
gamedata\sounds\material\bullet\collide\metall01gr.ogg
gamedata\sounds\material\bullet\collide\metall02gr.ogg
gamedata\sounds\material\bullet\collide\metall03gr.ogg
gamedata\sounds\material\bullet\collide\metall04gr.ogg
gamedata\sounds\material\bullet\collide\metall05gr.ogg
gamedata\sounds\material\bullet\collide\sand01gr.ogg
gamedata\sounds\material\bullet\collide\sand02gr.ogg
gamedata\sounds\material\bullet\collide\sand03gr.ogg
gamedata\sounds\material\bullet\collide\tree01gr.ogg
gamedata\sounds\material\bullet\collide\water01gr.ogg
gamedata\sounds\material\bullet\collide\wood01gr.ogg
gamedata\sounds\material\bullet\collide\wood02gr.ogg
gamedata\sounds\material\bullet\collide\wood03gr.ogg
gamedata\sounds\material\bullet\collide\wood04gr.ogg
NEWFLDR|gamedata\sounds\material\glass\
gamedata\sounds\material\glass\glass_fall01hl.ogg
gamedata\sounds\material\glass\glass_fall02hl.ogg
gamedata\sounds\material\glass\glass_fall03hl.ogg
gamedata\sounds\material\glass\glass_fall04hl.ogg
